[ 2017-12-17T15:30:24+08:00 ] 127.0.0.1 /index.php/admin
INFO: [ app_init ] --START--
INFO: Run Behavior\BuildLiteBehavior [ RunTime:0.000042s ]
INFO: [ app_init ] --END-- [ RunTime:0.000930s ]
INFO: [ app_begin ] --START--
INFO: Run Behavior\ReadHtmlCacheBehavior [ RunTime:0.001217s ]
INFO: [ app_begin ] --END-- [ RunTime:0.001566s ]

[ 2017-12-17T15:30:24+08:00 ] 127.0.0.1 /index.php/Admin/Login/login.html
INFO: [ app_init ] --START--
INFO: Run Behavior\BuildLiteBehavior [ RunTime:0.000037s ]
INFO: [ app_init ] --END-- [ RunTime:0.000809s ]
INFO: [ app_begin ] --START--
INFO: Run Behavior\ReadHtmlCacheBehavior [ RunTime:0.000658s ]
INFO: [ app_begin ] --END-- [ RunTime:0.000823s ]
INFO: [ view_parse ] --START--
INFO: [ template_filter ] --START--
INFO: Run Behavior\ContentReplaceBehavior [ RunTime:0.000121s ]
INFO: [ template_filter ] --END-- [ RunTime:0.000304s ]
INFO: Run Behavior\ParseTemplateBehavior [ RunTime:0.012619s ]
INFO: [ view_parse ] --END-- [ RunTime:0.012814s ]
INFO: [ view_filter ] --START--
INFO: Run Behavior\WriteHtmlCacheBehavior [ RunTime:0.000647s ]
INFO: Run Behavior\TokenBuildBehavior [ RunTime:0.000990s ]
INFO: [ view_filter ] --END-- [ RunTime:0.001897s ]
INFO: [ app_end ] --START--
INFO: Run Behavior\ShowPageTraceBehavior [ RunTime:0.001235s ]
INFO: [ app_end ] --END-- [ RunTime:0.001421s ]

[ 2017-12-17T15:30:25+08:00 ] 127.0.0.1 /index.php/Admin/Login/verfity.html
INFO: [ app_init ] --START--
INFO: Run Behavior\BuildLiteBehavior [ RunTime:0.000143s ]
INFO: [ app_init ] --END-- [ RunTime:0.000844s ]
INFO: [ app_begin ] --START--
INFO: Run Behavior\ReadHtmlCacheBehavior [ RunTime:0.000932s ]
INFO: [ app_begin ] --END-- [ RunTime:0.001113s ]
INFO: [ app_end ] --START--
INFO: Run Behavior\ShowPageTraceBehavior [ RunTime:0.000983s ]
INFO: [ app_end ] --END-- [ RunTime:0.001177s ]

[ 2017-12-17T15:30:37+08:00 ] 127.0.0.1 /index.php/Admin/Login/runlogin.html
INFO: [ app_init ] --START--
INFO: Run Behavior\BuildLiteBehavior [ RunTime:0.000038s ]
INFO: [ app_init ] --END-- [ RunTime:0.000667s ]
INFO: [ app_begin ] --START--
INFO: Run Behavior\ReadHtmlCacheBehavior [ RunTime:0.000749s ]
INFO: [ app_begin ] --END-- [ RunTime:0.000886s ]
NOTIC: [8] Undefined offset: 0 D:\newsoft\wamp\www\s2d4op5jtn\meiye\ThinkPHP\Library\Think\Db\Driver.class.php 第 113 行.
NOTIC: [8] Undefined offset: 0 D:\newsoft\wamp\www\s2d4op5jtn\meiye\ThinkPHP\Library\Think\Db\Driver.class.php 第 113 行.
NOTIC: [8] Undefined offset: 0 D:\newsoft\wamp\www\s2d4op5jtn\meiye\ThinkPHP\Library\Think\Db\Driver.class.php 第 113 行.

[ 2017-12-17T15:30:39+08:00 ] 127.0.0.1 /index.php/Admin/Login/login.html
INFO: [ app_init ] --START--
INFO: Run Behavior\BuildLiteBehavior [ RunTime:0.000044s ]
INFO: [ app_init ] --END-- [ RunTime:0.000910s ]
INFO: [ app_begin ] --START--
INFO: Run Behavior\ReadHtmlCacheBehavior [ RunTime:0.001069s ]
INFO: [ app_begin ] --END-- [ RunTime:0.001278s ]
INFO: [ view_parse ] --START--
INFO: [ template_filter ] --START--
INFO: Run Behavior\ContentReplaceBehavior [ RunTime:0.000126s ]
INFO: [ template_filter ] --END-- [ RunTime:0.000344s ]
INFO: Run Behavior\ParseTemplateBehavior [ RunTime:0.014341s ]
INFO: [ view_parse ] --END-- [ RunTime:0.014531s ]
INFO: [ view_filter ] --START--
INFO: Run Behavior\WriteHtmlCacheBehavior [ RunTime:0.001359s ]
INFO: Run Behavior\TokenBuildBehavior [ RunTime:0.001422s ]
INFO: [ view_filter ] --END-- [ RunTime:0.003088s ]
INFO: [ app_end ] --START--
INFO: Run Behavior\ShowPageTraceBehavior [ RunTime:0.001261s ]
INFO: [ app_end ] --END-- [ RunTime:0.001490s ]

[ 2017-12-17T15:30:39+08:00 ] 127.0.0.1 /index.php/Admin/Login/verfity.html
INFO: [ app_init ] --START--
INFO: Run Behavior\BuildLiteBehavior [ RunTime:0.000049s ]
INFO: [ app_init ] --END-- [ RunTime:0.000963s ]
INFO: [ app_begin ] --START--
INFO: Run Behavior\ReadHtmlCacheBehavior [ RunTime:0.001006s ]
INFO: [ app_begin ] --END-- [ RunTime:0.001200s ]
INFO: [ app_end ] --START--
INFO: Run Behavior\ShowPageTraceBehavior [ RunTime:0.001471s ]
INFO: [ app_end ] --END-- [ RunTime:0.001688s ]

[ 2017-12-17T15:30:45+08:00 ] 127.0.0.1 /index.php/Admin/Login/runlogin.html
INFO: [ app_init ] --START--
INFO: Run Behavior\BuildLiteBehavior [ RunTime:0.000036s ]
INFO: [ app_init ] --END-- [ RunTime:0.000613s ]
INFO: [ app_begin ] --START--
INFO: Run Behavior\ReadHtmlCacheBehavior [ RunTime:0.000688s ]
INFO: [ app_begin ] --END-- [ RunTime:0.000817s ]
NOTIC: [8] Undefined offset: 0 D:\newsoft\wamp\www\s2d4op5jtn\meiye\ThinkPHP\Library\Think\Db\Driver.class.php 第 113 行.
NOTIC: [8] Undefined offset: 0 D:\newsoft\wamp\www\s2d4op5jtn\meiye\ThinkPHP\Library\Think\Db\Driver.class.php 第 113 行.
NOTIC: [8] Undefined offset: 0 D:\newsoft\wamp\www\s2d4op5jtn\meiye\ThinkPHP\Library\Think\Db\Driver.class.php 第 113 行.

[ 2017-12-17T15:30:47+08:00 ] 127.0.0.1 /index.php/Admin/Login/login.html
INFO: [ app_init ] --START--
INFO: Run Behavior\BuildLiteBehavior [ RunTime:0.000038s ]
INFO: [ app_init ] --END-- [ RunTime:0.000665s ]
INFO: [ app_begin ] --START--
INFO: Run Behavior\ReadHtmlCacheBehavior [ RunTime:0.000698s ]
INFO: [ app_begin ] --END-- [ RunTime:0.000869s ]
INFO: [ view_parse ] --START--
INFO: [ template_filter ] --START--
INFO: Run Behavior\ContentReplaceBehavior [ RunTime:0.000119s ]
INFO: [ template_filter ] --END-- [ RunTime:0.000299s ]
INFO: Run Behavior\ParseTemplateBehavior [ RunTime:0.012662s ]
INFO: [ view_parse ] --END-- [ RunTime:0.012855s ]
INFO: [ view_filter ] --START--
INFO: Run Behavior\WriteHtmlCacheBehavior [ RunTime:0.000822s ]
INFO: Run Behavior\TokenBuildBehavior [ RunTime:0.001048s ]
INFO: [ view_filter ] --END-- [ RunTime:0.002110s ]
INFO: [ app_end ] --START--
INFO: Run Behavior\ShowPageTraceBehavior [ RunTime:0.001065s ]
INFO: [ app_end ] --END-- [ RunTime:0.001265s ]

[ 2017-12-17T15:30:47+08:00 ] 127.0.0.1 /index.php/Admin/Login/verfity.html
INFO: [ app_init ] --START--
INFO: Run Behavior\BuildLiteBehavior [ RunTime:0.000036s ]
INFO: [ app_init ] --END-- [ RunTime:0.000693s ]
INFO: [ app_begin ] --START--
INFO: Run Behavior\ReadHtmlCacheBehavior [ RunTime:0.001017s ]
INFO: [ app_begin ] --END-- [ RunTime:0.001228s ]
INFO: [ app_end ] --START--
INFO: Run Behavior\ShowPageTraceBehavior [ RunTime:0.000982s ]
INFO: [ app_end ] --END-- [ RunTime:0.001177s ]

[ 2017-12-17T15:30:55+08:00 ] 127.0.0.1 /index.php/Admin/Login/login.html
INFO: [ app_init ] --START--
INFO: Run Behavior\BuildLiteBehavior [ RunTime:0.000047s ]
INFO: [ app_init ] --END-- [ RunTime:0.000674s ]
INFO: [ app_begin ] --START--
INFO: Run Behavior\ReadHtmlCacheBehavior [ RunTime:0.000822s ]
INFO: [ app_begin ] --END-- [ RunTime:0.001010s ]
INFO: [ view_parse ] --START--
INFO: [ template_filter ] --START--
INFO: Run Behavior\ContentReplaceBehavior [ RunTime:0.000124s ]
INFO: [ template_filter ] --END-- [ RunTime:0.000353s ]
INFO: Run Behavior\ParseTemplateBehavior [ RunTime:0.013655s ]
INFO: [ view_parse ] --END-- [ RunTime:0.013850s ]
INFO: [ view_filter ] --START--
INFO: Run Behavior\WriteHtmlCacheBehavior [ RunTime:0.000707s ]
INFO: Run Behavior\TokenBuildBehavior [ RunTime:0.001020s ]
INFO: [ view_filter ] --END-- [ RunTime:0.001968s ]
INFO: [ app_end ] --START--
INFO: Run Behavior\ShowPageTraceBehavior [ RunTime:0.000935s ]
INFO: [ app_end ] --END-- [ RunTime:0.001117s ]

[ 2017-12-17T15:30:55+08:00 ] 127.0.0.1 /index.php/Admin/Login/verfity.html
INFO: [ app_init ] --START--
INFO: Run Behavior\BuildLiteBehavior [ RunTime:0.000035s ]
INFO: [ app_init ] --END-- [ RunTime:0.000644s ]
INFO: [ app_begin ] --START--
INFO: Run Behavior\ReadHtmlCacheBehavior [ RunTime:0.001095s ]
INFO: [ app_begin ] --END-- [ RunTime:0.001314s ]
INFO: [ app_end ] --START--
INFO: Run Behavior\ShowPageTraceBehavior [ RunTime:0.001120s ]
INFO: [ app_end ] --END-- [ RunTime:0.001345s ]

[ 2017-12-17T15:30:56+08:00 ] 127.0.0.1 /index.php/Admin/Login/login.html
INFO: [ app_init ] --START--
INFO: Run Behavior\BuildLiteBehavior [ RunTime:0.000155s ]
INFO: [ app_init ] --END-- [ RunTime:0.000769s ]
INFO: [ app_begin ] --START--
INFO: Run Behavior\ReadHtmlCacheBehavior [ RunTime:0.000648s ]
INFO: [ app_begin ] --END-- [ RunTime:0.000812s ]
INFO: [ view_parse ] --START--
INFO: [ template_filter ] --START--
INFO: Run Behavior\ContentReplaceBehavior [ RunTime:0.000121s ]
INFO: [ template_filter ] --END-- [ RunTime:0.000293s ]
INFO: Run Behavior\ParseTemplateBehavior [ RunTime:0.011432s ]
INFO: [ view_parse ] --END-- [ RunTime:0.011605s ]
INFO: [ view_filter ] --START--
INFO: Run Behavior\WriteHtmlCacheBehavior [ RunTime:0.000642s ]
INFO: Run Behavior\TokenBuildBehavior [ RunTime:0.000994s ]
INFO: [ view_filter ] --END-- [ RunTime:0.001876s ]
INFO: [ app_end ] --START--
INFO: Run Behavior\ShowPageTraceBehavior [ RunTime:0.000858s ]
INFO: [ app_end ] --END-- [ RunTime:0.001026s ]

[ 2017-12-17T15:30:57+08:00 ] 127.0.0.1 /index.php/Admin/Login/verfity.html
INFO: [ app_init ] --START--
INFO: Run Behavior\BuildLiteBehavior [ RunTime:0.000037s ]
INFO: [ app_init ] --END-- [ RunTime:0.000727s ]
INFO: [ app_begin ] --START--
INFO: Run Behavior\ReadHtmlCacheBehavior [ RunTime:0.000895s ]
INFO: [ app_begin ] --END-- [ RunTime:0.001104s ]
INFO: [ app_end ] --START--
INFO: Run Behavior\ShowPageTraceBehavior [ RunTime:0.001430s ]
INFO: [ app_end ] --END-- [ RunTime:0.001632s ]

[ 2017-12-17T15:30:57+08:00 ] 127.0.0.1 /index.php/Admin/Login/login.html
INFO: [ app_init ] --START--
INFO: Run Behavior\BuildLiteBehavior [ RunTime:0.000035s ]
INFO: [ app_init ] --END-- [ RunTime:0.000590s ]
INFO: [ app_begin ] --START--
INFO: Run Behavior\ReadHtmlCacheBehavior [ RunTime:0.000608s ]
INFO: [ app_begin ] --END-- [ RunTime:0.000769s ]
INFO: [ view_parse ] --START--
INFO: [ template_filter ] --START--
INFO: Run Behavior\ContentReplaceBehavior [ RunTime:0.000117s ]
INFO: [ template_filter ] --END-- [ RunTime:0.000290s ]
INFO: Run Behavior\ParseTemplateBehavior [ RunTime:0.009704s ]
INFO: [ view_parse ] --END-- [ RunTime:0.009931s ]
INFO: [ view_filter ] --START--
INFO: Run Behavior\WriteHtmlCacheBehavior [ RunTime:0.000724s ]
INFO: Run Behavior\TokenBuildBehavior [ RunTime:0.000887s ]
INFO: [ view_filter ] --END-- [ RunTime:0.001870s ]
INFO: [ app_end ] --START--
INFO: Run Behavior\ShowPageTraceBehavior [ RunTime:0.001066s ]
INFO: [ app_end ] --END-- [ RunTime:0.001261s ]

[ 2017-12-17T15:30:57+08:00 ] 127.0.0.1 /index.php/Admin/Login/verfity.html
INFO: [ app_init ] --START--
INFO: Run Behavior\BuildLiteBehavior [ RunTime:0.000036s ]
INFO: [ app_init ] --END-- [ RunTime:0.000622s ]
INFO: [ app_begin ] --START--
INFO: Run Behavior\ReadHtmlCacheBehavior [ RunTime:0.000715s ]
INFO: [ app_begin ] --END-- [ RunTime:0.000889s ]
INFO: [ app_end ] --START--
INFO: Run Behavior\ShowPageTraceBehavior [ RunTime:0.000807s ]
INFO: [ app_end ] --END-- [ RunTime:0.000991s ]

[ 2017-12-17T15:31:07+08:00 ] 127.0.0.1 /index.php/Admin/Login/runlogin.html
INFO: [ app_init ] --START--
INFO: Run Behavior\BuildLiteBehavior [ RunTime:0.000039s ]
INFO: [ app_init ] --END-- [ RunTime:0.000814s ]
INFO: [ app_begin ] --START--
INFO: Run Behavior\ReadHtmlCacheBehavior [ RunTime:0.001083s ]
INFO: [ app_begin ] --END-- [ RunTime:0.001256s ]
NOTIC: [8] Undefined offset: 0 D:\newsoft\wamp\www\s2d4op5jtn\meiye\ThinkPHP\Library\Think\Db\Driver.class.php 第 113 行.
NOTIC: [8] Undefined offset: 0 D:\newsoft\wamp\www\s2d4op5jtn\meiye\ThinkPHP\Library\Think\Db\Driver.class.php 第 113 行.
NOTIC: [8] Undefined offset: 0 D:\newsoft\wamp\www\s2d4op5jtn\meiye\ThinkPHP\Library\Think\Db\Driver.class.php 第 113 行.

[ 2017-12-17T15:31:08+08:00 ] 127.0.0.1 /index.php/Admin/Login/login.html
INFO: [ app_init ] --START--
INFO: Run Behavior\BuildLiteBehavior [ RunTime:0.000036s ]
INFO: [ app_init ] --END-- [ RunTime:0.000635s ]
INFO: [ app_begin ] --START--
INFO: Run Behavior\ReadHtmlCacheBehavior [ RunTime:0.000835s ]
INFO: [ app_begin ] --END-- [ RunTime:0.001026s ]
INFO: [ view_parse ] --START--
INFO: [ template_filter ] --START--
INFO: Run Behavior\ContentReplaceBehavior [ RunTime:0.000116s ]
INFO: [ template_filter ] --END-- [ RunTime:0.000296s ]
INFO: Run Behavior\ParseTemplateBehavior [ RunTime:0.012240s ]
INFO: [ view_parse ] --END-- [ RunTime:0.012449s ]
INFO: [ view_filter ] --START--
INFO: Run Behavior\WriteHtmlCacheBehavior [ RunTime:0.000944s ]
INFO: Run Behavior\TokenBuildBehavior [ RunTime:0.001097s ]
INFO: [ view_filter ] --END-- [ RunTime:0.002301s ]
INFO: [ app_end ] --START--
INFO: Run Behavior\ShowPageTraceBehavior [ RunTime:0.000901s ]
INFO: [ app_end ] --END-- [ RunTime:0.001073s ]

[ 2017-12-17T15:31:08+08:00 ] 127.0.0.1 /index.php/Admin/Login/verfity.html
INFO: [ app_init ] --START--
INFO: Run Behavior\BuildLiteBehavior [ RunTime:0.000042s ]
INFO: [ app_init ] --END-- [ RunTime:0.001013s ]
INFO: [ app_begin ] --START--
INFO: Run Behavior\ReadHtmlCacheBehavior [ RunTime:0.000626s ]
INFO: [ app_begin ] --END-- [ RunTime:0.000788s ]
INFO: [ app_end ] --START--
INFO: Run Behavior\ShowPageTraceBehavior [ RunTime:0.001386s ]
INFO: [ app_end ] --END-- [ RunTime:0.001602s ]

[ 2017-12-17T15:31:16+08:00 ] 127.0.0.1 /index.php/Admin/Login/runlogin.html
INFO: [ app_init ] --START--
INFO: Run Behavior\BuildLiteBehavior [ RunTime:0.000038s ]
INFO: [ app_init ] --END-- [ RunTime:0.000692s ]
INFO: [ app_begin ] --START--
INFO: Run Behavior\ReadHtmlCacheBehavior [ RunTime:0.001078s ]
INFO: [ app_begin ] --END-- [ RunTime:0.001352s ]
NOTIC: [8] Undefined offset: 0 D:\newsoft\wamp\www\s2d4op5jtn\meiye\ThinkPHP\Library\Think\Db\Driver.class.php 第 113 行.
NOTIC: [8] Undefined offset: 0 D:\newsoft\wamp\www\s2d4op5jtn\meiye\ThinkPHP\Library\Think\Db\Driver.class.php 第 113 行.
NOTIC: [8] Undefined offset: 0 D:\newsoft\wamp\www\s2d4op5jtn\meiye\ThinkPHP\Library\Think\Db\Driver.class.php 第 113 行.

[ 2017-12-17T15:31:17+08:00 ] 127.0.0.1 /index.php/Admin/Login/login.html
INFO: [ app_init ] --START--
INFO: Run Behavior\BuildLiteBehavior [ RunTime:0.000037s ]
INFO: [ app_init ] --END-- [ RunTime:0.000657s ]
INFO: [ app_begin ] --START--
INFO: Run Behavior\ReadHtmlCacheBehavior [ RunTime:0.000817s ]
INFO: [ app_begin ] --END-- [ RunTime:0.001016s ]
INFO: [ view_parse ] --START--
INFO: [ template_filter ] --START--
INFO: Run Behavior\ContentReplaceBehavior [ RunTime:0.000117s ]
INFO: [ template_filter ] --END-- [ RunTime:0.000294s ]
INFO: Run Behavior\ParseTemplateBehavior [ RunTime:0.009845s ]
INFO: [ view_parse ] --END-- [ RunTime:0.010045s ]
INFO: [ view_filter ] --START--
INFO: Run Behavior\WriteHtmlCacheBehavior [ RunTime:0.001110s ]
INFO: Run Behavior\TokenBuildBehavior [ RunTime:0.001673s ]
INFO: [ view_filter ] --END-- [ RunTime:0.003078s ]
INFO: [ app_end ] --START--
INFO: Run Behavior\ShowPageTraceBehavior [ RunTime:0.001199s ]
INFO: [ app_end ] --END-- [ RunTime:0.001388s ]

[ 2017-12-17T15:31:17+08:00 ] 127.0.0.1 /index.php/Admin/Login/verfity.html
INFO: [ app_init ] --START--
INFO: Run Behavior\BuildLiteBehavior [ RunTime:0.000036s ]
INFO: [ app_init ] --END-- [ RunTime:0.000746s ]
INFO: [ app_begin ] --START--
INFO: Run Behavior\ReadHtmlCacheBehavior [ RunTime:0.001124s ]
INFO: [ app_begin ] --END-- [ RunTime:0.001371s ]
INFO: [ app_end ] --START--
INFO: Run Behavior\ShowPageTraceBehavior [ RunTime:0.001249s ]
INFO: [ app_end ] --END-- [ RunTime:0.001458s ]

[ 2017-12-17T23:56:52+08:00 ] 127.0.0.1 /index.php/admin
INFO: [ app_init ] --START--
INFO: Run Behavior\BuildLiteBehavior [ RunTime:0.000043s ]
INFO: [ app_init ] --END-- [ RunTime:0.000787s ]
INFO: [ app_begin ] --START--
INFO: Run Behavior\ReadHtmlCacheBehavior [ RunTime:0.001004s ]
INFO: [ app_begin ] --END-- [ RunTime:0.001199s ]

[ 2017-12-17T23:56:52+08:00 ] 127.0.0.1 /index.php/Admin/Login/login.html
INFO: [ app_init ] --START--
INFO: Run Behavior\BuildLiteBehavior [ RunTime:0.000047s ]
INFO: [ app_init ] --END-- [ RunTime:0.000941s ]
INFO: [ app_begin ] --START--
INFO: Run Behavior\ReadHtmlCacheBehavior [ RunTime:0.001181s ]
INFO: [ app_begin ] --END-- [ RunTime:0.001408s ]
INFO: [ view_parse ] --START--
INFO: [ template_filter ] --START--
INFO: Run Behavior\ContentReplaceBehavior [ RunTime:0.000120s ]
INFO: [ template_filter ] --END-- [ RunTime:0.000302s ]
INFO: Run Behavior\ParseTemplateBehavior [ RunTime:0.012405s ]
INFO: [ view_parse ] --END-- [ RunTime:0.012617s ]
INFO: [ view_filter ] --START--
INFO: Run Behavior\WriteHtmlCacheBehavior [ RunTime:0.000863s ]
INFO: Run Behavior\TokenBuildBehavior [ RunTime:0.001471s ]
INFO: [ view_filter ] --END-- [ RunTime:0.002630s ]
INFO: [ app_end ] --START--
INFO: Run Behavior\ShowPageTraceBehavior [ RunTime:0.001020s ]
INFO: [ app_end ] --END-- [ RunTime:0.001186s ]

[ 2017-12-17T23:56:53+08:00 ] 127.0.0.1 /index.php/Admin/Login/verfity.html
INFO: [ app_init ] --START--
INFO: Run Behavior\BuildLiteBehavior [ RunTime:0.000039s ]
INFO: [ app_init ] --END-- [ RunTime:0.000760s ]
INFO: [ app_begin ] --START--
INFO: Run Behavior\ReadHtmlCacheBehavior [ RunTime:0.001098s ]
INFO: [ app_begin ] --END-- [ RunTime:0.001297s ]
INFO: [ app_end ] --START--
INFO: Run Behavior\ShowPageTraceBehavior [ RunTime:0.001249s ]
INFO: [ app_end ] --END-- [ RunTime:0.001507s ]

[ 2017-12-17T23:57:19+08:00 ] 127.0.0.1 /index.php/Admin/Login/login.html
INFO: [ app_init ] --START--
INFO: Run Behavior\BuildLiteBehavior [ RunTime:0.000038s ]
INFO: [ app_init ] --END-- [ RunTime:0.000833s ]
INFO: [ app_begin ] --START--
INFO: Run Behavior\ReadHtmlCacheBehavior [ RunTime:0.000649s ]
INFO: [ app_begin ] --END-- [ RunTime:0.000808s ]
INFO: [ view_parse ] --START--
INFO: [ template_filter ] --START--
INFO: Run Behavior\ContentReplaceBehavior [ RunTime:0.000120s ]
INFO: [ template_filter ] --END-- [ RunTime:0.000296s ]
INFO: Run Behavior\ParseTemplateBehavior [ RunTime:0.014562s ]
INFO: [ view_parse ] --END-- [ RunTime:0.014757s ]
INFO: [ view_filter ] --START--
INFO: Run Behavior\WriteHtmlCacheBehavior [ RunTime:0.000754s ]
INFO: Run Behavior\TokenBuildBehavior [ RunTime:0.001118s ]
INFO: [ view_filter ] --END-- [ RunTime:0.002154s ]
INFO: [ app_end ] --START--
INFO: Run Behavior\ShowPageTraceBehavior [ RunTime:0.001166s ]
INFO: [ app_end ] --END-- [ RunTime:0.001368s ]

[ 2017-12-17T23:57:19+08:00 ] 127.0.0.1 /index.php/Admin/Login/verfity.html
INFO: [ app_init ] --START--
INFO: Run Behavior\BuildLiteBehavior [ RunTime:0.000037s ]
INFO: [ app_init ] --END-- [ RunTime:0.000680s ]
INFO: [ app_begin ] --START--
INFO: Run Behavior\ReadHtmlCacheBehavior [ RunTime:0.000940s ]
INFO: [ app_begin ] --END-- [ RunTime:0.001142s ]
INFO: [ app_end ] --START--
INFO: Run Behavior\ShowPageTraceBehavior [ RunTime:0.001201s ]
INFO: [ app_end ] --END-- [ RunTime:0.001455s ]

[ 2017-12-17T23:57:29+08:00 ] 127.0.0.1 /index.php/Admin/Login/runlogin.html
INFO: [ app_init ] --START--
INFO: Run Behavior\BuildLiteBehavior [ RunTime:0.000041s ]
INFO: [ app_init ] --END-- [ RunTime:0.000736s ]
INFO: [ app_begin ] --START--
INFO: Run Behavior\ReadHtmlCacheBehavior [ RunTime:0.000602s ]
INFO: [ app_begin ] --END-- [ RunTime:0.000740s ]

[ 2017-12-17T23:57:29+08:00 ] 127.0.0.1 /index.php/Admin/Index/index.html
INFO: [ app_init ] --START--
INFO: Run Behavior\BuildLiteBehavior [ RunTime:0.000035s ]
INFO: [ app_init ] --END-- [ RunTime:0.000595s ]
INFO: [ app_begin ] --START--
INFO: Run Behavior\ReadHtmlCacheBehavior [ RunTime:0.000662s ]
INFO: [ app_begin ] --END-- [ RunTime:0.000846s ]
NOTIC: [2] Division by zero D:\newsoft\wamp\www\s2d4op5jtn\meiye\Application\Admin\Controller\IndexController.class.php 第 35 行.
INFO: [ view_parse ] --START--
INFO: [ template_filter ] --START--
INFO: Run Behavior\ContentReplaceBehavior [ RunTime:0.000176s ]
INFO: [ template_filter ] --END-- [ RunTime:0.000362s ]
NOTIC: [8] Undefined variable: member_count D:\newsoft\wamp\www\s2d4op5jtn\meiye\Application\Runtime\Cache\Admin\b595b808c2ebeeeb0478ffc30bb4e87a.php 第 327 行.
INFO: Run Behavior\ParseTemplateBehavior [ RunTime:0.201785s ]
INFO: [ view_parse ] --END-- [ RunTime:0.201950s ]
INFO: [ view_filter ] --START--
INFO: Run Behavior\WriteHtmlCacheBehavior [ RunTime:0.000795s ]
INFO: Run Behavior\TokenBuildBehavior [ RunTime:0.001399s ]
INFO: [ view_filter ] --END-- [ RunTime:0.002434s ]
INFO: [ app_end ] --START--
INFO: Run Behavior\ShowPageTraceBehavior [ RunTime:0.000885s ]
INFO: [ app_end ] --END-- [ RunTime:0.001052s ]

[ 2017-12-17T23:57:44+08:00 ] 127.0.0.1 /index.php/Admin/News/news_column.html
INFO: [ app_init ] --START--
INFO: Run Behavior\BuildLiteBehavior [ RunTime:0.000035s ]
INFO: [ app_init ] --END-- [ RunTime:0.000626s ]
INFO: [ app_begin ] --START--
INFO: Run Behavior\ReadHtmlCacheBehavior [ RunTime:0.001073s ]
INFO: [ app_begin ] --END-- [ RunTime:0.001268s ]
INFO: [ view_parse ] --START--
INFO: [ template_filter ] --START--
INFO: Run Behavior\ContentReplaceBehavior [ RunTime:0.000182s ]
INFO: [ template_filter ] --END-- [ RunTime:0.000358s ]
NOTIC: [8] Use of undefined constant column_open - assumed 'column_open' D:\newsoft\wamp\www\s2d4op5jtn\meiye\Application\Runtime\Cache\Admin\c59ac52b3b02df022890ed93499bde7e.php 第 270 行.
NOTIC: [8] Use of undefined constant column_leftid - assumed 'column_leftid' D:\newsoft\wamp\www\s2d4op5jtn\meiye\Application\Runtime\Cache\Admin\c59ac52b3b02df022890ed93499bde7e.php 第 281 行.
NOTIC: [8] Use of undefined constant column_leftid - assumed 'column_leftid' D:\newsoft\wamp\www\s2d4op5jtn\meiye\Application\Runtime\Cache\Admin\c59ac52b3b02df022890ed93499bde7e.php 第 285 行.
NOTIC: [8] Use of undefined constant column_open - assumed 'column_open' D:\newsoft\wamp\www\s2d4op5jtn\meiye\Application\Runtime\Cache\Admin\c59ac52b3b02df022890ed93499bde7e.php 第 270 行.
NOTIC: [8] Use of undefined constant column_leftid - assumed 'column_leftid' D:\newsoft\wamp\www\s2d4op5jtn\meiye\Application\Runtime\Cache\Admin\c59ac52b3b02df022890ed93499bde7e.php 第 281 行.
NOTIC: [8] Use of undefined constant column_leftid - assumed 'column_leftid' D:\newsoft\wamp\www\s2d4op5jtn\meiye\Application\Runtime\Cache\Admin\c59ac52b3b02df022890ed93499bde7e.php 第 285 行.
NOTIC: [8] Use of undefined constant column_open - assumed 'column_open' D:\newsoft\wamp\www\s2d4op5jtn\meiye\Application\Runtime\Cache\Admin\c59ac52b3b02df022890ed93499bde7e.php 第 270 行.
NOTIC: [8] Use of undefined constant column_leftid - assumed 'column_leftid' D:\newsoft\wamp\www\s2d4op5jtn\meiye\Application\Runtime\Cache\Admin\c59ac52b3b02df022890ed93499bde7e.php 第 281 行.
NOTIC: [8] Use of undefined constant column_leftid - assumed 'column_leftid' D:\newsoft\wamp\www\s2d4op5jtn\meiye\Application\Runtime\Cache\Admin\c59ac52b3b02df022890ed93499bde7e.php 第 285 行.
NOTIC: [8] Use of undefined constant column_open - assumed 'column_open' D:\newsoft\wamp\www\s2d4op5jtn\meiye\Application\Runtime\Cache\Admin\c59ac52b3b02df022890ed93499bde7e.php 第 270 行.
NOTIC: [8] Use of undefined constant column_leftid - assumed 'column_leftid' D:\newsoft\wamp\www\s2d4op5jtn\meiye\Application\Runtime\Cache\Admin\c59ac52b3b02df022890ed93499bde7e.php 第 281 行.
NOTIC: [8] Use of undefined constant column_leftid - assumed 'column_leftid' D:\newsoft\wamp\www\s2d4op5jtn\meiye\Application\Runtime\Cache\Admin\c59ac52b3b02df022890ed93499bde7e.php 第 285 行.
NOTIC: [8] Use of undefined constant column_open - assumed 'column_open' D:\newsoft\wamp\www\s2d4op5jtn\meiye\Application\Runtime\Cache\Admin\c59ac52b3b02df022890ed93499bde7e.php 第 270 行.
NOTIC: [8] Use of undefined constant column_leftid - assumed 'column_leftid' D:\newsoft\wamp\www\s2d4op5jtn\meiye\Application\Runtime\Cache\Admin\c59ac52b3b02df022890ed93499bde7e.php 第 281 行.
NOTIC: [8] Use of undefined constant column_leftid - assumed 'column_leftid' D:\newsoft\wamp\www\s2d4op5jtn\meiye\Application\Runtime\Cache\Admin\c59ac52b3b02df022890ed93499bde7e.php 第 285 行.
NOTIC: [8] Use of undefined constant column_open - assumed 'column_open' D:\newsoft\wamp\www\s2d4op5jtn\meiye\Application\Runtime\Cache\Admin\c59ac52b3b02df022890ed93499bde7e.php 第 270 行.
NOTIC: [8] Use of undefined constant column_leftid - assumed 'column_leftid' D:\newsoft\wamp\www\s2d4op5jtn\meiye\Application\Runtime\Cache\Admin\c59ac52b3b02df022890ed93499bde7e.php 第 281 行.
NOTIC: [8] Use of undefined constant column_leftid - assumed 'column_leftid' D:\newsoft\wamp\www\s2d4op5jtn\meiye\Application\Runtime\Cache\Admin\c59ac52b3b02df022890ed93499bde7e.php 第 285 行.
NOTIC: [8] Use of undefined constant column_open - assumed 'column_open' D:\newsoft\wamp\www\s2d4op5jtn\meiye\Application\Runtime\Cache\Admin\c59ac52b3b02df022890ed93499bde7e.php 第 270 行.
NOTIC: [8] Use of undefined constant column_leftid - assumed 'column_leftid' D:\newsoft\wamp\www\s2d4op5jtn\meiye\Application\Runtime\Cache\Admin\c59ac52b3b02df022890ed93499bde7e.php 第 281 行.
NOTIC: [8] Use of undefined constant column_leftid - assumed 'column_leftid' D:\newsoft\wamp\www\s2d4op5jtn\meiye\Application\Runtime\Cache\Admin\c59ac52b3b02df022890ed93499bde7e.php 第 285 行.
NOTIC: [8] Use of undefined constant column_open - assumed 'column_open' D:\newsoft\wamp\www\s2d4op5jtn\meiye\Application\Runtime\Cache\Admin\c59ac52b3b02df022890ed93499bde7e.php 第 270 行.
NOTIC: [8] Use of undefined constant column_leftid - assumed 'column_leftid' D:\newsoft\wamp\www\s2d4op5jtn\meiye\Application\Runtime\Cache\Admin\c59ac52b3b02df022890ed93499bde7e.php 第 281 行.
NOTIC: [8] Use of undefined constant column_leftid - assumed 'column_leftid' D:\newsoft\wamp\www\s2d4op5jtn\meiye\Application\Runtime\Cache\Admin\c59ac52b3b02df022890ed93499bde7e.php 第 285 行.
NOTIC: [8] Use of undefined constant column_open - assumed 'column_open' D:\newsoft\wamp\www\s2d4op5jtn\meiye\Application\Runtime\Cache\Admin\c59ac52b3b02df022890ed93499bde7e.php 第 270 行.
NOTIC: [8] Use of undefined constant column_leftid - assumed 'column_leftid' D:\newsoft\wamp\www\s2d4op5jtn\meiye\Application\Runtime\Cache\Admin\c59ac52b3b02df022890ed93499bde7e.php 第 281 行.
NOTIC: [8] Use of undefined constant column_leftid - assumed 'column_leftid' D:\newsoft\wamp\www\s2d4op5jtn\meiye\Application\Runtime\Cache\Admin\c59ac52b3b02df022890ed93499bde7e.php 第 285 行.
NOTIC: [8] Use of undefined constant column_open - assumed 'column_open' D:\newsoft\wamp\www\s2d4op5jtn\meiye\Application\Runtime\Cache\Admin\c59ac52b3b02df022890ed93499bde7e.php 第 270 行.
NOTIC: [8] Use of undefined constant column_leftid - assumed 'column_leftid' D:\newsoft\wamp\www\s2d4op5jtn\meiye\Application\Runtime\Cache\Admin\c59ac52b3b02df022890ed93499bde7e.php 第 281 行.
NOTIC: [8] Use of undefined constant column_leftid - assumed 'column_leftid' D:\newsoft\wamp\www\s2d4op5jtn\meiye\Application\Runtime\Cache\Admin\c59ac52b3b02df022890ed93499bde7e.php 第 285 行.
NOTIC: [8] Use of undefined constant column_open - assumed 'column_open' D:\newsoft\wamp\www\s2d4op5jtn\meiye\Application\Runtime\Cache\Admin\c59ac52b3b02df022890ed93499bde7e.php 第 270 行.
NOTIC: [8] Use of undefined constant column_leftid - assumed 'column_leftid' D:\newsoft\wamp\www\s2d4op5jtn\meiye\Application\Runtime\Cache\Admin\c59ac52b3b02df022890ed93499bde7e.php 第 281 行.
NOTIC: [8] Use of undefined constant column_leftid - assumed 'column_leftid' D:\newsoft\wamp\www\s2d4op5jtn\meiye\Application\Runtime\Cache\Admin\c59ac52b3b02df022890ed93499bde7e.php 第 285 行.
NOTIC: [8] Use of undefined constant column_open - assumed 'column_open' D:\newsoft\wamp\www\s2d4op5jtn\meiye\Application\Runtime\Cache\Admin\c59ac52b3b02df022890ed93499bde7e.php 第 270 行.
NOTIC: [8] Use of undefined constant column_leftid - assumed 'column_leftid' D:\newsoft\wamp\www\s2d4op5jtn\meiye\Application\Runtime\Cache\Admin\c59ac52b3b02df022890ed93499bde7e.php 第 281 行.
NOTIC: [8] Use of undefined constant column_leftid - assumed 'column_leftid' D:\newsoft\wamp\www\s2d4op5jtn\meiye\Application\Runtime\Cache\Admin\c59ac52b3b02df022890ed93499bde7e.php 第 285 行.
INFO: Run Behavior\ParseTemplateBehavior [ RunTime:0.089833s ]
INFO: [ view_parse ] --END-- [ RunTime:0.090012s ]
INFO: [ view_filter ] --START--
INFO: Run Behavior\WriteHtmlCacheBehavior [ RunTime:0.000795s ]
INFO: Run Behavior\TokenBuildBehavior [ RunTime:0.001719s ]
INFO: [ view_filter ] --END-- [ RunTime:0.002759s ]
INFO: [ app_end ] --START--
INFO: Run Behavior\ShowPageTraceBehavior [ RunTime:0.000948s ]
INFO: [ app_end ] --END-- [ RunTime:0.001119s ]

[ 2017-12-17T23:57:46+08:00 ] 127.0.0.1 /index.php/Admin/News/news_columnadd.html
INFO: [ app_init ] --START--
INFO: Run Behavior\BuildLiteBehavior [ RunTime:0.000038s ]
INFO: [ app_init ] --END-- [ RunTime:0.000670s ]
INFO: [ app_begin ] --START--
INFO: Run Behavior\ReadHtmlCacheBehavior [ RunTime:0.000644s ]
INFO: [ app_begin ] --END-- [ RunTime:0.000821s ]
INFO: [ view_parse ] --START--
INFO: [ template_filter ] --START--
INFO: Run Behavior\ContentReplaceBehavior [ RunTime:0.000201s ]
INFO: [ template_filter ] --END-- [ RunTime:0.000392s ]
INFO: Run Behavior\ParseTemplateBehavior [ RunTime:0.100436s ]
INFO: [ view_parse ] --END-- [ RunTime:0.100623s ]
INFO: [ view_filter ] --START--
INFO: Run Behavior\WriteHtmlCacheBehavior [ RunTime:0.000921s ]
INFO: Run Behavior\TokenBuildBehavior [ RunTime:0.001551s ]
INFO: [ view_filter ] --END-- [ RunTime:0.002729s ]
INFO: [ app_end ] --START--
INFO: Run Behavior\ShowPageTraceBehavior [ RunTime:0.000915s ]
INFO: [ app_end ] --END-- [ RunTime:0.001101s ]

[ 2017-12-17T23:57:50+08:00 ] 127.0.0.1 /index.php/Admin/News/news_listadd.html
INFO: [ app_init ] --START--
INFO: Run Behavior\BuildLiteBehavior [ RunTime:0.000038s ]
INFO: [ app_init ] --END-- [ RunTime:0.000649s ]
INFO: [ app_begin ] --START--
INFO: Run Behavior\ReadHtmlCacheBehavior [ RunTime:0.000761s ]
INFO: [ app_begin ] --END-- [ RunTime:0.000957s ]
INFO: [ view_parse ] --START--
INFO: [ template_filter ] --START--
INFO: Run Behavior\ContentReplaceBehavior [ RunTime:0.000325s ]
INFO: [ template_filter ] --END-- [ RunTime:0.000553s ]
INFO: Run Behavior\ParseTemplateBehavior [ RunTime:0.116608s ]
INFO: [ view_parse ] --END-- [ RunTime:0.116799s ]
INFO: [ view_filter ] --START--
INFO: Run Behavior\WriteHtmlCacheBehavior [ RunTime:0.000860s ]
INFO: Run Behavior\TokenBuildBehavior [ RunTime:0.001705s ]
INFO: [ view_filter ] --END-- [ RunTime:0.002834s ]
INFO: [ app_end ] --START--
INFO: Run Behavior\ShowPageTraceBehavior [ RunTime:0.001367s ]
INFO: [ app_end ] --END-- [ RunTime:0.001554s ]

[ 2017-12-17T23:57:51+08:00 ] 127.0.0.1 /index.php/Admin/News/news_list.html
INFO: [ app_init ] --START--
INFO: Run Behavior\BuildLiteBehavior [ RunTime:0.000047s ]
INFO: [ app_init ] --END-- [ RunTime:0.000804s ]
INFO: [ app_begin ] --START--
INFO: Run Behavior\ReadHtmlCacheBehavior [ RunTime:0.000983s ]
INFO: [ app_begin ] --END-- [ RunTime:0.001191s ]
NOTIC: [8] Undefined offset: 1 D:\newsoft\wamp\www\s2d4op5jtn\meiye\Application\Admin\Controller\NewsController.class.php 第 20 行.
INFO: [ view_parse ] --START--
INFO: [ template_filter ] --START--
INFO: Run Behavior\ContentReplaceBehavior [ RunTime:0.000212s ]
INFO: [ template_filter ] --END-- [ RunTime:0.000390s ]
NOTIC: [8] Use of undefined constant news_open - assumed 'news_open' D:\newsoft\wamp\www\s2d4op5jtn\meiye\Application\Runtime\Cache\Admin\5dc7cb56e7e8cd7601e6f40f87c141e0.php 第 351 行.
INFO: Run Behavior\ParseTemplateBehavior [ RunTime:0.097980s ]
INFO: [ view_parse ] --END-- [ RunTime:0.098157s ]
INFO: [ view_filter ] --START--
INFO: Run Behavior\WriteHtmlCacheBehavior [ RunTime:0.000951s ]
INFO: Run Behavior\TokenBuildBehavior [ RunTime:0.002230s ]
INFO: [ view_filter ] --END-- [ RunTime:0.003550s ]
INFO: [ app_end ] --START--
INFO: Run Behavior\ShowPageTraceBehavior [ RunTime:0.001091s ]
INFO: [ app_end ] --END-- [ RunTime:0.001277s ]

[ 2017-12-17T23:58:06+08:00 ] 127.0.0.1 /index.php/Admin/News/news_column.html
INFO: [ app_init ] --START--
INFO: Run Behavior\BuildLiteBehavior [ RunTime:0.000036s ]
INFO: [ app_init ] --END-- [ RunTime:0.000632s ]
INFO: [ app_begin ] --START--
INFO: Run Behavior\ReadHtmlCacheBehavior [ RunTime:0.000624s ]
INFO: [ app_begin ] --END-- [ RunTime:0.000788s ]
INFO: [ view_parse ] --START--
INFO: [ template_filter ] --START--
INFO: Run Behavior\ContentReplaceBehavior [ RunTime:0.000284s ]
INFO: [ template_filter ] --END-- [ RunTime:0.000462s ]
NOTIC: [8] Use of undefined constant column_open - assumed 'column_open' D:\newsoft\wamp\www\s2d4op5jtn\meiye\Application\Runtime\Cache\Admin\c59ac52b3b02df022890ed93499bde7e.php 第 270 行.
NOTIC: [8] Use of undefined constant column_leftid - assumed 'column_leftid' D:\newsoft\wamp\www\s2d4op5jtn\meiye\Application\Runtime\Cache\Admin\c59ac52b3b02df022890ed93499bde7e.php 第 281 行.
NOTIC: [8] Use of undefined constant column_leftid - assumed 'column_leftid' D:\newsoft\wamp\www\s2d4op5jtn\meiye\Application\Runtime\Cache\Admin\c59ac52b3b02df022890ed93499bde7e.php 第 285 行.
NOTIC: [8] Use of undefined constant column_open - assumed 'column_open' D:\newsoft\wamp\www\s2d4op5jtn\meiye\Application\Runtime\Cache\Admin\c59ac52b3b02df022890ed93499bde7e.php 第 270 行.
NOTIC: [8] Use of undefined constant column_leftid - assumed 'column_leftid' D:\newsoft\wamp\www\s2d4op5jtn\meiye\Application\Runtime\Cache\Admin\c59ac52b3b02df022890ed93499bde7e.php 第 281 行.
NOTIC: [8] Use of undefined constant column_leftid - assumed 'column_leftid' D:\newsoft\wamp\www\s2d4op5jtn\meiye\Application\Runtime\Cache\Admin\c59ac52b3b02df022890ed93499bde7e.php 第 285 行.
NOTIC: [8] Use of undefined constant column_open - assumed 'column_open' D:\newsoft\wamp\www\s2d4op5jtn\meiye\Application\Runtime\Cache\Admin\c59ac52b3b02df022890ed93499bde7e.php 第 270 行.
NOTIC: [8] Use of undefined constant column_leftid - assumed 'column_leftid' D:\newsoft\wamp\www\s2d4op5jtn\meiye\Application\Runtime\Cache\Admin\c59ac52b3b02df022890ed93499bde7e.php 第 281 行.
NOTIC: [8] Use of undefined constant column_leftid - assumed 'column_leftid' D:\newsoft\wamp\www\s2d4op5jtn\meiye\Application\Runtime\Cache\Admin\c59ac52b3b02df022890ed93499bde7e.php 第 285 行.
NOTIC: [8] Use of undefined constant column_open - assumed 'column_open' D:\newsoft\wamp\www\s2d4op5jtn\meiye\Application\Runtime\Cache\Admin\c59ac52b3b02df022890ed93499bde7e.php 第 270 行.
NOTIC: [8] Use of undefined constant column_leftid - assumed 'column_leftid' D:\newsoft\wamp\www\s2d4op5jtn\meiye\Application\Runtime\Cache\Admin\c59ac52b3b02df022890ed93499bde7e.php 第 281 行.
NOTIC: [8] Use of undefined constant column_leftid - assumed 'column_leftid' D:\newsoft\wamp\www\s2d4op5jtn\meiye\Application\Runtime\Cache\Admin\c59ac52b3b02df022890ed93499bde7e.php 第 285 行.
NOTIC: [8] Use of undefined constant column_open - assumed 'column_open' D:\newsoft\wamp\www\s2d4op5jtn\meiye\Application\Runtime\Cache\Admin\c59ac52b3b02df022890ed93499bde7e.php 第 270 行.
NOTIC: [8] Use of undefined constant column_leftid - assumed 'column_leftid' D:\newsoft\wamp\www\s2d4op5jtn\meiye\Application\Runtime\Cache\Admin\c59ac52b3b02df022890ed93499bde7e.php 第 281 行.
NOTIC: [8] Use of undefined constant column_leftid - assumed 'column_leftid' D:\newsoft\wamp\www\s2d4op5jtn\meiye\Application\Runtime\Cache\Admin\c59ac52b3b02df022890ed93499bde7e.php 第 285 行.
NOTIC: [8] Use of undefined constant column_open - assumed 'column_open' D:\newsoft\wamp\www\s2d4op5jtn\meiye\Application\Runtime\Cache\Admin\c59ac52b3b02df022890ed93499bde7e.php 第 270 行.
NOTIC: [8] Use of undefined constant column_leftid - assumed 'column_leftid' D:\newsoft\wamp\www\s2d4op5jtn\meiye\Application\Runtime\Cache\Admin\c59ac52b3b02df022890ed93499bde7e.php 第 281 行.
NOTIC: [8] Use of undefined constant column_leftid - assumed 'column_leftid' D:\newsoft\wamp\www\s2d4op5jtn\meiye\Application\Runtime\Cache\Admin\c59ac52b3b02df022890ed93499bde7e.php 第 285 行.
NOTIC: [8] Use of undefined constant column_open - assumed 'column_open' D:\newsoft\wamp\www\s2d4op5jtn\meiye\Application\Runtime\Cache\Admin\c59ac52b3b02df022890ed93499bde7e.php 第 270 行.
NOTIC: [8] Use of undefined constant column_leftid - assumed 'column_leftid' D:\newsoft\wamp\www\s2d4op5jtn\meiye\Application\Runtime\Cache\Admin\c59ac52b3b02df022890ed93499bde7e.php 第 281 行.
NOTIC: [8] Use of undefined constant column_leftid - assumed 'column_leftid' D:\newsoft\wamp\www\s2d4op5jtn\meiye\Application\Runtime\Cache\Admin\c59ac52b3b02df022890ed93499bde7e.php 第 285 行.
NOTIC: [8] Use of undefined constant column_open - assumed 'column_open' D:\newsoft\wamp\www\s2d4op5jtn\meiye\Application\Runtime\Cache\Admin\c59ac52b3b02df022890ed93499bde7e.php 第 270 行.
NOTIC: [8] Use of undefined constant column_leftid - assumed 'column_leftid' D:\newsoft\wamp\www\s2d4op5jtn\meiye\Application\Runtime\Cache\Admin\c59ac52b3b02df022890ed93499bde7e.php 第 281 行.
NOTIC: [8] Use of undefined constant column_leftid - assumed 'column_leftid' D:\newsoft\wamp\www\s2d4op5jtn\meiye\Application\Runtime\Cache\Admin\c59ac52b3b02df022890ed93499bde7e.php 第 285 行.
NOTIC: [8] Use of undefined constant column_open - assumed 'column_open' D:\newsoft\wamp\www\s2d4op5jtn\meiye\Application\Runtime\Cache\Admin\c59ac52b3b02df022890ed93499bde7e.php 第 270 行.
NOTIC: [8] Use of undefined constant column_leftid - assumed 'column_leftid' D:\newsoft\wamp\www\s2d4op5jtn\meiye\Application\Runtime\Cache\Admin\c59ac52b3b02df022890ed93499bde7e.php 第 281 行.
NOTIC: [8] Use of undefined constant column_leftid - assumed 'column_leftid' D:\newsoft\wamp\www\s2d4op5jtn\meiye\Application\Runtime\Cache\Admin\c59ac52b3b02df022890ed93499bde7e.php 第 285 行.
NOTIC: [8] Use of undefined constant column_open - assumed 'column_open' D:\newsoft\wamp\www\s2d4op5jtn\meiye\Application\Runtime\Cache\Admin\c59ac52b3b02df022890ed93499bde7e.php 第 270 行.
NOTIC: [8] Use of undefined constant column_leftid - assumed 'column_leftid' D:\newsoft\wamp\www\s2d4op5jtn\meiye\Application\Runtime\Cache\Admin\c59ac52b3b02df022890ed93499bde7e.php 第 281 行.
NOTIC: [8] Use of undefined constant column_leftid - assumed 'column_leftid' D:\newsoft\wamp\www\s2d4op5jtn\meiye\Application\Runtime\Cache\Admin\c59ac52b3b02df022890ed93499bde7e.php 第 285 行.
NOTIC: [8] Use of undefined constant column_open - assumed 'column_open' D:\newsoft\wamp\www\s2d4op5jtn\meiye\Application\Runtime\Cache\Admin\c59ac52b3b02df022890ed93499bde7e.php 第 270 行.
NOTIC: [8] Use of undefined constant column_leftid - assumed 'column_leftid' D:\newsoft\wamp\www\s2d4op5jtn\meiye\Application\Runtime\Cache\Admin\c59ac52b3b02df022890ed93499bde7e.php 第 281 行.
NOTIC: [8] Use of undefined constant column_leftid - assumed 'column_leftid' D:\newsoft\wamp\www\s2d4op5jtn\meiye\Application\Runtime\Cache\Admin\c59ac52b3b02df022890ed93499bde7e.php 第 285 行.
NOTIC: [8] Use of undefined constant column_open - assumed 'column_open' D:\newsoft\wamp\www\s2d4op5jtn\meiye\Application\Runtime\Cache\Admin\c59ac52b3b02df022890ed93499bde7e.php 第 270 行.
NOTIC: [8] Use of undefined constant column_leftid - assumed 'column_leftid' D:\newsoft\wamp\www\s2d4op5jtn\meiye\Application\Runtime\Cache\Admin\c59ac52b3b02df022890ed93499bde7e.php 第 281 行.
NOTIC: [8] Use of undefined constant column_leftid - assumed 'column_leftid' D:\newsoft\wamp\www\s2d4op5jtn\meiye\Application\Runtime\Cache\Admin\c59ac52b3b02df022890ed93499bde7e.php 第 285 行.
INFO: Run Behavior\ParseTemplateBehavior [ RunTime:0.081830s ]
INFO: [ view_parse ] --END-- [ RunTime:0.082011s ]
INFO: [ view_filter ] --START--
INFO: Run Behavior\WriteHtmlCacheBehavior [ RunTime:0.000824s ]
INFO: Run Behavior\TokenBuildBehavior [ RunTime:0.001704s ]
INFO: [ view_filter ] --END-- [ RunTime:0.002776s ]
INFO: [ app_end ] --START--
INFO: Run Behavior\ShowPageTraceBehavior [ RunTime:0.001072s ]
INFO: [ app_end ] --END-- [ RunTime:0.001284s ]

[ 2017-12-17T23:58:11+08:00 ] 127.0.0.1 /index.php/Admin/News/news_columnadd.html
INFO: [ app_init ] --START--
INFO: Run Behavior\BuildLiteBehavior [ RunTime:0.000035s ]
INFO: [ app_init ] --END-- [ RunTime:0.000667s ]
INFO: [ app_begin ] --START--
INFO: Run Behavior\ReadHtmlCacheBehavior [ RunTime:0.000924s ]
INFO: [ app_begin ] --END-- [ RunTime:0.001136s ]
INFO: [ view_parse ] --START--
INFO: [ template_filter ] --START--
INFO: Run Behavior\ContentReplaceBehavior [ RunTime:0.000192s ]
INFO: [ template_filter ] --END-- [ RunTime:0.000374s ]
INFO: Run Behavior\ParseTemplateBehavior [ RunTime:0.084159s ]
INFO: [ view_parse ] --END-- [ RunTime:0.084349s ]
INFO: [ view_filter ] --START--
INFO: Run Behavior\WriteHtmlCacheBehavior [ RunTime:0.000816s ]
INFO: Run Behavior\TokenBuildBehavior [ RunTime:0.002619s ]
INFO: [ view_filter ] --END-- [ RunTime:0.003727s ]
INFO: [ app_end ] --START--
INFO: Run Behavior\ShowPageTraceBehavior [ RunTime:0.001052s ]
INFO: [ app_end ] --END-- [ RunTime:0.001247s ]

[ 2017-12-17T23:58:12+08:00 ] 127.0.0.1 /index.php/Admin/News/news_column.html
INFO: [ app_init ] --START--
INFO: Run Behavior\BuildLiteBehavior [ RunTime:0.000036s ]
INFO: [ app_init ] --END-- [ RunTime:0.000624s ]
INFO: [ app_begin ] --START--
INFO: Run Behavior\ReadHtmlCacheBehavior [ RunTime:0.000578s ]
INFO: [ app_begin ] --END-- [ RunTime:0.000738s ]
INFO: [ view_parse ] --START--
INFO: [ template_filter ] --START--
INFO: Run Behavior\ContentReplaceBehavior [ RunTime:0.000434s ]
INFO: [ template_filter ] --END-- [ RunTime:0.000678s ]
NOTIC: [8] Use of undefined constant column_open - assumed 'column_open' D:\newsoft\wamp\www\s2d4op5jtn\meiye\Application\Runtime\Cache\Admin\c59ac52b3b02df022890ed93499bde7e.php 第 270 行.
NOTIC: [8] Use of undefined constant column_leftid - assumed 'column_leftid' D:\newsoft\wamp\www\s2d4op5jtn\meiye\Application\Runtime\Cache\Admin\c59ac52b3b02df022890ed93499bde7e.php 第 281 行.
NOTIC: [8] Use of undefined constant column_leftid - assumed 'column_leftid' D:\newsoft\wamp\www\s2d4op5jtn\meiye\Application\Runtime\Cache\Admin\c59ac52b3b02df022890ed93499bde7e.php 第 285 行.
NOTIC: [8] Use of undefined constant column_open - assumed 'column_open' D:\newsoft\wamp\www\s2d4op5jtn\meiye\Application\Runtime\Cache\Admin\c59ac52b3b02df022890ed93499bde7e.php 第 270 行.
NOTIC: [8] Use of undefined constant column_leftid - assumed 'column_leftid' D:\newsoft\wamp\www\s2d4op5jtn\meiye\Application\Runtime\Cache\Admin\c59ac52b3b02df022890ed93499bde7e.php 第 281 行.
NOTIC: [8] Use of undefined constant column_leftid - assumed 'column_leftid' D:\newsoft\wamp\www\s2d4op5jtn\meiye\Application\Runtime\Cache\Admin\c59ac52b3b02df022890ed93499bde7e.php 第 285 行.
NOTIC: [8] Use of undefined constant column_open - assumed 'column_open' D:\newsoft\wamp\www\s2d4op5jtn\meiye\Application\Runtime\Cache\Admin\c59ac52b3b02df022890ed93499bde7e.php 第 270 行.
NOTIC: [8] Use of undefined constant column_leftid - assumed 'column_leftid' D:\newsoft\wamp\www\s2d4op5jtn\meiye\Application\Runtime\Cache\Admin\c59ac52b3b02df022890ed93499bde7e.php 第 281 行.
NOTIC: [8] Use of undefined constant column_leftid - assumed 'column_leftid' D:\newsoft\wamp\www\s2d4op5jtn\meiye\Application\Runtime\Cache\Admin\c59ac52b3b02df022890ed93499bde7e.php 第 285 行.
NOTIC: [8] Use of undefined constant column_open - assumed 'column_open' D:\newsoft\wamp\www\s2d4op5jtn\meiye\Application\Runtime\Cache\Admin\c59ac52b3b02df022890ed93499bde7e.php 第 270 行.
NOTIC: [8] Use of undefined constant column_leftid - assumed 'column_leftid' D:\newsoft\wamp\www\s2d4op5jtn\meiye\Application\Runtime\Cache\Admin\c59ac52b3b02df022890ed93499bde7e.php 第 281 行.
NOTIC: [8] Use of undefined constant column_leftid - assumed 'column_leftid' D:\newsoft\wamp\www\s2d4op5jtn\meiye\Application\Runtime\Cache\Admin\c59ac52b3b02df022890ed93499bde7e.php 第 285 行.
NOTIC: [8] Use of undefined constant column_open - assumed 'column_open' D:\newsoft\wamp\www\s2d4op5jtn\meiye\Application\Runtime\Cache\Admin\c59ac52b3b02df022890ed93499bde7e.php 第 270 行.
NOTIC: [8] Use of undefined constant column_leftid - assumed 'column_leftid' D:\newsoft\wamp\www\s2d4op5jtn\meiye\Application\Runtime\Cache\Admin\c59ac52b3b02df022890ed93499bde7e.php 第 281 行.
NOTIC: [8] Use of undefined constant column_leftid - assumed 'column_leftid' D:\newsoft\wamp\www\s2d4op5jtn\meiye\Application\Runtime\Cache\Admin\c59ac52b3b02df022890ed93499bde7e.php 第 285 行.
NOTIC: [8] Use of undefined constant column_open - assumed 'column_open' D:\newsoft\wamp\www\s2d4op5jtn\meiye\Application\Runtime\Cache\Admin\c59ac52b3b02df022890ed93499bde7e.php 第 270 行.
NOTIC: [8] Use of undefined constant column_leftid - assumed 'column_leftid' D:\newsoft\wamp\www\s2d4op5jtn\meiye\Application\Runtime\Cache\Admin\c59ac52b3b02df022890ed93499bde7e.php 第 281 行.
NOTIC: [8] Use of undefined constant column_leftid - assumed 'column_leftid' D:\newsoft\wamp\www\s2d4op5jtn\meiye\Application\Runtime\Cache\Admin\c59ac52b3b02df022890ed93499bde7e.php 第 285 行.
NOTIC: [8] Use of undefined constant column_open - assumed 'column_open' D:\newsoft\wamp\www\s2d4op5jtn\meiye\Application\Runtime\Cache\Admin\c59ac52b3b02df022890ed93499bde7e.php 第 270 行.
NOTIC: [8] Use of undefined constant column_leftid - assumed 'column_leftid' D:\newsoft\wamp\www\s2d4op5jtn\meiye\Application\Runtime\Cache\Admin\c59ac52b3b02df022890ed93499bde7e.php 第 281 行.
NOTIC: [8] Use of undefined constant column_leftid - assumed 'column_leftid' D:\newsoft\wamp\www\s2d4op5jtn\meiye\Application\Runtime\Cache\Admin\c59ac52b3b02df022890ed93499bde7e.php 第 285 行.
NOTIC: [8] Use of undefined constant column_open - assumed 'column_open' D:\newsoft\wamp\www\s2d4op5jtn\meiye\Application\Runtime\Cache\Admin\c59ac52b3b02df022890ed93499bde7e.php 第 270 行.
NOTIC: [8] Use of undefined constant column_leftid - assumed 'column_leftid' D:\newsoft\wamp\www\s2d4op5jtn\meiye\Application\Runtime\Cache\Admin\c59ac52b3b02df022890ed93499bde7e.php 第 281 行.
NOTIC: [8] Use of undefined constant column_leftid - assumed 'column_leftid' D:\newsoft\wamp\www\s2d4op5jtn\meiye\Application\Runtime\Cache\Admin\c59ac52b3b02df022890ed93499bde7e.php 第 285 行.
NOTIC: [8] Use of undefined constant column_open - assumed 'column_open' D:\newsoft\wamp\www\s2d4op5jtn\meiye\Application\Runtime\Cache\Admin\c59ac52b3b02df022890ed93499bde7e.php 第 270 行.
NOTIC: [8] Use of undefined constant column_leftid - assumed 'column_leftid' D:\newsoft\wamp\www\s2d4op5jtn\meiye\Application\Runtime\Cache\Admin\c59ac52b3b02df022890ed93499bde7e.php 第 281 行.
NOTIC: [8] Use of undefined constant column_leftid - assumed 'column_leftid' D:\newsoft\wamp\www\s2d4op5jtn\meiye\Application\Runtime\Cache\Admin\c59ac52b3b02df022890ed93499bde7e.php 第 285 行.
NOTIC: [8] Use of undefined constant column_open - assumed 'column_open' D:\newsoft\wamp\www\s2d4op5jtn\meiye\Application\Runtime\Cache\Admin\c59ac52b3b02df022890ed93499bde7e.php 第 270 行.
NOTIC: [8] Use of undefined constant column_leftid - assumed 'column_leftid' D:\newsoft\wamp\www\s2d4op5jtn\meiye\Application\Runtime\Cache\Admin\c59ac52b3b02df022890ed93499bde7e.php 第 281 行.
NOTIC: [8] Use of undefined constant column_leftid - assumed 'column_leftid' D:\newsoft\wamp\www\s2d4op5jtn\meiye\Application\Runtime\Cache\Admin\c59ac52b3b02df022890ed93499bde7e.php 第 285 行.
NOTIC: [8] Use of undefined constant column_open - assumed 'column_open' D:\newsoft\wamp\www\s2d4op5jtn\meiye\Application\Runtime\Cache\Admin\c59ac52b3b02df022890ed93499bde7e.php 第 270 行.
NOTIC: [8] Use of undefined constant column_leftid - assumed 'column_leftid' D:\newsoft\wamp\www\s2d4op5jtn\meiye\Application\Runtime\Cache\Admin\c59ac52b3b02df022890ed93499bde7e.php 第 281 行.
NOTIC: [8] Use of undefined constant column_leftid - assumed 'column_leftid' D:\newsoft\wamp\www\s2d4op5jtn\meiye\Application\Runtime\Cache\Admin\c59ac52b3b02df022890ed93499bde7e.php 第 285 行.
NOTIC: [8] Use of undefined constant column_open - assumed 'column_open' D:\newsoft\wamp\www\s2d4op5jtn\meiye\Application\Runtime\Cache\Admin\c59ac52b3b02df022890ed93499bde7e.php 第 270 行.
NOTIC: [8] Use of undefined constant column_leftid - assumed 'column_leftid' D:\newsoft\wamp\www\s2d4op5jtn\meiye\Application\Runtime\Cache\Admin\c59ac52b3b02df022890ed93499bde7e.php 第 281 行.
NOTIC: [8] Use of undefined constant column_leftid - assumed 'column_leftid' D:\newsoft\wamp\www\s2d4op5jtn\meiye\Application\Runtime\Cache\Admin\c59ac52b3b02df022890ed93499bde7e.php 第 285 行.
INFO: Run Behavior\ParseTemplateBehavior [ RunTime:0.086553s ]
INFO: [ view_parse ] --END-- [ RunTime:0.086735s ]
INFO: [ view_filter ] --START--
INFO: Run Behavior\WriteHtmlCacheBehavior [ RunTime:0.001437s ]
INFO: Run Behavior\TokenBuildBehavior [ RunTime:0.002423s ]
INFO: [ view_filter ] --END-- [ RunTime:0.004180s ]
INFO: [ app_end ] --START--
INFO: Run Behavior\ShowPageTraceBehavior [ RunTime:0.001191s ]
INFO: [ app_end ] --END-- [ RunTime:0.001391s ]

[ 2017-12-17T23:58:16+08:00 ] 127.0.0.1 /index.php/Admin/News/news_list.html
INFO: [ app_init ] --START--
INFO: Run Behavior\BuildLiteBehavior [ RunTime:0.000034s ]
INFO: [ app_init ] --END-- [ RunTime:0.000630s ]
INFO: [ app_begin ] --START--
INFO: Run Behavior\ReadHtmlCacheBehavior [ RunTime:0.000847s ]
INFO: [ app_begin ] --END-- [ RunTime:0.001037s ]
NOTIC: [8] Undefined offset: 1 D:\newsoft\wamp\www\s2d4op5jtn\meiye\Application\Admin\Controller\NewsController.class.php 第 20 行.
INFO: [ view_parse ] --START--
INFO: [ template_filter ] --START--
INFO: Run Behavior\ContentReplaceBehavior [ RunTime:0.000220s ]
INFO: [ template_filter ] --END-- [ RunTime:0.000411s ]
NOTIC: [8] Use of undefined constant news_open - assumed 'news_open' D:\newsoft\wamp\www\s2d4op5jtn\meiye\Application\Runtime\Cache\Admin\5dc7cb56e7e8cd7601e6f40f87c141e0.php 第 351 行.
INFO: Run Behavior\ParseTemplateBehavior [ RunTime:0.080823s ]
INFO: [ view_parse ] --END-- [ RunTime:0.081009s ]
INFO: [ view_filter ] --START--
INFO: Run Behavior\WriteHtmlCacheBehavior [ RunTime:0.000849s ]
INFO: Run Behavior\TokenBuildBehavior [ RunTime:0.001526s ]
INFO: [ view_filter ] --END-- [ RunTime:0.002628s ]
INFO: [ app_end ] --START--
INFO: Run Behavior\ShowPageTraceBehavior [ RunTime:0.000925s ]
INFO: [ app_end ] --END-- [ RunTime:0.001124s ]

[ 2017-12-17T23:58:28+08:00 ] 127.0.0.1 /index.php/Admin/News/news_column.html
INFO: [ app_init ] --START--
INFO: Run Behavior\BuildLiteBehavior [ RunTime:0.000041s ]
INFO: [ app_init ] --END-- [ RunTime:0.000911s ]
INFO: [ app_begin ] --START--
INFO: Run Behavior\ReadHtmlCacheBehavior [ RunTime:0.000767s ]
INFO: [ app_begin ] --END-- [ RunTime:0.000953s ]
INFO: [ view_parse ] --START--
INFO: [ template_filter ] --START--
INFO: Run Behavior\ContentReplaceBehavior [ RunTime:0.000254s ]
INFO: [ template_filter ] --END-- [ RunTime:0.000446s ]
NOTIC: [8] Use of undefined constant column_open - assumed 'column_open' D:\newsoft\wamp\www\s2d4op5jtn\meiye\Application\Runtime\Cache\Admin\c59ac52b3b02df022890ed93499bde7e.php 第 270 行.
NOTIC: [8] Use of undefined constant column_leftid - assumed 'column_leftid' D:\newsoft\wamp\www\s2d4op5jtn\meiye\Application\Runtime\Cache\Admin\c59ac52b3b02df022890ed93499bde7e.php 第 281 行.
NOTIC: [8] Use of undefined constant column_leftid - assumed 'column_leftid' D:\newsoft\wamp\www\s2d4op5jtn\meiye\Application\Runtime\Cache\Admin\c59ac52b3b02df022890ed93499bde7e.php 第 285 行.
NOTIC: [8] Use of undefined constant column_open - assumed 'column_open' D:\newsoft\wamp\www\s2d4op5jtn\meiye\Application\Runtime\Cache\Admin\c59ac52b3b02df022890ed93499bde7e.php 第 270 行.
NOTIC: [8] Use of undefined constant column_leftid - assumed 'column_leftid' D:\newsoft\wamp\www\s2d4op5jtn\meiye\Application\Runtime\Cache\Admin\c59ac52b3b02df022890ed93499bde7e.php 第 281 行.
NOTIC: [8] Use of undefined constant column_leftid - assumed 'column_leftid' D:\newsoft\wamp\www\s2d4op5jtn\meiye\Application\Runtime\Cache\Admin\c59ac52b3b02df022890ed93499bde7e.php 第 285 行.
NOTIC: [8] Use of undefined constant column_open - assumed 'column_open' D:\newsoft\wamp\www\s2d4op5jtn\meiye\Application\Runtime\Cache\Admin\c59ac52b3b02df022890ed93499bde7e.php 第 270 行.
NOTIC: [8] Use of undefined constant column_leftid - assumed 'column_leftid' D:\newsoft\wamp\www\s2d4op5jtn\meiye\Application\Runtime\Cache\Admin\c59ac52b3b02df022890ed93499bde7e.php 第 281 行.
NOTIC: [8] Use of undefined constant column_leftid - assumed 'column_leftid' D:\newsoft\wamp\www\s2d4op5jtn\meiye\Application\Runtime\Cache\Admin\c59ac52b3b02df022890ed93499bde7e.php 第 285 行.
NOTIC: [8] Use of undefined constant column_open - assumed 'column_open' D:\newsoft\wamp\www\s2d4op5jtn\meiye\Application\Runtime\Cache\Admin\c59ac52b3b02df022890ed93499bde7e.php 第 270 行.
NOTIC: [8] Use of undefined constant column_leftid - assumed 'column_leftid' D:\newsoft\wamp\www\s2d4op5jtn\meiye\Application\Runtime\Cache\Admin\c59ac52b3b02df022890ed93499bde7e.php 第 281 行.
NOTIC: [8] Use of undefined constant column_leftid - assumed 'column_leftid' D:\newsoft\wamp\www\s2d4op5jtn\meiye\Application\Runtime\Cache\Admin\c59ac52b3b02df022890ed93499bde7e.php 第 285 行.
NOTIC: [8] Use of undefined constant column_open - assumed 'column_open' D:\newsoft\wamp\www\s2d4op5jtn\meiye\Application\Runtime\Cache\Admin\c59ac52b3b02df022890ed93499bde7e.php 第 270 行.
NOTIC: [8] Use of undefined constant column_leftid - assumed 'column_leftid' D:\newsoft\wamp\www\s2d4op5jtn\meiye\Application\Runtime\Cache\Admin\c59ac52b3b02df022890ed93499bde7e.php 第 281 行.
NOTIC: [8] Use of undefined constant column_leftid - assumed 'column_leftid' D:\newsoft\wamp\www\s2d4op5jtn\meiye\Application\Runtime\Cache\Admin\c59ac52b3b02df022890ed93499bde7e.php 第 285 行.
NOTIC: [8] Use of undefined constant column_open - assumed 'column_open' D:\newsoft\wamp\www\s2d4op5jtn\meiye\Application\Runtime\Cache\Admin\c59ac52b3b02df022890ed93499bde7e.php 第 270 行.
NOTIC: [8] Use of undefined constant column_leftid - assumed 'column_leftid' D:\newsoft\wamp\www\s2d4op5jtn\meiye\Application\Runtime\Cache\Admin\c59ac52b3b02df022890ed93499bde7e.php 第 281 行.
NOTIC: [8] Use of undefined constant column_leftid - assumed 'column_leftid' D:\newsoft\wamp\www\s2d4op5jtn\meiye\Application\Runtime\Cache\Admin\c59ac52b3b02df022890ed93499bde7e.php 第 285 行.
NOTIC: [8] Use of undefined constant column_open - assumed 'column_open' D:\newsoft\wamp\www\s2d4op5jtn\meiye\Application\Runtime\Cache\Admin\c59ac52b3b02df022890ed93499bde7e.php 第 270 行.
NOTIC: [8] Use of undefined constant column_leftid - assumed 'column_leftid' D:\newsoft\wamp\www\s2d4op5jtn\meiye\Application\Runtime\Cache\Admin\c59ac52b3b02df022890ed93499bde7e.php 第 281 行.
NOTIC: [8] Use of undefined constant column_leftid - assumed 'column_leftid' D:\newsoft\wamp\www\s2d4op5jtn\meiye\Application\Runtime\Cache\Admin\c59ac52b3b02df022890ed93499bde7e.php 第 285 行.
NOTIC: [8] Use of undefined constant column_open - assumed 'column_open' D:\newsoft\wamp\www\s2d4op5jtn\meiye\Application\Runtime\Cache\Admin\c59ac52b3b02df022890ed93499bde7e.php 第 270 行.
NOTIC: [8] Use of undefined constant column_leftid - assumed 'column_leftid' D:\newsoft\wamp\www\s2d4op5jtn\meiye\Application\Runtime\Cache\Admin\c59ac52b3b02df022890ed93499bde7e.php 第 281 行.
NOTIC: [8] Use of undefined constant column_leftid - assumed 'column_leftid' D:\newsoft\wamp\www\s2d4op5jtn\meiye\Application\Runtime\Cache\Admin\c59ac52b3b02df022890ed93499bde7e.php 第 285 行.
NOTIC: [8] Use of undefined constant column_open - assumed 'column_open' D:\newsoft\wamp\www\s2d4op5jtn\meiye\Application\Runtime\Cache\Admin\c59ac52b3b02df022890ed93499bde7e.php 第 270 行.
NOTIC: [8] Use of undefined constant column_leftid - assumed 'column_leftid' D:\newsoft\wamp\www\s2d4op5jtn\meiye\Application\Runtime\Cache\Admin\c59ac52b3b02df022890ed93499bde7e.php 第 281 行.
NOTIC: [8] Use of undefined constant column_leftid - assumed 'column_leftid' D:\newsoft\wamp\www\s2d4op5jtn\meiye\Application\Runtime\Cache\Admin\c59ac52b3b02df022890ed93499bde7e.php 第 285 行.
NOTIC: [8] Use of undefined constant column_open - assumed 'column_open' D:\newsoft\wamp\www\s2d4op5jtn\meiye\Application\Runtime\Cache\Admin\c59ac52b3b02df022890ed93499bde7e.php 第 270 行.
NOTIC: [8] Use of undefined constant column_leftid - assumed 'column_leftid' D:\newsoft\wamp\www\s2d4op5jtn\meiye\Application\Runtime\Cache\Admin\c59ac52b3b02df022890ed93499bde7e.php 第 281 行.
NOTIC: [8] Use of undefined constant column_leftid - assumed 'column_leftid' D:\newsoft\wamp\www\s2d4op5jtn\meiye\Application\Runtime\Cache\Admin\c59ac52b3b02df022890ed93499bde7e.php 第 285 行.
NOTIC: [8] Use of undefined constant column_open - assumed 'column_open' D:\newsoft\wamp\www\s2d4op5jtn\meiye\Application\Runtime\Cache\Admin\c59ac52b3b02df022890ed93499bde7e.php 第 270 行.
NOTIC: [8] Use of undefined constant column_leftid - assumed 'column_leftid' D:\newsoft\wamp\www\s2d4op5jtn\meiye\Application\Runtime\Cache\Admin\c59ac52b3b02df022890ed93499bde7e.php 第 281 行.
NOTIC: [8] Use of undefined constant column_leftid - assumed 'column_leftid' D:\newsoft\wamp\www\s2d4op5jtn\meiye\Application\Runtime\Cache\Admin\c59ac52b3b02df022890ed93499bde7e.php 第 285 行.
NOTIC: [8] Use of undefined constant column_open - assumed 'column_open' D:\newsoft\wamp\www\s2d4op5jtn\meiye\Application\Runtime\Cache\Admin\c59ac52b3b02df022890ed93499bde7e.php 第 270 行.
NOTIC: [8] Use of undefined constant column_leftid - assumed 'column_leftid' D:\newsoft\wamp\www\s2d4op5jtn\meiye\Application\Runtime\Cache\Admin\c59ac52b3b02df022890ed93499bde7e.php 第 281 行.
NOTIC: [8] Use of undefined constant column_leftid - assumed 'column_leftid' D:\newsoft\wamp\www\s2d4op5jtn\meiye\Application\Runtime\Cache\Admin\c59ac52b3b02df022890ed93499bde7e.php 第 285 行.
INFO: Run Behavior\ParseTemplateBehavior [ RunTime:0.095235s ]
INFO: [ view_parse ] --END-- [ RunTime:0.095420s ]
INFO: [ view_filter ] --START--
INFO: Run Behavior\WriteHtmlCacheBehavior [ RunTime:0.000814s ]
INFO: Run Behavior\TokenBuildBehavior [ RunTime:0.001808s ]
INFO: [ view_filter ] --END-- [ RunTime:0.002862s ]
INFO: [ app_end ] --START--
INFO: Run Behavior\ShowPageTraceBehavior [ RunTime:0.001058s ]
INFO: [ app_end ] --END-- [ RunTime:0.001234s ]

[ 2017-12-17T23:58:36+08:00 ] 127.0.0.1 /index.php/Admin/News/news_list.html
INFO: [ app_init ] --START--
INFO: Run Behavior\BuildLiteBehavior [ RunTime:0.000036s ]
INFO: [ app_init ] --END-- [ RunTime:0.000651s ]
INFO: [ app_begin ] --START--
INFO: Run Behavior\ReadHtmlCacheBehavior [ RunTime:0.000754s ]
INFO: [ app_begin ] --END-- [ RunTime:0.000937s ]
NOTIC: [8] Undefined offset: 1 D:\newsoft\wamp\www\s2d4op5jtn\meiye\Application\Admin\Controller\NewsController.class.php 第 20 行.
INFO: [ view_parse ] --START--
INFO: [ template_filter ] --START--
INFO: Run Behavior\ContentReplaceBehavior [ RunTime:0.000667s ]
INFO: [ template_filter ] --END-- [ RunTime:0.001603s ]
NOTIC: [8] Use of undefined constant news_open - assumed 'news_open' D:\newsoft\wamp\www\s2d4op5jtn\meiye\Application\Runtime\Cache\Admin\5dc7cb56e7e8cd7601e6f40f87c141e0.php 第 351 行.
INFO: Run Behavior\ParseTemplateBehavior [ RunTime:0.083555s ]
INFO: [ view_parse ] --END-- [ RunTime:0.083754s ]
INFO: [ view_filter ] --START--
INFO: Run Behavior\WriteHtmlCacheBehavior [ RunTime:0.001142s ]
INFO: Run Behavior\TokenBuildBehavior [ RunTime:0.002199s ]
INFO: [ view_filter ] --END-- [ RunTime:0.003679s ]
INFO: [ app_end ] --START--
INFO: Run Behavior\ShowPageTraceBehavior [ RunTime:0.001027s ]
INFO: [ app_end ] --END-- [ RunTime:0.001332s ]

[ 2017-12-17T23:58:43+08:00 ] 127.0.0.1 /index.php/Admin/News/news_listadd.html
INFO: [ app_init ] --START--
INFO: Run Behavior\BuildLiteBehavior [ RunTime:0.000035s ]
INFO: [ app_init ] --END-- [ RunTime:0.000625s ]
INFO: [ app_begin ] --START--
INFO: Run Behavior\ReadHtmlCacheBehavior [ RunTime:0.000956s ]
INFO: [ app_begin ] --END-- [ RunTime:0.001161s ]
INFO: [ view_parse ] --START--
INFO: [ template_filter ] --START--
INFO: Run Behavior\ContentReplaceBehavior [ RunTime:0.000229s ]
INFO: [ template_filter ] --END-- [ RunTime:0.000412s ]
INFO: Run Behavior\ParseTemplateBehavior [ RunTime:0.092070s ]
INFO: [ view_parse ] --END-- [ RunTime:0.092248s ]
INFO: [ view_filter ] --START--
INFO: Run Behavior\WriteHtmlCacheBehavior [ RunTime:0.000791s ]
INFO: Run Behavior\TokenBuildBehavior [ RunTime:0.001656s ]
INFO: [ view_filter ] --END-- [ RunTime:0.002729s ]
INFO: [ app_end ] --START--
INFO: Run Behavior\ShowPageTraceBehavior [ RunTime:0.001155s ]
INFO: [ app_end ] --END-- [ RunTime:0.001435s ]

[ 2017-12-17T23:59:07+08:00 ] 127.0.0.1 /index.php/Admin/News/news_list.html
INFO: [ app_init ] --START--
INFO: Run Behavior\BuildLiteBehavior [ RunTime:0.000036s ]
INFO: [ app_init ] --END-- [ RunTime:0.000687s ]
INFO: [ app_begin ] --START--
INFO: Run Behavior\ReadHtmlCacheBehavior [ RunTime:0.001043s ]
INFO: [ app_begin ] --END-- [ RunTime:0.001226s ]
NOTIC: [8] Undefined offset: 1 D:\newsoft\wamp\www\s2d4op5jtn\meiye\Application\Admin\Controller\NewsController.class.php 第 20 行.
INFO: [ view_parse ] --START--
INFO: [ template_filter ] --START--
INFO: Run Behavior\ContentReplaceBehavior [ RunTime:0.000206s ]
INFO: [ template_filter ] --END-- [ RunTime:0.000387s ]
NOTIC: [8] Use of undefined constant news_open - assumed 'news_open' D:\newsoft\wamp\www\s2d4op5jtn\meiye\Application\Runtime\Cache\Admin\5dc7cb56e7e8cd7601e6f40f87c141e0.php 第 351 行.
INFO: Run Behavior\ParseTemplateBehavior [ RunTime:0.082437s ]
INFO: [ view_parse ] --END-- [ RunTime:0.082607s ]
INFO: [ view_filter ] --START--
INFO: Run Behavior\WriteHtmlCacheBehavior [ RunTime:0.000887s ]
INFO: Run Behavior\TokenBuildBehavior [ RunTime:0.001864s ]
INFO: [ view_filter ] --END-- [ RunTime:0.003018s ]
INFO: [ app_end ] --START--
INFO: Run Behavior\ShowPageTraceBehavior [ RunTime:0.000993s ]
INFO: [ app_end ] --END-- [ RunTime:0.001166s ]

[ 2017-12-17T23:59:10+08:00 ] 127.0.0.1 /index.php/Admin/News/news_back.html
INFO: [ app_init ] --START--
INFO: Run Behavior\BuildLiteBehavior [ RunTime:0.000037s ]
INFO: [ app_init ] --END-- [ RunTime:0.000731s ]
INFO: [ app_begin ] --START--
INFO: Run Behavior\ReadHtmlCacheBehavior [ RunTime:0.000665s ]
INFO: [ app_begin ] --END-- [ RunTime:0.000843s ]
NOTIC: [8] Use of undefined constant news_title - assumed 'news_title' D:\newsoft\wamp\www\s2d4op5jtn\meiye\Application\Admin\Controller\NewsController.class.php 第 228 行.
NOTIC: [8] Undefined offset: 1 D:\newsoft\wamp\www\s2d4op5jtn\meiye\Application\Admin\Controller\NewsController.class.php 第 235 行.
INFO: [ view_parse ] --START--
INFO: [ template_filter ] --START--
INFO: Run Behavior\ContentReplaceBehavior [ RunTime:0.000231s ]
INFO: [ template_filter ] --END-- [ RunTime:0.000399s ]
NOTIC: [8] Undefined variable: diyflag D:\newsoft\wamp\www\s2d4op5jtn\meiye\Application\Runtime\Cache\Admin\63a14476e9b8e15b87628f93e42f8a66.php 第 270 行.
INFO: Run Behavior\ParseTemplateBehavior [ RunTime:0.105373s ]
INFO: [ view_parse ] --END-- [ RunTime:0.105742s ]
INFO: [ view_filter ] --START--
INFO: Run Behavior\WriteHtmlCacheBehavior [ RunTime:0.001230s ]
INFO: Run Behavior\TokenBuildBehavior [ RunTime:0.001834s ]
INFO: [ view_filter ] --END-- [ RunTime:0.003359s ]
INFO: [ app_end ] --START--
INFO: Run Behavior\ShowPageTraceBehavior [ RunTime:0.000904s ]
INFO: [ app_end ] --END-- [ RunTime:0.001090s ]

[ 2017-12-17T23:59:13+08:00 ] 127.0.0.1 /index.php/Admin/News/news_column.html
INFO: [ app_init ] --START--
INFO: Run Behavior\BuildLiteBehavior [ RunTime:0.000038s ]
INFO: [ app_init ] --END-- [ RunTime:0.000725s ]
INFO: [ app_begin ] --START--
INFO: Run Behavior\ReadHtmlCacheBehavior [ RunTime:0.000741s ]
INFO: [ app_begin ] --END-- [ RunTime:0.000907s ]
INFO: [ view_parse ] --START--
INFO: [ template_filter ] --START--
INFO: Run Behavior\ContentReplaceBehavior [ RunTime:0.000272s ]
INFO: [ template_filter ] --END-- [ RunTime:0.000450s ]
NOTIC: [8] Use of undefined constant column_open - assumed 'column_open' D:\newsoft\wamp\www\s2d4op5jtn\meiye\Application\Runtime\Cache\Admin\c59ac52b3b02df022890ed93499bde7e.php 第 270 行.
NOTIC: [8] Use of undefined constant column_leftid - assumed 'column_leftid' D:\newsoft\wamp\www\s2d4op5jtn\meiye\Application\Runtime\Cache\Admin\c59ac52b3b02df022890ed93499bde7e.php 第 281 行.
NOTIC: [8] Use of undefined constant column_leftid - assumed 'column_leftid' D:\newsoft\wamp\www\s2d4op5jtn\meiye\Application\Runtime\Cache\Admin\c59ac52b3b02df022890ed93499bde7e.php 第 285 行.
NOTIC: [8] Use of undefined constant column_open - assumed 'column_open' D:\newsoft\wamp\www\s2d4op5jtn\meiye\Application\Runtime\Cache\Admin\c59ac52b3b02df022890ed93499bde7e.php 第 270 行.
NOTIC: [8] Use of undefined constant column_leftid - assumed 'column_leftid' D:\newsoft\wamp\www\s2d4op5jtn\meiye\Application\Runtime\Cache\Admin\c59ac52b3b02df022890ed93499bde7e.php 第 281 行.
NOTIC: [8] Use of undefined constant column_leftid - assumed 'column_leftid' D:\newsoft\wamp\www\s2d4op5jtn\meiye\Application\Runtime\Cache\Admin\c59ac52b3b02df022890ed93499bde7e.php 第 285 行.
NOTIC: [8] Use of undefined constant column_open - assumed 'column_open' D:\newsoft\wamp\www\s2d4op5jtn\meiye\Application\Runtime\Cache\Admin\c59ac52b3b02df022890ed93499bde7e.php 第 270 行.
NOTIC: [8] Use of undefined constant column_leftid - assumed 'column_leftid' D:\newsoft\wamp\www\s2d4op5jtn\meiye\Application\Runtime\Cache\Admin\c59ac52b3b02df022890ed93499bde7e.php 第 281 行.
NOTIC: [8] Use of undefined constant column_leftid - assumed 'column_leftid' D:\newsoft\wamp\www\s2d4op5jtn\meiye\Application\Runtime\Cache\Admin\c59ac52b3b02df022890ed93499bde7e.php 第 285 行.
NOTIC: [8] Use of undefined constant column_open - assumed 'column_open' D:\newsoft\wamp\www\s2d4op5jtn\meiye\Application\Runtime\Cache\Admin\c59ac52b3b02df022890ed93499bde7e.php 第 270 行.
NOTIC: [8] Use of undefined constant column_leftid - assumed 'column_leftid' D:\newsoft\wamp\www\s2d4op5jtn\meiye\Application\Runtime\Cache\Admin\c59ac52b3b02df022890ed93499bde7e.php 第 281 行.
NOTIC: [8] Use of undefined constant column_leftid - assumed 'column_leftid' D:\newsoft\wamp\www\s2d4op5jtn\meiye\Application\Runtime\Cache\Admin\c59ac52b3b02df022890ed93499bde7e.php 第 285 行.
NOTIC: [8] Use of undefined constant column_open - assumed 'column_open' D:\newsoft\wamp\www\s2d4op5jtn\meiye\Application\Runtime\Cache\Admin\c59ac52b3b02df022890ed93499bde7e.php 第 270 行.
NOTIC: [8] Use of undefined constant column_leftid - assumed 'column_leftid' D:\newsoft\wamp\www\s2d4op5jtn\meiye\Application\Runtime\Cache\Admin\c59ac52b3b02df022890ed93499bde7e.php 第 281 行.
NOTIC: [8] Use of undefined constant column_leftid - assumed 'column_leftid' D:\newsoft\wamp\www\s2d4op5jtn\meiye\Application\Runtime\Cache\Admin\c59ac52b3b02df022890ed93499bde7e.php 第 285 行.
NOTIC: [8] Use of undefined constant column_open - assumed 'column_open' D:\newsoft\wamp\www\s2d4op5jtn\meiye\Application\Runtime\Cache\Admin\c59ac52b3b02df022890ed93499bde7e.php 第 270 行.
NOTIC: [8] Use of undefined constant column_leftid - assumed 'column_leftid' D:\newsoft\wamp\www\s2d4op5jtn\meiye\Application\Runtime\Cache\Admin\c59ac52b3b02df022890ed93499bde7e.php 第 281 行.
NOTIC: [8] Use of undefined constant column_leftid - assumed 'column_leftid' D:\newsoft\wamp\www\s2d4op5jtn\meiye\Application\Runtime\Cache\Admin\c59ac52b3b02df022890ed93499bde7e.php 第 285 行.
NOTIC: [8] Use of undefined constant column_open - assumed 'column_open' D:\newsoft\wamp\www\s2d4op5jtn\meiye\Application\Runtime\Cache\Admin\c59ac52b3b02df022890ed93499bde7e.php 第 270 行.
NOTIC: [8] Use of undefined constant column_leftid - assumed 'column_leftid' D:\newsoft\wamp\www\s2d4op5jtn\meiye\Application\Runtime\Cache\Admin\c59ac52b3b02df022890ed93499bde7e.php 第 281 行.
NOTIC: [8] Use of undefined constant column_leftid - assumed 'column_leftid' D:\newsoft\wamp\www\s2d4op5jtn\meiye\Application\Runtime\Cache\Admin\c59ac52b3b02df022890ed93499bde7e.php 第 285 行.
NOTIC: [8] Use of undefined constant column_open - assumed 'column_open' D:\newsoft\wamp\www\s2d4op5jtn\meiye\Application\Runtime\Cache\Admin\c59ac52b3b02df022890ed93499bde7e.php 第 270 行.
NOTIC: [8] Use of undefined constant column_leftid - assumed 'column_leftid' D:\newsoft\wamp\www\s2d4op5jtn\meiye\Application\Runtime\Cache\Admin\c59ac52b3b02df022890ed93499bde7e.php 第 281 行.
NOTIC: [8] Use of undefined constant column_leftid - assumed 'column_leftid' D:\newsoft\wamp\www\s2d4op5jtn\meiye\Application\Runtime\Cache\Admin\c59ac52b3b02df022890ed93499bde7e.php 第 285 行.
NOTIC: [8] Use of undefined constant column_open - assumed 'column_open' D:\newsoft\wamp\www\s2d4op5jtn\meiye\Application\Runtime\Cache\Admin\c59ac52b3b02df022890ed93499bde7e.php 第 270 行.
NOTIC: [8] Use of undefined constant column_leftid - assumed 'column_leftid' D:\newsoft\wamp\www\s2d4op5jtn\meiye\Application\Runtime\Cache\Admin\c59ac52b3b02df022890ed93499bde7e.php 第 281 行.
NOTIC: [8] Use of undefined constant column_leftid - assumed 'column_leftid' D:\newsoft\wamp\www\s2d4op5jtn\meiye\Application\Runtime\Cache\Admin\c59ac52b3b02df022890ed93499bde7e.php 第 285 行.
NOTIC: [8] Use of undefined constant column_open - assumed 'column_open' D:\newsoft\wamp\www\s2d4op5jtn\meiye\Application\Runtime\Cache\Admin\c59ac52b3b02df022890ed93499bde7e.php 第 270 行.
NOTIC: [8] Use of undefined constant column_leftid - assumed 'column_leftid' D:\newsoft\wamp\www\s2d4op5jtn\meiye\Application\Runtime\Cache\Admin\c59ac52b3b02df022890ed93499bde7e.php 第 281 行.
NOTIC: [8] Use of undefined constant column_leftid - assumed 'column_leftid' D:\newsoft\wamp\www\s2d4op5jtn\meiye\Application\Runtime\Cache\Admin\c59ac52b3b02df022890ed93499bde7e.php 第 285 行.
NOTIC: [8] Use of undefined constant column_open - assumed 'column_open' D:\newsoft\wamp\www\s2d4op5jtn\meiye\Application\Runtime\Cache\Admin\c59ac52b3b02df022890ed93499bde7e.php 第 270 行.
NOTIC: [8] Use of undefined constant column_leftid - assumed 'column_leftid' D:\newsoft\wamp\www\s2d4op5jtn\meiye\Application\Runtime\Cache\Admin\c59ac52b3b02df022890ed93499bde7e.php 第 281 行.
NOTIC: [8] Use of undefined constant column_leftid - assumed 'column_leftid' D:\newsoft\wamp\www\s2d4op5jtn\meiye\Application\Runtime\Cache\Admin\c59ac52b3b02df022890ed93499bde7e.php 第 285 行.
NOTIC: [8] Use of undefined constant column_open - assumed 'column_open' D:\newsoft\wamp\www\s2d4op5jtn\meiye\Application\Runtime\Cache\Admin\c59ac52b3b02df022890ed93499bde7e.php 第 270 行.
NOTIC: [8] Use of undefined constant column_leftid - assumed 'column_leftid' D:\newsoft\wamp\www\s2d4op5jtn\meiye\Application\Runtime\Cache\Admin\c59ac52b3b02df022890ed93499bde7e.php 第 281 行.
NOTIC: [8] Use of undefined constant column_leftid - assumed 'column_leftid' D:\newsoft\wamp\www\s2d4op5jtn\meiye\Application\Runtime\Cache\Admin\c59ac52b3b02df022890ed93499bde7e.php 第 285 行.
INFO: Run Behavior\ParseTemplateBehavior [ RunTime:0.090894s ]
INFO: [ view_parse ] --END-- [ RunTime:0.091071s ]
INFO: [ view_filter ] --START--
INFO: Run Behavior\WriteHtmlCacheBehavior [ RunTime:0.001314s ]
INFO: Run Behavior\TokenBuildBehavior [ RunTime:0.002455s ]
INFO: [ view_filter ] --END-- [ RunTime:0.004096s ]
INFO: [ app_end ] --START--
INFO: Run Behavior\ShowPageTraceBehavior [ RunTime:0.001064s ]
INFO: [ app_end ] --END-- [ RunTime:0.001240s ]

[ 2017-12-17T23:59:24+08:00 ] 127.0.0.1 /index.php/Admin/News/news_columnedit/c_id/3.html
INFO: [ app_init ] --START--
INFO: Run Behavior\BuildLiteBehavior [ RunTime:0.000037s ]
INFO: [ app_init ] --END-- [ RunTime:0.000815s ]
INFO: [ app_begin ] --START--
INFO: Run Behavior\ReadHtmlCacheBehavior [ RunTime:0.000764s ]
INFO: [ app_begin ] --END-- [ RunTime:0.000954s ]
INFO: [ view_parse ] --START--
INFO: [ template_filter ] --START--
INFO: Run Behavior\ContentReplaceBehavior [ RunTime:0.000285s ]
INFO: [ template_filter ] --END-- [ RunTime:0.000463s ]
INFO: Run Behavior\ParseTemplateBehavior [ RunTime:0.075486s ]
INFO: [ view_parse ] --END-- [ RunTime:0.075665s ]
INFO: [ view_filter ] --START--
INFO: Run Behavior\WriteHtmlCacheBehavior [ RunTime:0.000789s ]
INFO: Run Behavior\TokenBuildBehavior [ RunTime:0.001557s ]
INFO: [ view_filter ] --END-- [ RunTime:0.002586s ]
INFO: [ app_end ] --START--
INFO: Run Behavior\ShowPageTraceBehavior [ RunTime:0.001086s ]
INFO: [ app_end ] --END-- [ RunTime:0.001395s ]

[ 2017-12-17T23:59:48+08:00 ] 127.0.0.1 /index.php/Admin/News/runnews_columnedit.html
INFO: [ app_init ] --START--
INFO: Run Behavior\BuildLiteBehavior [ RunTime:0.000057s ]
INFO: [ app_init ] --END-- [ RunTime:0.001715s ]
INFO: [ app_begin ] --START--
INFO: Run Behavior\ReadHtmlCacheBehavior [ RunTime:0.001415s ]
INFO: [ app_begin ] --END-- [ RunTime:0.001629s ]

[ 2017-12-17T23:59:49+08:00 ] 127.0.0.1 /index.php/Admin/News/news_column.html
INFO: [ app_init ] --START--
INFO: Run Behavior\BuildLiteBehavior [ RunTime:0.000039s ]
INFO: [ app_init ] --END-- [ RunTime:0.000887s ]
INFO: [ app_begin ] --START--
INFO: Run Behavior\ReadHtmlCacheBehavior [ RunTime:0.001590s ]
INFO: [ app_begin ] --END-- [ RunTime:0.001890s ]
INFO: [ view_parse ] --START--
INFO: [ template_filter ] --START--
INFO: Run Behavior\ContentReplaceBehavior [ RunTime:0.000273s ]
INFO: [ template_filter ] --END-- [ RunTime:0.000466s ]
NOTIC: [8] Use of undefined constant column_open - assumed 'column_open' D:\newsoft\wamp\www\s2d4op5jtn\meiye\Application\Runtime\Cache\Admin\c59ac52b3b02df022890ed93499bde7e.php 第 270 行.
NOTIC: [8] Use of undefined constant column_leftid - assumed 'column_leftid' D:\newsoft\wamp\www\s2d4op5jtn\meiye\Application\Runtime\Cache\Admin\c59ac52b3b02df022890ed93499bde7e.php 第 281 行.
NOTIC: [8] Use of undefined constant column_leftid - assumed 'column_leftid' D:\newsoft\wamp\www\s2d4op5jtn\meiye\Application\Runtime\Cache\Admin\c59ac52b3b02df022890ed93499bde7e.php 第 285 行.
NOTIC: [8] Use of undefined constant column_open - assumed 'column_open' D:\newsoft\wamp\www\s2d4op5jtn\meiye\Application\Runtime\Cache\Admin\c59ac52b3b02df022890ed93499bde7e.php 第 270 行.
NOTIC: [8] Use of undefined constant column_leftid - assumed 'column_leftid' D:\newsoft\wamp\www\s2d4op5jtn\meiye\Application\Runtime\Cache\Admin\c59ac52b3b02df022890ed93499bde7e.php 第 281 行.
NOTIC: [8] Use of undefined constant column_leftid - assumed 'column_leftid' D:\newsoft\wamp\www\s2d4op5jtn\meiye\Application\Runtime\Cache\Admin\c59ac52b3b02df022890ed93499bde7e.php 第 285 行.
NOTIC: [8] Use of undefined constant column_open - assumed 'column_open' D:\newsoft\wamp\www\s2d4op5jtn\meiye\Application\Runtime\Cache\Admin\c59ac52b3b02df022890ed93499bde7e.php 第 270 行.
NOTIC: [8] Use of undefined constant column_leftid - assumed 'column_leftid' D:\newsoft\wamp\www\s2d4op5jtn\meiye\Application\Runtime\Cache\Admin\c59ac52b3b02df022890ed93499bde7e.php 第 281 行.
NOTIC: [8] Use of undefined constant column_leftid - assumed 'column_leftid' D:\newsoft\wamp\www\s2d4op5jtn\meiye\Application\Runtime\Cache\Admin\c59ac52b3b02df022890ed93499bde7e.php 第 285 行.
NOTIC: [8] Use of undefined constant column_open - assumed 'column_open' D:\newsoft\wamp\www\s2d4op5jtn\meiye\Application\Runtime\Cache\Admin\c59ac52b3b02df022890ed93499bde7e.php 第 270 行.
NOTIC: [8] Use of undefined constant column_leftid - assumed 'column_leftid' D:\newsoft\wamp\www\s2d4op5jtn\meiye\Application\Runtime\Cache\Admin\c59ac52b3b02df022890ed93499bde7e.php 第 281 行.
NOTIC: [8] Use of undefined constant column_leftid - assumed 'column_leftid' D:\newsoft\wamp\www\s2d4op5jtn\meiye\Application\Runtime\Cache\Admin\c59ac52b3b02df022890ed93499bde7e.php 第 285 行.
NOTIC: [8] Use of undefined constant column_open - assumed 'column_open' D:\newsoft\wamp\www\s2d4op5jtn\meiye\Application\Runtime\Cache\Admin\c59ac52b3b02df022890ed93499bde7e.php 第 270 行.
NOTIC: [8] Use of undefined constant column_leftid - assumed 'column_leftid' D:\newsoft\wamp\www\s2d4op5jtn\meiye\Application\Runtime\Cache\Admin\c59ac52b3b02df022890ed93499bde7e.php 第 281 行.
NOTIC: [8] Use of undefined constant column_leftid - assumed 'column_leftid' D:\newsoft\wamp\www\s2d4op5jtn\meiye\Application\Runtime\Cache\Admin\c59ac52b3b02df022890ed93499bde7e.php 第 285 行.
NOTIC: [8] Use of undefined constant column_open - assumed 'column_open' D:\newsoft\wamp\www\s2d4op5jtn\meiye\Application\Runtime\Cache\Admin\c59ac52b3b02df022890ed93499bde7e.php 第 270 行.
NOTIC: [8] Use of undefined constant column_leftid - assumed 'column_leftid' D:\newsoft\wamp\www\s2d4op5jtn\meiye\Application\Runtime\Cache\Admin\c59ac52b3b02df022890ed93499bde7e.php 第 281 行.
NOTIC: [8] Use of undefined constant column_leftid - assumed 'column_leftid' D:\newsoft\wamp\www\s2d4op5jtn\meiye\Application\Runtime\Cache\Admin\c59ac52b3b02df022890ed93499bde7e.php 第 285 行.
NOTIC: [8] Use of undefined constant column_open - assumed 'column_open' D:\newsoft\wamp\www\s2d4op5jtn\meiye\Application\Runtime\Cache\Admin\c59ac52b3b02df022890ed93499bde7e.php 第 270 行.
NOTIC: [8] Use of undefined constant column_leftid - assumed 'column_leftid' D:\newsoft\wamp\www\s2d4op5jtn\meiye\Application\Runtime\Cache\Admin\c59ac52b3b02df022890ed93499bde7e.php 第 281 行.
NOTIC: [8] Use of undefined constant column_leftid - assumed 'column_leftid' D:\newsoft\wamp\www\s2d4op5jtn\meiye\Application\Runtime\Cache\Admin\c59ac52b3b02df022890ed93499bde7e.php 第 285 行.
NOTIC: [8] Use of undefined constant column_open - assumed 'column_open' D:\newsoft\wamp\www\s2d4op5jtn\meiye\Application\Runtime\Cache\Admin\c59ac52b3b02df022890ed93499bde7e.php 第 270 行.
NOTIC: [8] Use of undefined constant column_leftid - assumed 'column_leftid' D:\newsoft\wamp\www\s2d4op5jtn\meiye\Application\Runtime\Cache\Admin\c59ac52b3b02df022890ed93499bde7e.php 第 281 行.
NOTIC: [8] Use of undefined constant column_leftid - assumed 'column_leftid' D:\newsoft\wamp\www\s2d4op5jtn\meiye\Application\Runtime\Cache\Admin\c59ac52b3b02df022890ed93499bde7e.php 第 285 行.
NOTIC: [8] Use of undefined constant column_open - assumed 'column_open' D:\newsoft\wamp\www\s2d4op5jtn\meiye\Application\Runtime\Cache\Admin\c59ac52b3b02df022890ed93499bde7e.php 第 270 行.
NOTIC: [8] Use of undefined constant column_leftid - assumed 'column_leftid' D:\newsoft\wamp\www\s2d4op5jtn\meiye\Application\Runtime\Cache\Admin\c59ac52b3b02df022890ed93499bde7e.php 第 281 行.
NOTIC: [8] Use of undefined constant column_leftid - assumed 'column_leftid' D:\newsoft\wamp\www\s2d4op5jtn\meiye\Application\Runtime\Cache\Admin\c59ac52b3b02df022890ed93499bde7e.php 第 285 行.
NOTIC: [8] Use of undefined constant column_open - assumed 'column_open' D:\newsoft\wamp\www\s2d4op5jtn\meiye\Application\Runtime\Cache\Admin\c59ac52b3b02df022890ed93499bde7e.php 第 270 行.
NOTIC: [8] Use of undefined constant column_leftid - assumed 'column_leftid' D:\newsoft\wamp\www\s2d4op5jtn\meiye\Application\Runtime\Cache\Admin\c59ac52b3b02df022890ed93499bde7e.php 第 281 行.
NOTIC: [8] Use of undefined constant column_leftid - assumed 'column_leftid' D:\newsoft\wamp\www\s2d4op5jtn\meiye\Application\Runtime\Cache\Admin\c59ac52b3b02df022890ed93499bde7e.php 第 285 行.
NOTIC: [8] Use of undefined constant column_open - assumed 'column_open' D:\newsoft\wamp\www\s2d4op5jtn\meiye\Application\Runtime\Cache\Admin\c59ac52b3b02df022890ed93499bde7e.php 第 270 行.
NOTIC: [8] Use of undefined constant column_leftid - assumed 'column_leftid' D:\newsoft\wamp\www\s2d4op5jtn\meiye\Application\Runtime\Cache\Admin\c59ac52b3b02df022890ed93499bde7e.php 第 281 行.
NOTIC: [8] Use of undefined constant column_leftid - assumed 'column_leftid' D:\newsoft\wamp\www\s2d4op5jtn\meiye\Application\Runtime\Cache\Admin\c59ac52b3b02df022890ed93499bde7e.php 第 285 行.
NOTIC: [8] Use of undefined constant column_open - assumed 'column_open' D:\newsoft\wamp\www\s2d4op5jtn\meiye\Application\Runtime\Cache\Admin\c59ac52b3b02df022890ed93499bde7e.php 第 270 行.
NOTIC: [8] Use of undefined constant column_leftid - assumed 'column_leftid' D:\newsoft\wamp\www\s2d4op5jtn\meiye\Application\Runtime\Cache\Admin\c59ac52b3b02df022890ed93499bde7e.php 第 281 行.
NOTIC: [8] Use of undefined constant column_leftid - assumed 'column_leftid' D:\newsoft\wamp\www\s2d4op5jtn\meiye\Application\Runtime\Cache\Admin\c59ac52b3b02df022890ed93499bde7e.php 第 285 行.
INFO: Run Behavior\ParseTemplateBehavior [ RunTime:0.095506s ]
INFO: [ view_parse ] --END-- [ RunTime:0.095714s ]
INFO: [ view_filter ] --START--
INFO: Run Behavior\WriteHtmlCacheBehavior [ RunTime:0.001431s ]
INFO: Run Behavior\TokenBuildBehavior [ RunTime:0.002403s ]
INFO: [ view_filter ] --END-- [ RunTime:0.004158s ]
INFO: [ app_end ] --START--
INFO: Run Behavior\ShowPageTraceBehavior [ RunTime:0.001588s ]
INFO: [ app_end ] --END-- [ RunTime:0.001854s ]

