[ 2017-12-06T22:18:29+08:00 ] 127.0.0.1 /admin
INFO: [ app_init ] --START--
INFO: Run Behavior\BuildLiteBehavior [ RunTime:0.000053s ]
INFO: [ app_init ] --END-- [ RunTime:0.000984s ]
INFO: [ app_begin ] --START--
INFO: Run Behavior\ReadHtmlCacheBehavior [ RunTime:0.001158s ]
INFO: [ app_begin ] --END-- [ RunTime:0.001398s ]

[ 2017-12-06T22:18:29+08:00 ] 127.0.0.1 /index.php/Admin/Login/login.html
INFO: [ app_init ] --START--
INFO: Run Behavior\BuildLiteBehavior [ RunTime:0.000022s ]
INFO: [ app_init ] --END-- [ RunTime:0.000387s ]
INFO: [ app_begin ] --START--
INFO: Run Behavior\ReadHtmlCacheBehavior [ RunTime:0.000451s ]
INFO: [ app_begin ] --END-- [ RunTime:0.000537s ]
INFO: [ view_parse ] --START--
INFO: [ template_filter ] --START--
INFO: Run Behavior\ContentReplaceBehavior [ RunTime:0.000090s ]
INFO: [ template_filter ] --END-- [ RunTime:0.000187s ]
INFO: Run Behavior\ParseTemplateBehavior [ RunTime:0.086371s ]
INFO: [ view_parse ] --END-- [ RunTime:0.086518s ]
INFO: [ view_filter ] --START--
INFO: Run Behavior\WriteHtmlCacheBehavior [ RunTime:0.000666s ]
INFO: Run Behavior\TokenBuildBehavior [ RunTime:0.002371s ]
INFO: [ view_filter ] --END-- [ RunTime:0.003289s ]
INFO: [ app_end ] --START--
INFO: Run Behavior\ShowPageTraceBehavior [ RunTime:0.001251s ]
INFO: [ app_end ] --END-- [ RunTime:0.001443s ]

[ 2017-12-06T22:18:29+08:00 ] 127.0.0.1 /index.php/Admin/Login/verfity.html
INFO: [ app_init ] --START--
INFO: Run Behavior\BuildLiteBehavior [ RunTime:0.000022s ]
INFO: [ app_init ] --END-- [ RunTime:0.000450s ]
INFO: [ app_begin ] --START--
INFO: Run Behavior\ReadHtmlCacheBehavior [ RunTime:0.000601s ]
INFO: [ app_begin ] --END-- [ RunTime:0.000698s ]
INFO: [ app_end ] --START--
INFO: Run Behavior\ShowPageTraceBehavior [ RunTime:0.000907s ]
INFO: [ app_end ] --END-- [ RunTime:0.001069s ]

[ 2017-12-06T22:18:42+08:00 ] 127.0.0.1 /index.php/Admin/Login/runlogin.html
INFO: [ app_init ] --START--
INFO: Run Behavior\BuildLiteBehavior [ RunTime:0.000021s ]
INFO: [ app_init ] --END-- [ RunTime:0.000380s ]
INFO: [ app_begin ] --START--
INFO: Run Behavior\ReadHtmlCacheBehavior [ RunTime:0.000446s ]
INFO: [ app_begin ] --END-- [ RunTime:0.000521s ]

[ 2017-12-06T22:18:43+08:00 ] 127.0.0.1 /index.php/Admin/Login/login.html
INFO: [ app_init ] --START--
INFO: Run Behavior\BuildLiteBehavior [ RunTime:0.000021s ]
INFO: [ app_init ] --END-- [ RunTime:0.000386s ]
INFO: [ app_begin ] --START--
INFO: Run Behavior\ReadHtmlCacheBehavior [ RunTime:0.000449s ]
INFO: [ app_begin ] --END-- [ RunTime:0.000535s ]
INFO: [ view_parse ] --START--
INFO: [ template_filter ] --START--
INFO: Run Behavior\ContentReplaceBehavior [ RunTime:0.000087s ]
INFO: [ template_filter ] --END-- [ RunTime:0.000178s ]
INFO: Run Behavior\ParseTemplateBehavior [ RunTime:0.007506s ]
INFO: [ view_parse ] --END-- [ RunTime:0.007643s ]
INFO: [ view_filter ] --START--
INFO: Run Behavior\WriteHtmlCacheBehavior [ RunTime:0.000551s ]
INFO: Run Behavior\TokenBuildBehavior [ RunTime:0.001233s ]
INFO: [ view_filter ] --END-- [ RunTime:0.001948s ]
INFO: [ app_end ] --START--
INFO: Run Behavior\ShowPageTraceBehavior [ RunTime:0.000696s ]
INFO: [ app_end ] --END-- [ RunTime:0.000814s ]

[ 2017-12-06T22:18:43+08:00 ] 127.0.0.1 /index.php/Admin/Login/verfity.html
INFO: [ app_init ] --START--
INFO: Run Behavior\BuildLiteBehavior [ RunTime:0.000023s ]
INFO: [ app_init ] --END-- [ RunTime:0.000468s ]
INFO: [ app_begin ] --START--
INFO: Run Behavior\ReadHtmlCacheBehavior [ RunTime:0.000471s ]
INFO: [ app_begin ] --END-- [ RunTime:0.000561s ]
INFO: [ app_end ] --START--
INFO: Run Behavior\ShowPageTraceBehavior [ RunTime:0.000743s ]
INFO: [ app_end ] --END-- [ RunTime:0.000850s ]

[ 2017-12-06T22:18:54+08:00 ] 127.0.0.1 /index.php/Admin/Login/runlogin.html
INFO: [ app_init ] --START--
INFO: Run Behavior\BuildLiteBehavior [ RunTime:0.000021s ]
INFO: [ app_init ] --END-- [ RunTime:0.000379s ]
INFO: [ app_begin ] --START--
INFO: Run Behavior\ReadHtmlCacheBehavior [ RunTime:0.000435s ]
INFO: [ app_begin ] --END-- [ RunTime:0.000511s ]

[ 2017-12-06T22:18:55+08:00 ] 127.0.0.1 /index.php/Admin/Index/index.html
INFO: [ app_init ] --START--
INFO: Run Behavior\BuildLiteBehavior [ RunTime:0.000028s ]
INFO: [ app_init ] --END-- [ RunTime:0.000514s ]
INFO: [ app_begin ] --START--
INFO: Run Behavior\ReadHtmlCacheBehavior [ RunTime:0.000858s ]
INFO: [ app_begin ] --END-- [ RunTime:0.000993s ]
NOTIC: [2] Division by zero E:\github\s2d4op5jtn\meiye\Application\Admin\Controller\IndexController.class.php 第 35 行.
INFO: [ view_parse ] --START--
INFO: [ template_filter ] --START--
INFO: Run Behavior\ContentReplaceBehavior [ RunTime:0.000151s ]
INFO: [ template_filter ] --END-- [ RunTime:0.000248s ]
NOTIC: [8] Undefined variable: member_count E:\github\s2d4op5jtn\meiye\Application\Runtime\Cache\Admin\b595b808c2ebeeeb0478ffc30bb4e87a.php 第 327 行.
INFO: Run Behavior\ParseTemplateBehavior [ RunTime:0.145722s ]
INFO: [ view_parse ] --END-- [ RunTime:0.145824s ]
INFO: [ view_filter ] --START--
INFO: Run Behavior\WriteHtmlCacheBehavior [ RunTime:0.000595s ]
INFO: Run Behavior\TokenBuildBehavior [ RunTime:0.002518s ]
INFO: [ view_filter ] --END-- [ RunTime:0.003271s ]
INFO: [ app_end ] --START--
INFO: Run Behavior\ShowPageTraceBehavior [ RunTime:0.000866s ]
INFO: [ app_end ] --END-- [ RunTime:0.000990s ]

[ 2017-12-06T22:18:59+08:00 ] 127.0.0.1 /index.php/Admin/Sys/sys.html
INFO: [ app_init ] --START--
INFO: Run Behavior\BuildLiteBehavior [ RunTime:0.000022s ]
INFO: [ app_init ] --END-- [ RunTime:0.000434s ]
INFO: [ app_begin ] --START--
INFO: Run Behavior\ReadHtmlCacheBehavior [ RunTime:0.000570s ]
INFO: [ app_begin ] --END-- [ RunTime:0.000661s ]
INFO: [ view_parse ] --START--
INFO: [ template_filter ] --START--
INFO: Run Behavior\ContentReplaceBehavior [ RunTime:0.000158s ]
INFO: [ template_filter ] --END-- [ RunTime:0.000267s ]
INFO: Run Behavior\ParseTemplateBehavior [ RunTime:0.117512s ]
INFO: [ view_parse ] --END-- [ RunTime:0.117616s ]
INFO: [ view_filter ] --START--
INFO: Run Behavior\WriteHtmlCacheBehavior [ RunTime:0.000511s ]
INFO: Run Behavior\TokenBuildBehavior [ RunTime:0.002249s ]
INFO: [ view_filter ] --END-- [ RunTime:0.002892s ]
INFO: [ app_end ] --START--
INFO: Run Behavior\ShowPageTraceBehavior [ RunTime:0.000726s ]
INFO: [ app_end ] --END-- [ RunTime:0.000862s ]

[ 2017-12-06T22:19:47+08:00 ] 127.0.0.1 /index.php/Admin/Sys/runsys.html
INFO: [ app_init ] --START--
INFO: Run Behavior\BuildLiteBehavior [ RunTime:0.000021s ]
INFO: [ app_init ] --END-- [ RunTime:0.000394s ]
INFO: [ app_begin ] --START--
INFO: Run Behavior\ReadHtmlCacheBehavior [ RunTime:0.000430s ]
INFO: [ app_begin ] --END-- [ RunTime:0.000505s ]

[ 2017-12-06T22:19:49+08:00 ] 127.0.0.1 /index.php/Admin/Sys/sys.html
INFO: [ app_init ] --START--
INFO: Run Behavior\BuildLiteBehavior [ RunTime:0.000062s ]
INFO: [ app_init ] --END-- [ RunTime:0.001219s ]
INFO: [ app_begin ] --START--
INFO: Run Behavior\ReadHtmlCacheBehavior [ RunTime:0.000504s ]
INFO: [ app_begin ] --END-- [ RunTime:0.000601s ]
INFO: [ view_parse ] --START--
INFO: [ template_filter ] --START--
INFO: Run Behavior\ContentReplaceBehavior [ RunTime:0.000157s ]
INFO: [ template_filter ] --END-- [ RunTime:0.000259s ]
INFO: Run Behavior\ParseTemplateBehavior [ RunTime:0.038910s ]
INFO: [ view_parse ] --END-- [ RunTime:0.039058s ]
INFO: [ view_filter ] --START--
INFO: Run Behavior\WriteHtmlCacheBehavior [ RunTime:0.000488s ]
INFO: Run Behavior\TokenBuildBehavior [ RunTime:0.002188s ]
INFO: [ view_filter ] --END-- [ RunTime:0.002806s ]
INFO: [ app_end ] --START--
INFO: Run Behavior\ShowPageTraceBehavior [ RunTime:0.000753s ]
INFO: [ app_end ] --END-- [ RunTime:0.000853s ]

[ 2017-12-06T22:25:00+08:00 ] 127.0.0.1 /index.php/Admin/Sys/base_info.html
INFO: [ app_init ] --START--
INFO: Run Behavior\BuildLiteBehavior [ RunTime:0.000023s ]
INFO: [ app_init ] --END-- [ RunTime:0.000496s ]
INFO: [ app_begin ] --START--
INFO: Run Behavior\ReadHtmlCacheBehavior [ RunTime:0.000465s ]
INFO: [ app_begin ] --END-- [ RunTime:0.000554s ]
INFO: [ view_parse ] --START--
INFO: [ template_filter ] --START--
INFO: Run Behavior\ContentReplaceBehavior [ RunTime:0.000157s ]
INFO: [ template_filter ] --END-- [ RunTime:0.000260s ]
INFO: Run Behavior\ParseTemplateBehavior [ RunTime:0.039694s ]
INFO: [ view_parse ] --END-- [ RunTime:0.039825s ]
INFO: [ view_filter ] --START--
INFO: Run Behavior\WriteHtmlCacheBehavior [ RunTime:0.000352s ]
INFO: Run Behavior\TokenBuildBehavior [ RunTime:0.002145s ]
INFO: [ view_filter ] --END-- [ RunTime:0.002646s ]
INFO: [ app_end ] --START--
INFO: Run Behavior\ShowPageTraceBehavior [ RunTime:0.000579s ]
INFO: [ app_end ] --END-- [ RunTime:0.000686s ]

[ 2017-12-06T22:25:34+08:00 ] 127.0.0.1 /index.php/Admin/News/news_column.html
INFO: [ app_init ] --START--
INFO: Run Behavior\BuildLiteBehavior [ RunTime:0.000023s ]
INFO: [ app_init ] --END-- [ RunTime:0.000429s ]
INFO: [ app_begin ] --START--
INFO: Run Behavior\ReadHtmlCacheBehavior [ RunTime:0.000483s ]
INFO: [ app_begin ] --END-- [ RunTime:0.000582s ]
INFO: [ view_parse ] --START--
INFO: [ template_filter ] --START--
INFO: Run Behavior\ContentReplaceBehavior [ RunTime:0.000176s ]
INFO: [ template_filter ] --END-- [ RunTime:0.000353s ]
NOTIC: [8] Use of undefined constant column_open - assumed 'column_open' E:\github\s2d4op5jtn\meiye\Application\Runtime\Cache\Admin\c59ac52b3b02df022890ed93499bde7e.php 第 270 行.
NOTIC: [8] Use of undefined constant column_leftid - assumed 'column_leftid' E:\github\s2d4op5jtn\meiye\Application\Runtime\Cache\Admin\c59ac52b3b02df022890ed93499bde7e.php 第 281 行.
NOTIC: [8] Use of undefined constant column_leftid - assumed 'column_leftid' E:\github\s2d4op5jtn\meiye\Application\Runtime\Cache\Admin\c59ac52b3b02df022890ed93499bde7e.php 第 285 行.
NOTIC: [8] Use of undefined constant column_open - assumed 'column_open' E:\github\s2d4op5jtn\meiye\Application\Runtime\Cache\Admin\c59ac52b3b02df022890ed93499bde7e.php 第 270 行.
NOTIC: [8] Use of undefined constant column_leftid - assumed 'column_leftid' E:\github\s2d4op5jtn\meiye\Application\Runtime\Cache\Admin\c59ac52b3b02df022890ed93499bde7e.php 第 281 行.
NOTIC: [8] Use of undefined constant column_leftid - assumed 'column_leftid' E:\github\s2d4op5jtn\meiye\Application\Runtime\Cache\Admin\c59ac52b3b02df022890ed93499bde7e.php 第 285 行.
NOTIC: [8] Use of undefined constant column_open - assumed 'column_open' E:\github\s2d4op5jtn\meiye\Application\Runtime\Cache\Admin\c59ac52b3b02df022890ed93499bde7e.php 第 270 行.
NOTIC: [8] Use of undefined constant column_leftid - assumed 'column_leftid' E:\github\s2d4op5jtn\meiye\Application\Runtime\Cache\Admin\c59ac52b3b02df022890ed93499bde7e.php 第 281 行.
NOTIC: [8] Use of undefined constant column_leftid - assumed 'column_leftid' E:\github\s2d4op5jtn\meiye\Application\Runtime\Cache\Admin\c59ac52b3b02df022890ed93499bde7e.php 第 285 行.
NOTIC: [8] Use of undefined constant column_open - assumed 'column_open' E:\github\s2d4op5jtn\meiye\Application\Runtime\Cache\Admin\c59ac52b3b02df022890ed93499bde7e.php 第 270 行.
NOTIC: [8] Use of undefined constant column_leftid - assumed 'column_leftid' E:\github\s2d4op5jtn\meiye\Application\Runtime\Cache\Admin\c59ac52b3b02df022890ed93499bde7e.php 第 281 行.
NOTIC: [8] Use of undefined constant column_leftid - assumed 'column_leftid' E:\github\s2d4op5jtn\meiye\Application\Runtime\Cache\Admin\c59ac52b3b02df022890ed93499bde7e.php 第 285 行.
NOTIC: [8] Use of undefined constant column_open - assumed 'column_open' E:\github\s2d4op5jtn\meiye\Application\Runtime\Cache\Admin\c59ac52b3b02df022890ed93499bde7e.php 第 270 行.
NOTIC: [8] Use of undefined constant column_leftid - assumed 'column_leftid' E:\github\s2d4op5jtn\meiye\Application\Runtime\Cache\Admin\c59ac52b3b02df022890ed93499bde7e.php 第 281 行.
NOTIC: [8] Use of undefined constant column_leftid - assumed 'column_leftid' E:\github\s2d4op5jtn\meiye\Application\Runtime\Cache\Admin\c59ac52b3b02df022890ed93499bde7e.php 第 285 行.
NOTIC: [8] Use of undefined constant column_open - assumed 'column_open' E:\github\s2d4op5jtn\meiye\Application\Runtime\Cache\Admin\c59ac52b3b02df022890ed93499bde7e.php 第 270 行.
NOTIC: [8] Use of undefined constant column_leftid - assumed 'column_leftid' E:\github\s2d4op5jtn\meiye\Application\Runtime\Cache\Admin\c59ac52b3b02df022890ed93499bde7e.php 第 281 行.
NOTIC: [8] Use of undefined constant column_leftid - assumed 'column_leftid' E:\github\s2d4op5jtn\meiye\Application\Runtime\Cache\Admin\c59ac52b3b02df022890ed93499bde7e.php 第 285 行.
NOTIC: [8] Use of undefined constant column_open - assumed 'column_open' E:\github\s2d4op5jtn\meiye\Application\Runtime\Cache\Admin\c59ac52b3b02df022890ed93499bde7e.php 第 270 行.
NOTIC: [8] Use of undefined constant column_leftid - assumed 'column_leftid' E:\github\s2d4op5jtn\meiye\Application\Runtime\Cache\Admin\c59ac52b3b02df022890ed93499bde7e.php 第 281 行.
NOTIC: [8] Use of undefined constant column_leftid - assumed 'column_leftid' E:\github\s2d4op5jtn\meiye\Application\Runtime\Cache\Admin\c59ac52b3b02df022890ed93499bde7e.php 第 285 行.
NOTIC: [8] Use of undefined constant column_open - assumed 'column_open' E:\github\s2d4op5jtn\meiye\Application\Runtime\Cache\Admin\c59ac52b3b02df022890ed93499bde7e.php 第 270 行.
NOTIC: [8] Use of undefined constant column_leftid - assumed 'column_leftid' E:\github\s2d4op5jtn\meiye\Application\Runtime\Cache\Admin\c59ac52b3b02df022890ed93499bde7e.php 第 281 行.
NOTIC: [8] Use of undefined constant column_leftid - assumed 'column_leftid' E:\github\s2d4op5jtn\meiye\Application\Runtime\Cache\Admin\c59ac52b3b02df022890ed93499bde7e.php 第 285 行.
NOTIC: [8] Use of undefined constant column_open - assumed 'column_open' E:\github\s2d4op5jtn\meiye\Application\Runtime\Cache\Admin\c59ac52b3b02df022890ed93499bde7e.php 第 270 行.
NOTIC: [8] Use of undefined constant column_leftid - assumed 'column_leftid' E:\github\s2d4op5jtn\meiye\Application\Runtime\Cache\Admin\c59ac52b3b02df022890ed93499bde7e.php 第 281 行.
NOTIC: [8] Use of undefined constant column_leftid - assumed 'column_leftid' E:\github\s2d4op5jtn\meiye\Application\Runtime\Cache\Admin\c59ac52b3b02df022890ed93499bde7e.php 第 285 行.
NOTIC: [8] Use of undefined constant column_open - assumed 'column_open' E:\github\s2d4op5jtn\meiye\Application\Runtime\Cache\Admin\c59ac52b3b02df022890ed93499bde7e.php 第 270 行.
NOTIC: [8] Use of undefined constant column_leftid - assumed 'column_leftid' E:\github\s2d4op5jtn\meiye\Application\Runtime\Cache\Admin\c59ac52b3b02df022890ed93499bde7e.php 第 281 行.
NOTIC: [8] Use of undefined constant column_leftid - assumed 'column_leftid' E:\github\s2d4op5jtn\meiye\Application\Runtime\Cache\Admin\c59ac52b3b02df022890ed93499bde7e.php 第 285 行.
NOTIC: [8] Use of undefined constant column_open - assumed 'column_open' E:\github\s2d4op5jtn\meiye\Application\Runtime\Cache\Admin\c59ac52b3b02df022890ed93499bde7e.php 第 270 行.
NOTIC: [8] Use of undefined constant column_leftid - assumed 'column_leftid' E:\github\s2d4op5jtn\meiye\Application\Runtime\Cache\Admin\c59ac52b3b02df022890ed93499bde7e.php 第 281 行.
NOTIC: [8] Use of undefined constant column_leftid - assumed 'column_leftid' E:\github\s2d4op5jtn\meiye\Application\Runtime\Cache\Admin\c59ac52b3b02df022890ed93499bde7e.php 第 285 行.
NOTIC: [8] Use of undefined constant column_open - assumed 'column_open' E:\github\s2d4op5jtn\meiye\Application\Runtime\Cache\Admin\c59ac52b3b02df022890ed93499bde7e.php 第 270 行.
NOTIC: [8] Use of undefined constant column_leftid - assumed 'column_leftid' E:\github\s2d4op5jtn\meiye\Application\Runtime\Cache\Admin\c59ac52b3b02df022890ed93499bde7e.php 第 281 行.
NOTIC: [8] Use of undefined constant column_leftid - assumed 'column_leftid' E:\github\s2d4op5jtn\meiye\Application\Runtime\Cache\Admin\c59ac52b3b02df022890ed93499bde7e.php 第 285 行.
INFO: Run Behavior\ParseTemplateBehavior [ RunTime:0.125380s ]
INFO: [ view_parse ] --END-- [ RunTime:0.125506s ]
INFO: [ view_filter ] --START--
INFO: Run Behavior\WriteHtmlCacheBehavior [ RunTime:0.000349s ]
INFO: Run Behavior\TokenBuildBehavior [ RunTime:0.002817s ]
INFO: [ view_filter ] --END-- [ RunTime:0.003314s ]
INFO: [ app_end ] --START--
INFO: Run Behavior\ShowPageTraceBehavior [ RunTime:0.000750s ]
INFO: [ app_end ] --END-- [ RunTime:0.000924s ]

[ 2017-12-06T22:33:39+08:00 ] 127.0.0.1 /index.php/Admin/Sys/sys.html
INFO: [ app_init ] --START--
INFO: Run Behavior\BuildLiteBehavior [ RunTime:0.000022s ]
INFO: [ app_init ] --END-- [ RunTime:0.000391s ]
INFO: [ app_begin ] --START--
INFO: Run Behavior\ReadHtmlCacheBehavior [ RunTime:0.000465s ]
INFO: [ app_begin ] --END-- [ RunTime:0.000605s ]
INFO: [ view_parse ] --START--
INFO: [ template_filter ] --START--
INFO: Run Behavior\ContentReplaceBehavior [ RunTime:0.000158s ]
INFO: [ template_filter ] --END-- [ RunTime:0.000256s ]
INFO: Run Behavior\ParseTemplateBehavior [ RunTime:0.043103s ]
INFO: [ view_parse ] --END-- [ RunTime:0.043212s ]
INFO: [ view_filter ] --START--
INFO: Run Behavior\WriteHtmlCacheBehavior [ RunTime:0.000505s ]
INFO: Run Behavior\TokenBuildBehavior [ RunTime:0.002296s ]
INFO: [ view_filter ] --END-- [ RunTime:0.002952s ]
INFO: [ app_end ] --START--
INFO: Run Behavior\ShowPageTraceBehavior [ RunTime:0.000787s ]
INFO: [ app_end ] --END-- [ RunTime:0.000946s ]

[ 2017-12-06T22:33:42+08:00 ] 127.0.0.1 /index.php/Admin/Sys/base_info.html
INFO: [ app_init ] --START--
INFO: Run Behavior\BuildLiteBehavior [ RunTime:0.000022s ]
INFO: [ app_init ] --END-- [ RunTime:0.000395s ]
INFO: [ app_begin ] --START--
INFO: Run Behavior\ReadHtmlCacheBehavior [ RunTime:0.001234s ]
INFO: [ app_begin ] --END-- [ RunTime:0.001413s ]
INFO: [ view_parse ] --START--
INFO: [ template_filter ] --START--
INFO: Run Behavior\ContentReplaceBehavior [ RunTime:0.000154s ]
INFO: [ template_filter ] --END-- [ RunTime:0.000255s ]
INFO: Run Behavior\ParseTemplateBehavior [ RunTime:0.040529s ]
INFO: [ view_parse ] --END-- [ RunTime:0.040634s ]
INFO: [ view_filter ] --START--
INFO: Run Behavior\WriteHtmlCacheBehavior [ RunTime:0.000549s ]
INFO: Run Behavior\TokenBuildBehavior [ RunTime:0.002178s ]
INFO: [ view_filter ] --END-- [ RunTime:0.002880s ]
INFO: [ app_end ] --START--
INFO: Run Behavior\ShowPageTraceBehavior [ RunTime:0.000699s ]
INFO: [ app_end ] --END-- [ RunTime:0.000828s ]

