[ 2017-09-15T12:41:23+08:00 ] 127.0.0.1 /
INFO: [ app_init ] --START--
INFO: Run Behavior\BuildLiteBehavior [ RunTime:0.000030s ]
INFO: [ app_init ] --END-- [ RunTime:0.066277s ]
INFO: [ app_begin ] --START--
INFO: Run Behavior\ReadHtmlCacheBehavior [ RunTime:0.053029s ]
INFO: [ app_begin ] --END-- [ RunTime:0.053176s ]
NOTIC: [8] Undefined offset: 0 E:\github\s2d4op5jtn\meiye\ThinkPHP\Library\Think\Db\Driver.class.php 第 113 行.
NOTIC: [8] Undefined offset: 0 E:\github\s2d4op5jtn\meiye\ThinkPHP\Library\Think\Db\Driver.class.php 第 113 行.
NOTIC: [8] Undefined offset: 0 E:\github\s2d4op5jtn\meiye\ThinkPHP\Library\Think\Db\Driver.class.php 第 113 行.
NOTIC: [8] Undefined offset: 0 E:\github\s2d4op5jtn\meiye\ThinkPHP\Library\Think\Db\Driver.class.php 第 113 行.
NOTIC: [8] Undefined offset: 0 E:\github\s2d4op5jtn\meiye\ThinkPHP\Library\Think\Db\Driver.class.php 第 113 行.
NOTIC: [8] Undefined offset: 0 E:\github\s2d4op5jtn\meiye\ThinkPHP\Library\Think\Db\Driver.class.php 第 113 行.
INFO: [ view_parse ] --START--
INFO: [ template_filter ] --START--
INFO: Run Behavior\ContentReplaceBehavior [ RunTime:0.000060s ]
INFO: [ template_filter ] --END-- [ RunTime:0.000168s ]
INFO: Run Behavior\ParseTemplateBehavior [ RunTime:0.289002s ]
INFO: [ view_parse ] --END-- [ RunTime:0.289159s ]
INFO: [ view_filter ] --START--
INFO: Run Behavior\WriteHtmlCacheBehavior [ RunTime:0.045008s ]
INFO: Run Behavior\TokenBuildBehavior [ RunTime:0.021649s ]
INFO: [ view_filter ] --END-- [ RunTime:0.066831s ]
INFO: [ app_end ] --START--
INFO: Run Behavior\ShowPageTraceBehavior [ RunTime:0.035768s ]
INFO: [ app_end ] --END-- [ RunTime:0.035876s ]

