[ 2017-12-18T00:00:09+08:00 ] 127.0.0.1 /
INFO: [ app_init ] --START--
INFO: Run Behavior\BuildLiteBehavior [ RunTime:0.000040s ]
INFO: [ app_init ] --END-- [ RunTime:0.000784s ]
INFO: [ app_begin ] --START--
INFO: Run Behavior\ReadHtmlCacheBehavior [ RunTime:0.000780s ]
INFO: [ app_begin ] --END-- [ RunTime:0.000971s ]
NOTIC: [2] Invalid argument supplied for foreach() D:\newsoft\wamp\www\s2d4op5jtn\meiye\Application\Common\Controller\BaseController.class.php 第 28 行.
INFO: [ view_parse ] --START--
INFO: [ template_filter ] --START--
INFO: Run Behavior\ContentReplaceBehavior [ RunTime:0.000142s ]
INFO: [ template_filter ] --END-- [ RunTime:0.000312s ]
INFO: Run Behavior\ParseTemplateBehavior [ RunTime:0.026961s ]
INFO: [ view_parse ] --END-- [ RunTime:0.027158s ]
INFO: [ view_filter ] --START--
INFO: Run Behavior\WriteHtmlCacheBehavior [ RunTime:0.001167s ]
INFO: Run Behavior\TokenBuildBehavior [ RunTime:0.000817s ]
INFO: [ view_filter ] --END-- [ RunTime:0.002286s ]
INFO: [ app_end ] --START--
INFO: Run Behavior\ShowPageTraceBehavior [ RunTime:0.000998s ]
INFO: [ app_end ] --END-- [ RunTime:0.001177s ]

[ 2017-12-18T00:00:23+08:00 ] 127.0.0.1 /
INFO: [ app_init ] --START--
INFO: Run Behavior\BuildLiteBehavior [ RunTime:0.000046s ]
INFO: [ app_init ] --END-- [ RunTime:0.000873s ]
INFO: [ app_begin ] --START--
INFO: Run Behavior\ReadHtmlCacheBehavior [ RunTime:0.001345s ]
INFO: [ app_begin ] --END-- [ RunTime:0.001566s ]
NOTIC: [2] Invalid argument supplied for foreach() D:\newsoft\wamp\www\s2d4op5jtn\meiye\Application\Common\Controller\BaseController.class.php 第 28 行.
INFO: [ view_parse ] --START--
INFO: [ template_filter ] --START--
INFO: Run Behavior\ContentReplaceBehavior [ RunTime:0.000163s ]
INFO: [ template_filter ] --END-- [ RunTime:0.000377s ]
INFO: Run Behavior\ParseTemplateBehavior [ RunTime:0.024561s ]
INFO: [ view_parse ] --END-- [ RunTime:0.024742s ]
INFO: [ view_filter ] --START--
INFO: Run Behavior\WriteHtmlCacheBehavior [ RunTime:0.000944s ]
INFO: Run Behavior\TokenBuildBehavior [ RunTime:0.001240s ]
INFO: [ view_filter ] --END-- [ RunTime:0.002513s ]
INFO: [ app_end ] --START--
INFO: Run Behavior\ShowPageTraceBehavior [ RunTime:0.001331s ]
INFO: [ app_end ] --END-- [ RunTime:0.001654s ]

[ 2017-12-18T00:00:39+08:00 ] 127.0.0.1 /
INFO: [ app_init ] --START--
INFO: Run Behavior\BuildLiteBehavior [ RunTime:0.000039s ]
INFO: [ app_init ] --END-- [ RunTime:0.000743s ]
INFO: [ app_begin ] --START--
INFO: Run Behavior\ReadHtmlCacheBehavior [ RunTime:0.000760s ]
INFO: [ app_begin ] --END-- [ RunTime:0.000927s ]
NOTIC: [2] Invalid argument supplied for foreach() D:\newsoft\wamp\www\s2d4op5jtn\meiye\Application\Common\Controller\BaseController.class.php 第 28 行.
INFO: [ view_parse ] --START--
INFO: [ template_filter ] --START--
INFO: Run Behavior\ContentReplaceBehavior [ RunTime:0.000161s ]
INFO: [ template_filter ] --END-- [ RunTime:0.000361s ]
INFO: Run Behavior\ParseTemplateBehavior [ RunTime:0.025787s ]
INFO: [ view_parse ] --END-- [ RunTime:0.025968s ]
INFO: [ view_filter ] --START--
INFO: Run Behavior\WriteHtmlCacheBehavior [ RunTime:0.000682s ]
INFO: Run Behavior\TokenBuildBehavior [ RunTime:0.000624s ]
INFO: [ view_filter ] --END-- [ RunTime:0.001544s ]
INFO: [ app_end ] --START--
INFO: Run Behavior\ShowPageTraceBehavior [ RunTime:0.000943s ]
INFO: [ app_end ] --END-- [ RunTime:0.001111s ]

[ 2017-12-18T00:02:42+08:00 ] 127.0.0.1 /
INFO: [ app_init ] --START--
INFO: Run Behavior\BuildLiteBehavior [ RunTime:0.000049s ]
INFO: [ app_init ] --END-- [ RunTime:0.000981s ]
INFO: [ app_begin ] --START--
INFO: Run Behavior\ReadHtmlCacheBehavior [ RunTime:0.001193s ]
INFO: [ app_begin ] --END-- [ RunTime:0.001447s ]
NOTIC: [2] Invalid argument supplied for foreach() D:\newsoft\wamp\www\s2d4op5jtn\meiye\Application\Common\Controller\BaseController.class.php 第 28 行.
INFO: [ view_parse ] --START--
INFO: [ template_filter ] --START--
INFO: Run Behavior\ContentReplaceBehavior [ RunTime:0.000146s ]
INFO: [ template_filter ] --END-- [ RunTime:0.000325s ]
INFO: Run Behavior\ParseTemplateBehavior [ RunTime:0.024453s ]
INFO: [ view_parse ] --END-- [ RunTime:0.024649s ]
INFO: [ view_filter ] --START--
INFO: Run Behavior\WriteHtmlCacheBehavior [ RunTime:0.000830s ]
INFO: Run Behavior\TokenBuildBehavior [ RunTime:0.000624s ]
INFO: [ view_filter ] --END-- [ RunTime:0.001691s ]
INFO: [ app_end ] --START--
INFO: Run Behavior\ShowPageTraceBehavior [ RunTime:0.000840s ]
INFO: [ app_end ] --END-- [ RunTime:0.001009s ]

[ 2017-12-18T00:07:22+08:00 ] 127.0.0.1 /
INFO: [ app_init ] --START--
INFO: Run Behavior\BuildLiteBehavior [ RunTime:0.000038s ]
INFO: [ app_init ] --END-- [ RunTime:0.000699s ]
INFO: [ app_begin ] --START--
INFO: Run Behavior\ReadHtmlCacheBehavior [ RunTime:0.000725s ]
INFO: [ app_begin ] --END-- [ RunTime:0.000889s ]
NOTIC: [2] Invalid argument supplied for foreach() D:\newsoft\wamp\www\s2d4op5jtn\meiye\Application\Common\Controller\BaseController.class.php 第 28 行.

[ 2017-12-18T00:07:41+08:00 ] 127.0.0.1 /
INFO: [ app_init ] --START--
INFO: Run Behavior\BuildLiteBehavior [ RunTime:0.000035s ]
INFO: [ app_init ] --END-- [ RunTime:0.000635s ]
INFO: [ app_begin ] --START--
INFO: Run Behavior\ReadHtmlCacheBehavior [ RunTime:0.000596s ]
INFO: [ app_begin ] --END-- [ RunTime:0.000758s ]
NOTIC: [2] Invalid argument supplied for foreach() D:\newsoft\wamp\www\s2d4op5jtn\meiye\Application\Common\Controller\BaseController.class.php 第 28 行.

[ 2017-12-18T00:07:49+08:00 ] 127.0.0.1 /
INFO: [ app_init ] --START--
INFO: Run Behavior\BuildLiteBehavior [ RunTime:0.000035s ]
INFO: [ app_init ] --END-- [ RunTime:0.000599s ]
INFO: [ app_begin ] --START--
INFO: Run Behavior\ReadHtmlCacheBehavior [ RunTime:0.000579s ]
INFO: [ app_begin ] --END-- [ RunTime:0.000741s ]
NOTIC: [2] Invalid argument supplied for foreach() D:\newsoft\wamp\www\s2d4op5jtn\meiye\Application\Common\Controller\BaseController.class.php 第 28 行.

[ 2017-12-18T00:34:28+08:00 ] 127.0.0.1 /
INFO: [ app_init ] --START--
INFO: Run Behavior\BuildLiteBehavior [ RunTime:0.000040s ]
INFO: [ app_init ] --END-- [ RunTime:0.000941s ]
INFO: [ app_begin ] --START--
INFO: Run Behavior\ReadHtmlCacheBehavior [ RunTime:0.000993s ]
INFO: [ app_begin ] --END-- [ RunTime:0.001184s ]
NOTIC: [2] Invalid argument supplied for foreach() D:\newsoft\wamp\www\s2d4op5jtn\meiye\Application\Common\Controller\BaseController.class.php 第 28 行.
INFO: [ view_parse ] --START--
INFO: [ template_filter ] --START--
INFO: Run Behavior\ContentReplaceBehavior [ RunTime:0.000164s ]
INFO: [ template_filter ] --END-- [ RunTime:0.000393s ]
INFO: Run Behavior\ParseTemplateBehavior [ RunTime:0.026418s ]
INFO: [ view_parse ] --END-- [ RunTime:0.026607s ]
INFO: [ view_filter ] --START--
INFO: Run Behavior\WriteHtmlCacheBehavior [ RunTime:0.000784s ]
INFO: Run Behavior\TokenBuildBehavior [ RunTime:0.000729s ]
INFO: [ view_filter ] --END-- [ RunTime:0.001754s ]
INFO: [ app_end ] --START--
INFO: Run Behavior\ShowPageTraceBehavior [ RunTime:0.000851s ]
INFO: [ app_end ] --END-- [ RunTime:0.001021s ]

[ 2017-12-18T00:34:52+08:00 ] 127.0.0.1 /
INFO: [ app_init ] --START--
INFO: Run Behavior\BuildLiteBehavior [ RunTime:0.000036s ]
INFO: [ app_init ] --END-- [ RunTime:0.000618s ]
INFO: [ app_begin ] --START--
INFO: Run Behavior\ReadHtmlCacheBehavior [ RunTime:0.000705s ]
INFO: [ app_begin ] --END-- [ RunTime:0.000891s ]
NOTIC: [2] Invalid argument supplied for foreach() D:\newsoft\wamp\www\s2d4op5jtn\meiye\Application\Common\Controller\BaseController.class.php 第 28 行.
INFO: [ view_parse ] --START--
INFO: [ template_filter ] --START--
INFO: Run Behavior\ContentReplaceBehavior [ RunTime:0.000139s ]
INFO: [ template_filter ] --END-- [ RunTime:0.000323s ]
INFO: Run Behavior\ParseTemplateBehavior [ RunTime:0.026636s ]
INFO: [ view_parse ] --END-- [ RunTime:0.026828s ]
INFO: [ view_filter ] --START--
INFO: Run Behavior\WriteHtmlCacheBehavior [ RunTime:0.000772s ]
INFO: Run Behavior\TokenBuildBehavior [ RunTime:0.000618s ]
INFO: [ view_filter ] --END-- [ RunTime:0.001627s ]
INFO: [ app_end ] --START--
INFO: Run Behavior\ShowPageTraceBehavior [ RunTime:0.000853s ]
INFO: [ app_end ] --END-- [ RunTime:0.001053s ]

[ 2017-12-18T00:38:29+08:00 ] 127.0.0.1 /
INFO: [ app_init ] --START--
INFO: Run Behavior\BuildLiteBehavior [ RunTime:0.000037s ]
INFO: [ app_init ] --END-- [ RunTime:0.000723s ]
INFO: [ app_begin ] --START--
INFO: Run Behavior\ReadHtmlCacheBehavior [ RunTime:0.001140s ]
INFO: [ app_begin ] --END-- [ RunTime:0.001351s ]
NOTIC: [2] Invalid argument supplied for foreach() D:\newsoft\wamp\www\s2d4op5jtn\meiye\Application\Common\Controller\BaseController.class.php 第 28 行.
INFO: [ view_parse ] --START--
INFO: [ template_filter ] --START--
INFO: Run Behavior\ContentReplaceBehavior [ RunTime:0.000140s ]
INFO: [ template_filter ] --END-- [ RunTime:0.000326s ]
INFO: Run Behavior\ParseTemplateBehavior [ RunTime:0.025993s ]
INFO: [ view_parse ] --END-- [ RunTime:0.026192s ]
INFO: [ view_filter ] --START--
INFO: Run Behavior\WriteHtmlCacheBehavior [ RunTime:0.000991s ]
INFO: Run Behavior\TokenBuildBehavior [ RunTime:0.001414s ]
INFO: [ view_filter ] --END-- [ RunTime:0.002715s ]
INFO: [ app_end ] --START--
INFO: Run Behavior\ShowPageTraceBehavior [ RunTime:0.001005s ]
INFO: [ app_end ] --END-- [ RunTime:0.001210s ]

[ 2017-12-18T00:39:17+08:00 ] 127.0.0.1 /
INFO: [ app_init ] --START--
INFO: Run Behavior\BuildLiteBehavior [ RunTime:0.000036s ]
INFO: [ app_init ] --END-- [ RunTime:0.000609s ]
INFO: [ app_begin ] --START--
INFO: Run Behavior\ReadHtmlCacheBehavior [ RunTime:0.000905s ]
INFO: [ app_begin ] --END-- [ RunTime:0.001139s ]
NOTIC: [2] Invalid argument supplied for foreach() D:\newsoft\wamp\www\s2d4op5jtn\meiye\Application\Common\Controller\BaseController.class.php 第 28 行.
INFO: [ view_parse ] --START--
INFO: [ template_filter ] --START--
INFO: Run Behavior\ContentReplaceBehavior [ RunTime:0.000167s ]
INFO: [ template_filter ] --END-- [ RunTime:0.000396s ]
INFO: Run Behavior\ParseTemplateBehavior [ RunTime:0.028121s ]
INFO: [ view_parse ] --END-- [ RunTime:0.028317s ]
INFO: [ view_filter ] --START--
INFO: Run Behavior\WriteHtmlCacheBehavior [ RunTime:0.000685s ]
INFO: Run Behavior\TokenBuildBehavior [ RunTime:0.000617s ]
INFO: [ view_filter ] --END-- [ RunTime:0.001544s ]
INFO: [ app_end ] --START--
INFO: Run Behavior\ShowPageTraceBehavior [ RunTime:0.000690s ]
INFO: [ app_end ] --END-- [ RunTime:0.000865s ]

[ 2017-12-18T00:39:51+08:00 ] 127.0.0.1 /
INFO: [ app_init ] --START--
INFO: Run Behavior\BuildLiteBehavior [ RunTime:0.000037s ]
INFO: [ app_init ] --END-- [ RunTime:0.000645s ]
INFO: [ app_begin ] --START--
INFO: Run Behavior\ReadHtmlCacheBehavior [ RunTime:0.000794s ]
INFO: [ app_begin ] --END-- [ RunTime:0.001007s ]
NOTIC: [2] Invalid argument supplied for foreach() D:\newsoft\wamp\www\s2d4op5jtn\meiye\Application\Common\Controller\BaseController.class.php 第 28 行.
INFO: [ view_parse ] --START--
INFO: [ template_filter ] --START--
INFO: Run Behavior\ContentReplaceBehavior [ RunTime:0.000144s ]
INFO: [ template_filter ] --END-- [ RunTime:0.000324s ]
INFO: Run Behavior\ParseTemplateBehavior [ RunTime:0.025817s ]
INFO: [ view_parse ] --END-- [ RunTime:0.026008s ]
INFO: [ view_filter ] --START--
INFO: Run Behavior\WriteHtmlCacheBehavior [ RunTime:0.001491s ]
INFO: Run Behavior\TokenBuildBehavior [ RunTime:0.001014s ]
INFO: [ view_filter ] --END-- [ RunTime:0.002812s ]
INFO: [ app_end ] --START--
INFO: Run Behavior\ShowPageTraceBehavior [ RunTime:0.000849s ]
INFO: [ app_end ] --END-- [ RunTime:0.001206s ]

[ 2017-12-18T00:46:02+08:00 ] 127.0.0.1 /
INFO: [ app_init ] --START--
INFO: Run Behavior\BuildLiteBehavior [ RunTime:0.000035s ]
INFO: [ app_init ] --END-- [ RunTime:0.000694s ]
INFO: [ app_begin ] --START--
INFO: Run Behavior\ReadHtmlCacheBehavior [ RunTime:0.001159s ]
INFO: [ app_begin ] --END-- [ RunTime:0.001379s ]
NOTIC: [2] Invalid argument supplied for foreach() D:\newsoft\wamp\www\s2d4op5jtn\meiye\Application\Common\Controller\BaseController.class.php 第 28 行.

[ 2017-12-18T00:47:30+08:00 ] 127.0.0.1 /
INFO: [ app_init ] --START--
INFO: Run Behavior\BuildLiteBehavior [ RunTime:0.000037s ]
INFO: [ app_init ] --END-- [ RunTime:0.000678s ]
INFO: [ app_begin ] --START--
INFO: Run Behavior\ReadHtmlCacheBehavior [ RunTime:0.000843s ]
INFO: [ app_begin ] --END-- [ RunTime:0.001041s ]
NOTIC: [2] Invalid argument supplied for foreach() D:\newsoft\wamp\www\s2d4op5jtn\meiye\Application\Common\Controller\BaseController.class.php 第 28 行.
INFO: [ view_parse ] --START--
INFO: [ template_filter ] --START--
INFO: Run Behavior\ContentReplaceBehavior [ RunTime:0.000172s ]
INFO: [ template_filter ] --END-- [ RunTime:0.000480s ]
INFO: Run Behavior\ParseTemplateBehavior [ RunTime:0.025758s ]
INFO: [ view_parse ] --END-- [ RunTime:0.025948s ]
INFO: [ view_filter ] --START--
INFO: Run Behavior\WriteHtmlCacheBehavior [ RunTime:0.000753s ]
INFO: Run Behavior\TokenBuildBehavior [ RunTime:0.000642s ]
INFO: [ view_filter ] --END-- [ RunTime:0.001636s ]
INFO: [ app_end ] --START--
INFO: Run Behavior\ShowPageTraceBehavior [ RunTime:0.000836s ]
INFO: [ app_end ] --END-- [ RunTime:0.001013s ]

[ 2017-12-18T00:48:19+08:00 ] 127.0.0.1 /
INFO: [ app_init ] --START--
INFO: Run Behavior\BuildLiteBehavior [ RunTime:0.000037s ]
INFO: [ app_init ] --END-- [ RunTime:0.000642s ]
INFO: [ app_begin ] --START--
INFO: Run Behavior\ReadHtmlCacheBehavior [ RunTime:0.000739s ]
INFO: [ app_begin ] --END-- [ RunTime:0.000924s ]
NOTIC: [2] Invalid argument supplied for foreach() D:\newsoft\wamp\www\s2d4op5jtn\meiye\Application\Common\Controller\BaseController.class.php 第 28 行.
INFO: [ view_parse ] --START--
INFO: [ template_filter ] --START--
INFO: Run Behavior\ContentReplaceBehavior [ RunTime:0.000167s ]
INFO: [ template_filter ] --END-- [ RunTime:0.000381s ]
INFO: Run Behavior\ParseTemplateBehavior [ RunTime:0.028860s ]
INFO: [ view_parse ] --END-- [ RunTime:0.029042s ]
INFO: [ view_filter ] --START--
INFO: Run Behavior\WriteHtmlCacheBehavior [ RunTime:0.000638s ]
INFO: Run Behavior\TokenBuildBehavior [ RunTime:0.000994s ]
INFO: [ view_filter ] --END-- [ RunTime:0.001909s ]
INFO: [ app_end ] --START--
INFO: Run Behavior\ShowPageTraceBehavior [ RunTime:0.000736s ]
INFO: [ app_end ] --END-- [ RunTime:0.000905s ]

[ 2017-12-18T00:51:48+08:00 ] 127.0.0.1 /
INFO: [ app_init ] --START--
INFO: Run Behavior\BuildLiteBehavior [ RunTime:0.000037s ]
INFO: [ app_init ] --END-- [ RunTime:0.000649s ]
INFO: [ app_begin ] --START--
INFO: Run Behavior\ReadHtmlCacheBehavior [ RunTime:0.001089s ]
INFO: [ app_begin ] --END-- [ RunTime:0.001326s ]
NOTIC: [2] Invalid argument supplied for foreach() D:\newsoft\wamp\www\s2d4op5jtn\meiye\Application\Common\Controller\BaseController.class.php 第 28 行.
NOTIC: [2] Missing argument 2 for Home\Controller\IndexController::fitld(), called in D:\newsoft\wamp\www\s2d4op5jtn\meiye\Application\Home\Controller\IndexController.class.php on line 29 and defined D:\newsoft\wamp\www\s2d4op5jtn\meiye\Application\Home\Controller\IndexController.class.php 第 70 行.
NOTIC: [2] Missing argument 2 for Home\Controller\IndexController::fitld(), called in D:\newsoft\wamp\www\s2d4op5jtn\meiye\Application\Home\Controller\IndexController.class.php on line 29 and defined D:\newsoft\wamp\www\s2d4op5jtn\meiye\Application\Home\Controller\IndexController.class.php 第 70 行.
NOTIC: [8] Undefined variable: des D:\newsoft\wamp\www\s2d4op5jtn\meiye\Application\Home\Controller\IndexController.class.php 第 75 行.
NOTIC: [8] String offset cast occurred D:\newsoft\wamp\www\s2d4op5jtn\meiye\Application\Home\Controller\IndexController.class.php 第 75 行.
NOTIC: [2] Missing argument 2 for Home\Controller\IndexController::fitld(), called in D:\newsoft\wamp\www\s2d4op5jtn\meiye\Application\Home\Controller\IndexController.class.php on line 29 and defined D:\newsoft\wamp\www\s2d4op5jtn\meiye\Application\Home\Controller\IndexController.class.php 第 70 行.
NOTIC: [8] Undefined variable: des D:\newsoft\wamp\www\s2d4op5jtn\meiye\Application\Home\Controller\IndexController.class.php 第 75 行.
NOTIC: [8] String offset cast occurred D:\newsoft\wamp\www\s2d4op5jtn\meiye\Application\Home\Controller\IndexController.class.php 第 75 行.
NOTIC: [2] Missing argument 2 for Home\Controller\IndexController::fitld(), called in D:\newsoft\wamp\www\s2d4op5jtn\meiye\Application\Home\Controller\IndexController.class.php on line 29 and defined D:\newsoft\wamp\www\s2d4op5jtn\meiye\Application\Home\Controller\IndexController.class.php 第 70 行.
NOTIC: [8] Undefined variable: des D:\newsoft\wamp\www\s2d4op5jtn\meiye\Application\Home\Controller\IndexController.class.php 第 75 行.
NOTIC: [8] String offset cast occurred D:\newsoft\wamp\www\s2d4op5jtn\meiye\Application\Home\Controller\IndexController.class.php 第 75 行.
NOTIC: [2] Missing argument 2 for Home\Controller\IndexController::fitld(), called in D:\newsoft\wamp\www\s2d4op5jtn\meiye\Application\Home\Controller\IndexController.class.php on line 29 and defined D:\newsoft\wamp\www\s2d4op5jtn\meiye\Application\Home\Controller\IndexController.class.php 第 70 行.
NOTIC: [2] Missing argument 2 for Home\Controller\IndexController::fitld(), called in D:\newsoft\wamp\www\s2d4op5jtn\meiye\Application\Home\Controller\IndexController.class.php on line 29 and defined D:\newsoft\wamp\www\s2d4op5jtn\meiye\Application\Home\Controller\IndexController.class.php 第 70 行.
NOTIC: [2] Missing argument 2 for Home\Controller\IndexController::fitld(), called in D:\newsoft\wamp\www\s2d4op5jtn\meiye\Application\Home\Controller\IndexController.class.php on line 29 and defined D:\newsoft\wamp\www\s2d4op5jtn\meiye\Application\Home\Controller\IndexController.class.php 第 70 行.
NOTIC: [2] Missing argument 2 for Home\Controller\IndexController::fitld(), called in D:\newsoft\wamp\www\s2d4op5jtn\meiye\Application\Home\Controller\IndexController.class.php on line 29 and defined D:\newsoft\wamp\www\s2d4op5jtn\meiye\Application\Home\Controller\IndexController.class.php 第 70 行.
NOTIC: [2] Missing argument 2 for Home\Controller\IndexController::fitld(), called in D:\newsoft\wamp\www\s2d4op5jtn\meiye\Application\Home\Controller\IndexController.class.php on line 29 and defined D:\newsoft\wamp\www\s2d4op5jtn\meiye\Application\Home\Controller\IndexController.class.php 第 70 行.
NOTIC: [8] Undefined variable: des D:\newsoft\wamp\www\s2d4op5jtn\meiye\Application\Home\Controller\IndexController.class.php 第 75 行.
NOTIC: [8] String offset cast occurred D:\newsoft\wamp\www\s2d4op5jtn\meiye\Application\Home\Controller\IndexController.class.php 第 75 行.
NOTIC: [2] Missing argument 2 for Home\Controller\IndexController::fitld(), called in D:\newsoft\wamp\www\s2d4op5jtn\meiye\Application\Home\Controller\IndexController.class.php on line 29 and defined D:\newsoft\wamp\www\s2d4op5jtn\meiye\Application\Home\Controller\IndexController.class.php 第 70 行.
NOTIC: [8] Undefined variable: des D:\newsoft\wamp\www\s2d4op5jtn\meiye\Application\Home\Controller\IndexController.class.php 第 75 行.
NOTIC: [8] String offset cast occurred D:\newsoft\wamp\www\s2d4op5jtn\meiye\Application\Home\Controller\IndexController.class.php 第 75 行.
NOTIC: [2] Missing argument 2 for Home\Controller\IndexController::fitld(), called in D:\newsoft\wamp\www\s2d4op5jtn\meiye\Application\Home\Controller\IndexController.class.php on line 29 and defined D:\newsoft\wamp\www\s2d4op5jtn\meiye\Application\Home\Controller\IndexController.class.php 第 70 行.
NOTIC: [8] Undefined variable: des D:\newsoft\wamp\www\s2d4op5jtn\meiye\Application\Home\Controller\IndexController.class.php 第 75 行.
NOTIC: [8] String offset cast occurred D:\newsoft\wamp\www\s2d4op5jtn\meiye\Application\Home\Controller\IndexController.class.php 第 75 行.
NOTIC: [2] Missing argument 2 for Home\Controller\IndexController::fitld(), called in D:\newsoft\wamp\www\s2d4op5jtn\meiye\Application\Home\Controller\IndexController.class.php on line 29 and defined D:\newsoft\wamp\www\s2d4op5jtn\meiye\Application\Home\Controller\IndexController.class.php 第 70 行.
INFO: [ view_parse ] --START--
INFO: [ template_filter ] --START--
INFO: Run Behavior\ContentReplaceBehavior [ RunTime:0.000167s ]
INFO: [ template_filter ] --END-- [ RunTime:0.000476s ]
INFO: Run Behavior\ParseTemplateBehavior [ RunTime:0.026778s ]
INFO: [ view_parse ] --END-- [ RunTime:0.027080s ]
INFO: [ view_filter ] --START--
INFO: Run Behavior\WriteHtmlCacheBehavior [ RunTime:0.000884s ]
INFO: Run Behavior\TokenBuildBehavior [ RunTime:0.000684s ]
INFO: [ view_filter ] --END-- [ RunTime:0.001821s ]
INFO: [ app_end ] --START--
INFO: Run Behavior\ShowPageTraceBehavior [ RunTime:0.001032s ]
INFO: [ app_end ] --END-- [ RunTime:0.001232s ]

[ 2017-12-18T00:52:11+08:00 ] 127.0.0.1 /
INFO: [ app_init ] --START--
INFO: Run Behavior\BuildLiteBehavior [ RunTime:0.000038s ]
INFO: [ app_init ] --END-- [ RunTime:0.000661s ]
INFO: [ app_begin ] --START--
INFO: Run Behavior\ReadHtmlCacheBehavior [ RunTime:0.000618s ]
INFO: [ app_begin ] --END-- [ RunTime:0.000780s ]
NOTIC: [2] Invalid argument supplied for foreach() D:\newsoft\wamp\www\s2d4op5jtn\meiye\Application\Common\Controller\BaseController.class.php 第 28 行.
NOTIC: [2] Missing argument 2 for Home\Controller\IndexController::fitld(), called in D:\newsoft\wamp\www\s2d4op5jtn\meiye\Application\Home\Controller\IndexController.class.php on line 29 and defined D:\newsoft\wamp\www\s2d4op5jtn\meiye\Application\Home\Controller\IndexController.class.php 第 71 行.
NOTIC: [2] Missing argument 2 for Home\Controller\IndexController::fitld(), called in D:\newsoft\wamp\www\s2d4op5jtn\meiye\Application\Home\Controller\IndexController.class.php on line 29 and defined D:\newsoft\wamp\www\s2d4op5jtn\meiye\Application\Home\Controller\IndexController.class.php 第 71 行.
NOTIC: [8] Undefined variable: des D:\newsoft\wamp\www\s2d4op5jtn\meiye\Application\Home\Controller\IndexController.class.php 第 76 行.
NOTIC: [8] String offset cast occurred D:\newsoft\wamp\www\s2d4op5jtn\meiye\Application\Home\Controller\IndexController.class.php 第 76 行.
NOTIC: [2] Missing argument 2 for Home\Controller\IndexController::fitld(), called in D:\newsoft\wamp\www\s2d4op5jtn\meiye\Application\Home\Controller\IndexController.class.php on line 29 and defined D:\newsoft\wamp\www\s2d4op5jtn\meiye\Application\Home\Controller\IndexController.class.php 第 71 行.
NOTIC: [8] Undefined variable: des D:\newsoft\wamp\www\s2d4op5jtn\meiye\Application\Home\Controller\IndexController.class.php 第 76 行.
NOTIC: [8] String offset cast occurred D:\newsoft\wamp\www\s2d4op5jtn\meiye\Application\Home\Controller\IndexController.class.php 第 76 行.
NOTIC: [2] Missing argument 2 for Home\Controller\IndexController::fitld(), called in D:\newsoft\wamp\www\s2d4op5jtn\meiye\Application\Home\Controller\IndexController.class.php on line 29 and defined D:\newsoft\wamp\www\s2d4op5jtn\meiye\Application\Home\Controller\IndexController.class.php 第 71 行.
NOTIC: [8] Undefined variable: des D:\newsoft\wamp\www\s2d4op5jtn\meiye\Application\Home\Controller\IndexController.class.php 第 76 行.
NOTIC: [8] String offset cast occurred D:\newsoft\wamp\www\s2d4op5jtn\meiye\Application\Home\Controller\IndexController.class.php 第 76 行.
NOTIC: [2] Missing argument 2 for Home\Controller\IndexController::fitld(), called in D:\newsoft\wamp\www\s2d4op5jtn\meiye\Application\Home\Controller\IndexController.class.php on line 29 and defined D:\newsoft\wamp\www\s2d4op5jtn\meiye\Application\Home\Controller\IndexController.class.php 第 71 行.
NOTIC: [2] Missing argument 2 for Home\Controller\IndexController::fitld(), called in D:\newsoft\wamp\www\s2d4op5jtn\meiye\Application\Home\Controller\IndexController.class.php on line 29 and defined D:\newsoft\wamp\www\s2d4op5jtn\meiye\Application\Home\Controller\IndexController.class.php 第 71 行.
NOTIC: [2] Missing argument 2 for Home\Controller\IndexController::fitld(), called in D:\newsoft\wamp\www\s2d4op5jtn\meiye\Application\Home\Controller\IndexController.class.php on line 29 and defined D:\newsoft\wamp\www\s2d4op5jtn\meiye\Application\Home\Controller\IndexController.class.php 第 71 行.
NOTIC: [2] Missing argument 2 for Home\Controller\IndexController::fitld(), called in D:\newsoft\wamp\www\s2d4op5jtn\meiye\Application\Home\Controller\IndexController.class.php on line 29 and defined D:\newsoft\wamp\www\s2d4op5jtn\meiye\Application\Home\Controller\IndexController.class.php 第 71 行.
NOTIC: [2] Missing argument 2 for Home\Controller\IndexController::fitld(), called in D:\newsoft\wamp\www\s2d4op5jtn\meiye\Application\Home\Controller\IndexController.class.php on line 29 and defined D:\newsoft\wamp\www\s2d4op5jtn\meiye\Application\Home\Controller\IndexController.class.php 第 71 行.
NOTIC: [8] Undefined variable: des D:\newsoft\wamp\www\s2d4op5jtn\meiye\Application\Home\Controller\IndexController.class.php 第 76 行.
NOTIC: [8] String offset cast occurred D:\newsoft\wamp\www\s2d4op5jtn\meiye\Application\Home\Controller\IndexController.class.php 第 76 行.
NOTIC: [2] Missing argument 2 for Home\Controller\IndexController::fitld(), called in D:\newsoft\wamp\www\s2d4op5jtn\meiye\Application\Home\Controller\IndexController.class.php on line 29 and defined D:\newsoft\wamp\www\s2d4op5jtn\meiye\Application\Home\Controller\IndexController.class.php 第 71 行.
NOTIC: [8] Undefined variable: des D:\newsoft\wamp\www\s2d4op5jtn\meiye\Application\Home\Controller\IndexController.class.php 第 76 行.
NOTIC: [8] String offset cast occurred D:\newsoft\wamp\www\s2d4op5jtn\meiye\Application\Home\Controller\IndexController.class.php 第 76 行.
NOTIC: [2] Missing argument 2 for Home\Controller\IndexController::fitld(), called in D:\newsoft\wamp\www\s2d4op5jtn\meiye\Application\Home\Controller\IndexController.class.php on line 29 and defined D:\newsoft\wamp\www\s2d4op5jtn\meiye\Application\Home\Controller\IndexController.class.php 第 71 行.
NOTIC: [8] Undefined variable: des D:\newsoft\wamp\www\s2d4op5jtn\meiye\Application\Home\Controller\IndexController.class.php 第 76 行.
NOTIC: [8] String offset cast occurred D:\newsoft\wamp\www\s2d4op5jtn\meiye\Application\Home\Controller\IndexController.class.php 第 76 行.
NOTIC: [2] Missing argument 2 for Home\Controller\IndexController::fitld(), called in D:\newsoft\wamp\www\s2d4op5jtn\meiye\Application\Home\Controller\IndexController.class.php on line 29 and defined D:\newsoft\wamp\www\s2d4op5jtn\meiye\Application\Home\Controller\IndexController.class.php 第 71 行.

[ 2017-12-18T00:52:42+08:00 ] 127.0.0.1 /
INFO: [ app_init ] --START--
INFO: Run Behavior\BuildLiteBehavior [ RunTime:0.000036s ]
INFO: [ app_init ] --END-- [ RunTime:0.000611s ]
INFO: [ app_begin ] --START--
INFO: Run Behavior\ReadHtmlCacheBehavior [ RunTime:0.000582s ]
INFO: [ app_begin ] --END-- [ RunTime:0.000745s ]
NOTIC: [2] Invalid argument supplied for foreach() D:\newsoft\wamp\www\s2d4op5jtn\meiye\Application\Common\Controller\BaseController.class.php 第 28 行.
NOTIC: [2] Missing argument 2 for Home\Controller\IndexController::fitld(), called in D:\newsoft\wamp\www\s2d4op5jtn\meiye\Application\Home\Controller\IndexController.class.php on line 29 and defined D:\newsoft\wamp\www\s2d4op5jtn\meiye\Application\Home\Controller\IndexController.class.php 第 71 行.
NOTIC: [2] Missing argument 2 for Home\Controller\IndexController::fitld(), called in D:\newsoft\wamp\www\s2d4op5jtn\meiye\Application\Home\Controller\IndexController.class.php on line 29 and defined D:\newsoft\wamp\www\s2d4op5jtn\meiye\Application\Home\Controller\IndexController.class.php 第 71 行.
NOTIC: [8] Undefined variable: des D:\newsoft\wamp\www\s2d4op5jtn\meiye\Application\Home\Controller\IndexController.class.php 第 76 行.
NOTIC: [8] String offset cast occurred D:\newsoft\wamp\www\s2d4op5jtn\meiye\Application\Home\Controller\IndexController.class.php 第 76 行.
NOTIC: [2] Missing argument 2 for Home\Controller\IndexController::fitld(), called in D:\newsoft\wamp\www\s2d4op5jtn\meiye\Application\Home\Controller\IndexController.class.php on line 29 and defined D:\newsoft\wamp\www\s2d4op5jtn\meiye\Application\Home\Controller\IndexController.class.php 第 71 行.
NOTIC: [8] Undefined variable: des D:\newsoft\wamp\www\s2d4op5jtn\meiye\Application\Home\Controller\IndexController.class.php 第 76 行.
NOTIC: [8] String offset cast occurred D:\newsoft\wamp\www\s2d4op5jtn\meiye\Application\Home\Controller\IndexController.class.php 第 76 行.
NOTIC: [2] Missing argument 2 for Home\Controller\IndexController::fitld(), called in D:\newsoft\wamp\www\s2d4op5jtn\meiye\Application\Home\Controller\IndexController.class.php on line 29 and defined D:\newsoft\wamp\www\s2d4op5jtn\meiye\Application\Home\Controller\IndexController.class.php 第 71 行.
NOTIC: [8] Undefined variable: des D:\newsoft\wamp\www\s2d4op5jtn\meiye\Application\Home\Controller\IndexController.class.php 第 76 行.
NOTIC: [8] String offset cast occurred D:\newsoft\wamp\www\s2d4op5jtn\meiye\Application\Home\Controller\IndexController.class.php 第 76 行.
NOTIC: [2] Missing argument 2 for Home\Controller\IndexController::fitld(), called in D:\newsoft\wamp\www\s2d4op5jtn\meiye\Application\Home\Controller\IndexController.class.php on line 29 and defined D:\newsoft\wamp\www\s2d4op5jtn\meiye\Application\Home\Controller\IndexController.class.php 第 71 行.
NOTIC: [2] Missing argument 2 for Home\Controller\IndexController::fitld(), called in D:\newsoft\wamp\www\s2d4op5jtn\meiye\Application\Home\Controller\IndexController.class.php on line 29 and defined D:\newsoft\wamp\www\s2d4op5jtn\meiye\Application\Home\Controller\IndexController.class.php 第 71 行.
NOTIC: [2] Missing argument 2 for Home\Controller\IndexController::fitld(), called in D:\newsoft\wamp\www\s2d4op5jtn\meiye\Application\Home\Controller\IndexController.class.php on line 29 and defined D:\newsoft\wamp\www\s2d4op5jtn\meiye\Application\Home\Controller\IndexController.class.php 第 71 行.
NOTIC: [2] Missing argument 2 for Home\Controller\IndexController::fitld(), called in D:\newsoft\wamp\www\s2d4op5jtn\meiye\Application\Home\Controller\IndexController.class.php on line 29 and defined D:\newsoft\wamp\www\s2d4op5jtn\meiye\Application\Home\Controller\IndexController.class.php 第 71 行.
NOTIC: [2] Missing argument 2 for Home\Controller\IndexController::fitld(), called in D:\newsoft\wamp\www\s2d4op5jtn\meiye\Application\Home\Controller\IndexController.class.php on line 29 and defined D:\newsoft\wamp\www\s2d4op5jtn\meiye\Application\Home\Controller\IndexController.class.php 第 71 行.
NOTIC: [8] Undefined variable: des D:\newsoft\wamp\www\s2d4op5jtn\meiye\Application\Home\Controller\IndexController.class.php 第 76 行.
NOTIC: [8] String offset cast occurred D:\newsoft\wamp\www\s2d4op5jtn\meiye\Application\Home\Controller\IndexController.class.php 第 76 行.
NOTIC: [2] Missing argument 2 for Home\Controller\IndexController::fitld(), called in D:\newsoft\wamp\www\s2d4op5jtn\meiye\Application\Home\Controller\IndexController.class.php on line 29 and defined D:\newsoft\wamp\www\s2d4op5jtn\meiye\Application\Home\Controller\IndexController.class.php 第 71 行.
NOTIC: [8] Undefined variable: des D:\newsoft\wamp\www\s2d4op5jtn\meiye\Application\Home\Controller\IndexController.class.php 第 76 行.
NOTIC: [8] String offset cast occurred D:\newsoft\wamp\www\s2d4op5jtn\meiye\Application\Home\Controller\IndexController.class.php 第 76 行.
NOTIC: [2] Missing argument 2 for Home\Controller\IndexController::fitld(), called in D:\newsoft\wamp\www\s2d4op5jtn\meiye\Application\Home\Controller\IndexController.class.php on line 29 and defined D:\newsoft\wamp\www\s2d4op5jtn\meiye\Application\Home\Controller\IndexController.class.php 第 71 行.
NOTIC: [8] Undefined variable: des D:\newsoft\wamp\www\s2d4op5jtn\meiye\Application\Home\Controller\IndexController.class.php 第 76 行.
NOTIC: [8] String offset cast occurred D:\newsoft\wamp\www\s2d4op5jtn\meiye\Application\Home\Controller\IndexController.class.php 第 76 行.
NOTIC: [2] Missing argument 2 for Home\Controller\IndexController::fitld(), called in D:\newsoft\wamp\www\s2d4op5jtn\meiye\Application\Home\Controller\IndexController.class.php on line 29 and defined D:\newsoft\wamp\www\s2d4op5jtn\meiye\Application\Home\Controller\IndexController.class.php 第 71 行.

[ 2017-12-18T00:53:24+08:00 ] 127.0.0.1 /
INFO: [ app_init ] --START--
INFO: Run Behavior\BuildLiteBehavior [ RunTime:0.000047s ]
INFO: [ app_init ] --END-- [ RunTime:0.001030s ]
INFO: [ app_begin ] --START--
INFO: Run Behavior\ReadHtmlCacheBehavior [ RunTime:0.001101s ]
INFO: [ app_begin ] --END-- [ RunTime:0.001311s ]
NOTIC: [2] Invalid argument supplied for foreach() D:\newsoft\wamp\www\s2d4op5jtn\meiye\Application\Common\Controller\BaseController.class.php 第 28 行.

[ 2017-12-18T00:53:39+08:00 ] 127.0.0.1 /
INFO: [ app_init ] --START--
INFO: Run Behavior\BuildLiteBehavior [ RunTime:0.000038s ]
INFO: [ app_init ] --END-- [ RunTime:0.000727s ]
INFO: [ app_begin ] --START--
INFO: Run Behavior\ReadHtmlCacheBehavior [ RunTime:0.000602s ]
INFO: [ app_begin ] --END-- [ RunTime:0.000762s ]
NOTIC: [2] Invalid argument supplied for foreach() D:\newsoft\wamp\www\s2d4op5jtn\meiye\Application\Common\Controller\BaseController.class.php 第 28 行.

[ 2017-12-18T00:55:30+08:00 ] 127.0.0.1 /
INFO: [ app_init ] --START--
INFO: Run Behavior\BuildLiteBehavior [ RunTime:0.000035s ]
INFO: [ app_init ] --END-- [ RunTime:0.000678s ]
INFO: [ app_begin ] --START--
INFO: Run Behavior\ReadHtmlCacheBehavior [ RunTime:0.000739s ]
INFO: [ app_begin ] --END-- [ RunTime:0.000902s ]
NOTIC: [2] Invalid argument supplied for foreach() D:\newsoft\wamp\www\s2d4op5jtn\meiye\Application\Common\Controller\BaseController.class.php 第 28 行.
INFO: [ view_parse ] --START--
INFO: [ template_filter ] --START--
INFO: Run Behavior\ContentReplaceBehavior [ RunTime:0.000154s ]
INFO: [ template_filter ] --END-- [ RunTime:0.000341s ]
INFO: Run Behavior\ParseTemplateBehavior [ RunTime:0.028123s ]
INFO: [ view_parse ] --END-- [ RunTime:0.028331s ]
INFO: [ view_filter ] --START--
INFO: Run Behavior\WriteHtmlCacheBehavior [ RunTime:0.000721s ]
INFO: Run Behavior\TokenBuildBehavior [ RunTime:0.000614s ]
INFO: [ view_filter ] --END-- [ RunTime:0.001571s ]
INFO: [ app_end ] --START--
INFO: Run Behavior\ShowPageTraceBehavior [ RunTime:0.000830s ]
INFO: [ app_end ] --END-- [ RunTime:0.000996s ]

[ 2017-12-18T01:01:21+08:00 ] 127.0.0.1 /
INFO: [ app_init ] --START--
INFO: Run Behavior\BuildLiteBehavior [ RunTime:0.000041s ]
INFO: [ app_init ] --END-- [ RunTime:0.000829s ]
INFO: [ app_begin ] --START--
INFO: Run Behavior\ReadHtmlCacheBehavior [ RunTime:0.000932s ]
INFO: [ app_begin ] --END-- [ RunTime:0.001179s ]
NOTIC: [2] Invalid argument supplied for foreach() D:\newsoft\wamp\www\s2d4op5jtn\meiye\Application\Common\Controller\BaseController.class.php 第 28 行.
INFO: [ view_parse ] --START--
INFO: [ template_filter ] --START--
INFO: Run Behavior\ContentReplaceBehavior [ RunTime:0.000142s ]
INFO: [ template_filter ] --END-- [ RunTime:0.000317s ]
INFO: Run Behavior\ParseTemplateBehavior [ RunTime:0.026405s ]
INFO: [ view_parse ] --END-- [ RunTime:0.026590s ]
INFO: [ view_filter ] --START--
INFO: Run Behavior\WriteHtmlCacheBehavior [ RunTime:0.000656s ]
INFO: Run Behavior\TokenBuildBehavior [ RunTime:0.000620s ]
INFO: [ view_filter ] --END-- [ RunTime:0.001642s ]
INFO: [ app_end ] --START--
INFO: Run Behavior\ShowPageTraceBehavior [ RunTime:0.000952s ]
INFO: [ app_end ] --END-- [ RunTime:0.001132s ]

[ 2017-12-18T01:01:23+08:00 ] 127.0.0.1 /
INFO: [ app_init ] --START--
INFO: Run Behavior\BuildLiteBehavior [ RunTime:0.000037s ]
INFO: [ app_init ] --END-- [ RunTime:0.000630s ]
INFO: [ app_begin ] --START--
INFO: Run Behavior\ReadHtmlCacheBehavior [ RunTime:0.000844s ]
INFO: [ app_begin ] --END-- [ RunTime:0.001031s ]
NOTIC: [2] Invalid argument supplied for foreach() D:\newsoft\wamp\www\s2d4op5jtn\meiye\Application\Common\Controller\BaseController.class.php 第 28 行.
INFO: [ view_parse ] --START--
INFO: [ template_filter ] --START--
INFO: Run Behavior\ContentReplaceBehavior [ RunTime:0.000167s ]
INFO: [ template_filter ] --END-- [ RunTime:0.000352s ]
INFO: Run Behavior\ParseTemplateBehavior [ RunTime:0.028016s ]
INFO: [ view_parse ] --END-- [ RunTime:0.028280s ]
INFO: [ view_filter ] --START--
INFO: Run Behavior\WriteHtmlCacheBehavior [ RunTime:0.002838s ]
INFO: Run Behavior\TokenBuildBehavior [ RunTime:0.000823s ]
INFO: [ view_filter ] --END-- [ RunTime:0.004404s ]
INFO: [ app_end ] --START--
INFO: Run Behavior\ShowPageTraceBehavior [ RunTime:0.000687s ]
INFO: [ app_end ] --END-- [ RunTime:0.000853s ]

[ 2017-12-18T01:01:51+08:00 ] 127.0.0.1 /
INFO: [ app_init ] --START--
INFO: Run Behavior\BuildLiteBehavior [ RunTime:0.000040s ]
INFO: [ app_init ] --END-- [ RunTime:0.000733s ]
INFO: [ app_begin ] --START--
INFO: Run Behavior\ReadHtmlCacheBehavior [ RunTime:0.001127s ]
INFO: [ app_begin ] --END-- [ RunTime:0.001332s ]
NOTIC: [2] Invalid argument supplied for foreach() D:\newsoft\wamp\www\s2d4op5jtn\meiye\Application\Common\Controller\BaseController.class.php 第 28 行.
INFO: [ view_parse ] --START--
INFO: [ template_filter ] --START--
INFO: Run Behavior\ContentReplaceBehavior [ RunTime:0.000152s ]
INFO: [ template_filter ] --END-- [ RunTime:0.000337s ]
INFO: Run Behavior\ParseTemplateBehavior [ RunTime:0.027121s ]
INFO: [ view_parse ] --END-- [ RunTime:0.027313s ]
INFO: [ view_filter ] --START--
INFO: Run Behavior\WriteHtmlCacheBehavior [ RunTime:0.000806s ]
INFO: Run Behavior\TokenBuildBehavior [ RunTime:0.000542s ]
INFO: [ view_filter ] --END-- [ RunTime:0.001586s ]
INFO: [ app_end ] --START--
INFO: Run Behavior\ShowPageTraceBehavior [ RunTime:0.001120s ]
INFO: [ app_end ] --END-- [ RunTime:0.001336s ]

[ 2017-12-18T01:02:57+08:00 ] 127.0.0.1 /
INFO: [ app_init ] --START--
INFO: Run Behavior\BuildLiteBehavior [ RunTime:0.000040s ]
INFO: [ app_init ] --END-- [ RunTime:0.000830s ]
INFO: [ app_begin ] --START--
INFO: Run Behavior\ReadHtmlCacheBehavior [ RunTime:0.001092s ]
INFO: [ app_begin ] --END-- [ RunTime:0.001307s ]
NOTIC: [2] Invalid argument supplied for foreach() D:\newsoft\wamp\www\s2d4op5jtn\meiye\Application\Common\Controller\BaseController.class.php 第 28 行.
INFO: [ view_parse ] --START--
INFO: [ template_filter ] --START--
INFO: Run Behavior\ContentReplaceBehavior [ RunTime:0.000146s ]
INFO: [ template_filter ] --END-- [ RunTime:0.000319s ]
INFO: Run Behavior\ParseTemplateBehavior [ RunTime:0.027796s ]
INFO: [ view_parse ] --END-- [ RunTime:0.027989s ]
INFO: [ view_filter ] --START--
INFO: Run Behavior\WriteHtmlCacheBehavior [ RunTime:0.000674s ]
INFO: Run Behavior\TokenBuildBehavior [ RunTime:0.000469s ]
INFO: [ view_filter ] --END-- [ RunTime:0.001399s ]
INFO: [ app_end ] --START--
INFO: Run Behavior\ShowPageTraceBehavior [ RunTime:0.000710s ]
INFO: [ app_end ] --END-- [ RunTime:0.000875s ]

[ 2017-12-18T01:05:06+08:00 ] 127.0.0.1 /
INFO: [ app_init ] --START--
INFO: Run Behavior\BuildLiteBehavior [ RunTime:0.000035s ]
INFO: [ app_init ] --END-- [ RunTime:0.000640s ]
INFO: [ app_begin ] --START--
INFO: Run Behavior\ReadHtmlCacheBehavior [ RunTime:0.000762s ]
INFO: [ app_begin ] --END-- [ RunTime:0.000934s ]
NOTIC: [2] Invalid argument supplied for foreach() D:\newsoft\wamp\www\s2d4op5jtn\meiye\Application\Common\Controller\BaseController.class.php 第 28 行.
INFO: [ view_parse ] --START--
INFO: [ template_filter ] --START--
INFO: Run Behavior\ContentReplaceBehavior [ RunTime:0.000147s ]
INFO: [ template_filter ] --END-- [ RunTime:0.000320s ]
INFO: Run Behavior\ParseTemplateBehavior [ RunTime:0.026718s ]
INFO: [ view_parse ] --END-- [ RunTime:0.026897s ]
INFO: [ view_filter ] --START--
INFO: Run Behavior\WriteHtmlCacheBehavior [ RunTime:0.000695s ]
INFO: Run Behavior\TokenBuildBehavior [ RunTime:0.001235s ]
INFO: [ view_filter ] --END-- [ RunTime:0.002326s ]
INFO: [ app_end ] --START--
INFO: Run Behavior\ShowPageTraceBehavior [ RunTime:0.000919s ]
INFO: [ app_end ] --END-- [ RunTime:0.001094s ]

[ 2017-12-18T01:07:08+08:00 ] 127.0.0.1 /
INFO: [ app_init ] --START--
INFO: Run Behavior\BuildLiteBehavior [ RunTime:0.000044s ]
INFO: [ app_init ] --END-- [ RunTime:0.001112s ]
INFO: [ app_begin ] --START--
INFO: Run Behavior\ReadHtmlCacheBehavior [ RunTime:0.000955s ]
INFO: [ app_begin ] --END-- [ RunTime:0.001171s ]
NOTIC: [2] Invalid argument supplied for foreach() D:\newsoft\wamp\www\s2d4op5jtn\meiye\Application\Common\Controller\BaseController.class.php 第 28 行.
INFO: [ view_parse ] --START--
INFO: [ template_filter ] --START--
INFO: Run Behavior\ContentReplaceBehavior [ RunTime:0.000162s ]
INFO: [ template_filter ] --END-- [ RunTime:0.000342s ]
INFO: Run Behavior\ParseTemplateBehavior [ RunTime:0.028097s ]
INFO: [ view_parse ] --END-- [ RunTime:0.028289s ]
INFO: [ view_filter ] --START--
INFO: Run Behavior\WriteHtmlCacheBehavior [ RunTime:0.001124s ]
INFO: Run Behavior\TokenBuildBehavior [ RunTime:0.001117s ]
INFO: [ view_filter ] --END-- [ RunTime:0.002539s ]
INFO: [ app_end ] --START--
INFO: Run Behavior\ShowPageTraceBehavior [ RunTime:0.000918s ]
INFO: [ app_end ] --END-- [ RunTime:0.001092s ]

[ 2017-12-18T01:07:31+08:00 ] 127.0.0.1 /
INFO: [ app_init ] --START--
INFO: Run Behavior\BuildLiteBehavior [ RunTime:0.000036s ]
INFO: [ app_init ] --END-- [ RunTime:0.000647s ]
INFO: [ app_begin ] --START--
INFO: Run Behavior\ReadHtmlCacheBehavior [ RunTime:0.000586s ]
INFO: [ app_begin ] --END-- [ RunTime:0.000747s ]
NOTIC: [2] Invalid argument supplied for foreach() D:\newsoft\wamp\www\s2d4op5jtn\meiye\Application\Common\Controller\BaseController.class.php 第 28 行.
INFO: [ view_parse ] --START--
INFO: [ template_filter ] --START--
INFO: Run Behavior\ContentReplaceBehavior [ RunTime:0.000149s ]
INFO: [ template_filter ] --END-- [ RunTime:0.000322s ]
INFO: Run Behavior\ParseTemplateBehavior [ RunTime:0.026263s ]
INFO: [ view_parse ] --END-- [ RunTime:0.026445s ]
INFO: [ view_filter ] --START--
INFO: Run Behavior\WriteHtmlCacheBehavior [ RunTime:0.000796s ]
INFO: Run Behavior\TokenBuildBehavior [ RunTime:0.000619s ]
INFO: [ view_filter ] --END-- [ RunTime:0.001653s ]
INFO: [ app_end ] --START--
INFO: Run Behavior\ShowPageTraceBehavior [ RunTime:0.000663s ]
INFO: [ app_end ] --END-- [ RunTime:0.000830s ]

[ 2017-12-18T01:07:37+08:00 ] 127.0.0.1 /
INFO: [ app_init ] --START--
INFO: Run Behavior\BuildLiteBehavior [ RunTime:0.000035s ]
INFO: [ app_init ] --END-- [ RunTime:0.000592s ]
INFO: [ app_begin ] --START--
INFO: Run Behavior\ReadHtmlCacheBehavior [ RunTime:0.000635s ]
INFO: [ app_begin ] --END-- [ RunTime:0.000795s ]
NOTIC: [2] Invalid argument supplied for foreach() D:\newsoft\wamp\www\s2d4op5jtn\meiye\Application\Common\Controller\BaseController.class.php 第 28 行.
INFO: [ view_parse ] --START--
INFO: [ template_filter ] --START--
INFO: Run Behavior\ContentReplaceBehavior [ RunTime:0.000143s ]
INFO: [ template_filter ] --END-- [ RunTime:0.000323s ]
INFO: Run Behavior\ParseTemplateBehavior [ RunTime:0.027708s ]
INFO: [ view_parse ] --END-- [ RunTime:0.027903s ]
INFO: [ view_filter ] --START--
INFO: Run Behavior\WriteHtmlCacheBehavior [ RunTime:0.000971s ]
INFO: Run Behavior\TokenBuildBehavior [ RunTime:0.001061s ]
INFO: [ view_filter ] --END-- [ RunTime:0.002412s ]
INFO: [ app_end ] --START--
INFO: Run Behavior\ShowPageTraceBehavior [ RunTime:0.000749s ]
INFO: [ app_end ] --END-- [ RunTime:0.000916s ]

[ 2017-12-18T01:08:37+08:00 ] 127.0.0.1 /index.php/Home/menu/menu/id/1.html
INFO: [ app_init ] --START--
INFO: Run Behavior\BuildLiteBehavior [ RunTime:0.000062s ]
INFO: [ app_init ] --END-- [ RunTime:0.000791s ]
INFO: [ app_begin ] --START--
INFO: Run Behavior\ReadHtmlCacheBehavior [ RunTime:0.001069s ]
INFO: [ app_begin ] --END-- [ RunTime:0.001286s ]

[ 2017-12-18T01:08:38+08:00 ] 127.0.0.1 /index.php/Home/Info/index/id/1.html
INFO: [ app_init ] --START--
INFO: Run Behavior\BuildLiteBehavior [ RunTime:0.000035s ]
INFO: [ app_init ] --END-- [ RunTime:0.000590s ]
INFO: [ app_begin ] --START--
INFO: Run Behavior\ReadHtmlCacheBehavior [ RunTime:0.000857s ]
INFO: [ app_begin ] --END-- [ RunTime:0.001075s ]
NOTIC: [2] Invalid argument supplied for foreach() D:\newsoft\wamp\www\s2d4op5jtn\meiye\Application\Common\Controller\BaseController.class.php 第 28 行.
INFO: [ view_parse ] --START--
INFO: [ template_filter ] --START--
INFO: Run Behavior\ContentReplaceBehavior [ RunTime:0.000114s ]
INFO: [ template_filter ] --END-- [ RunTime:0.000286s ]
INFO: Run Behavior\ParseTemplateBehavior [ RunTime:0.022618s ]
INFO: [ view_parse ] --END-- [ RunTime:0.022795s ]
INFO: [ view_filter ] --START--
INFO: Run Behavior\WriteHtmlCacheBehavior [ RunTime:0.000890s ]
INFO: Run Behavior\TokenBuildBehavior [ RunTime:0.000653s ]
INFO: [ view_filter ] --END-- [ RunTime:0.001859s ]
INFO: [ app_end ] --START--
INFO: Run Behavior\ShowPageTraceBehavior [ RunTime:0.000648s ]
INFO: [ app_end ] --END-- [ RunTime:0.000806s ]

[ 2017-12-18T01:08:40+08:00 ] 127.0.0.1 /index.php/Home/menu/menu/id/4.html
INFO: [ app_init ] --START--
INFO: Run Behavior\BuildLiteBehavior [ RunTime:0.000034s ]
INFO: [ app_init ] --END-- [ RunTime:0.000597s ]
INFO: [ app_begin ] --START--
INFO: Run Behavior\ReadHtmlCacheBehavior [ RunTime:0.000646s ]
INFO: [ app_begin ] --END-- [ RunTime:0.000810s ]

[ 2017-12-18T01:08:41+08:00 ] 127.0.0.1 /index.php/Home/Info/index/id/4.html
INFO: [ app_init ] --START--
INFO: Run Behavior\BuildLiteBehavior [ RunTime:0.000039s ]
INFO: [ app_init ] --END-- [ RunTime:0.000858s ]
INFO: [ app_begin ] --START--
INFO: Run Behavior\ReadHtmlCacheBehavior [ RunTime:0.000632s ]
INFO: [ app_begin ] --END-- [ RunTime:0.000797s ]
NOTIC: [2] Invalid argument supplied for foreach() D:\newsoft\wamp\www\s2d4op5jtn\meiye\Application\Common\Controller\BaseController.class.php 第 28 行.
INFO: [ view_parse ] --START--
INFO: [ template_filter ] --START--
INFO: Run Behavior\ContentReplaceBehavior [ RunTime:0.000226s ]
INFO: [ template_filter ] --END-- [ RunTime:0.000432s ]
INFO: Run Behavior\ParseTemplateBehavior [ RunTime:0.023662s ]
INFO: [ view_parse ] --END-- [ RunTime:0.023845s ]
INFO: [ view_filter ] --START--
INFO: Run Behavior\WriteHtmlCacheBehavior [ RunTime:0.000600s ]
INFO: Run Behavior\TokenBuildBehavior [ RunTime:0.000612s ]
INFO: [ view_filter ] --END-- [ RunTime:0.001452s ]
INFO: [ app_end ] --START--
INFO: Run Behavior\ShowPageTraceBehavior [ RunTime:0.000579s ]
INFO: [ app_end ] --END-- [ RunTime:0.000736s ]

[ 2017-12-18T01:10:41+08:00 ] 127.0.0.1 /
INFO: [ app_init ] --START--
INFO: Run Behavior\BuildLiteBehavior [ RunTime:0.000037s ]
INFO: [ app_init ] --END-- [ RunTime:0.000662s ]
INFO: [ app_begin ] --START--
INFO: Run Behavior\ReadHtmlCacheBehavior [ RunTime:0.001313s ]
INFO: [ app_begin ] --END-- [ RunTime:0.001535s ]
NOTIC: [2] Invalid argument supplied for foreach() D:\newsoft\wamp\www\s2d4op5jtn\meiye\Application\Common\Controller\BaseController.class.php 第 28 行.
INFO: [ view_parse ] --START--
INFO: [ template_filter ] --START--
INFO: Run Behavior\ContentReplaceBehavior [ RunTime:0.000159s ]
INFO: [ template_filter ] --END-- [ RunTime:0.000333s ]
INFO: Run Behavior\ParseTemplateBehavior [ RunTime:0.029966s ]
INFO: [ view_parse ] --END-- [ RunTime:0.030161s ]
INFO: [ view_filter ] --START--
INFO: Run Behavior\WriteHtmlCacheBehavior [ RunTime:0.000792s ]
INFO: Run Behavior\TokenBuildBehavior [ RunTime:0.000654s ]
INFO: [ view_filter ] --END-- [ RunTime:0.001704s ]
INFO: [ app_end ] --START--
INFO: Run Behavior\ShowPageTraceBehavior [ RunTime:0.000815s ]
INFO: [ app_end ] --END-- [ RunTime:0.000985s ]

[ 2017-12-18T01:10:42+08:00 ] 127.0.0.1 /
INFO: [ app_init ] --START--
INFO: Run Behavior\BuildLiteBehavior [ RunTime:0.000037s ]
INFO: [ app_init ] --END-- [ RunTime:0.000756s ]
INFO: [ app_begin ] --START--
INFO: Run Behavior\ReadHtmlCacheBehavior [ RunTime:0.000585s ]
INFO: [ app_begin ] --END-- [ RunTime:0.000747s ]
NOTIC: [2] Invalid argument supplied for foreach() D:\newsoft\wamp\www\s2d4op5jtn\meiye\Application\Common\Controller\BaseController.class.php 第 28 行.
INFO: [ view_parse ] --START--
INFO: [ template_filter ] --START--
INFO: Run Behavior\ContentReplaceBehavior [ RunTime:0.000154s ]
INFO: [ template_filter ] --END-- [ RunTime:0.000328s ]
INFO: Run Behavior\ParseTemplateBehavior [ RunTime:0.029106s ]
INFO: [ view_parse ] --END-- [ RunTime:0.029290s ]
INFO: [ view_filter ] --START--
INFO: Run Behavior\WriteHtmlCacheBehavior [ RunTime:0.000937s ]
INFO: Run Behavior\TokenBuildBehavior [ RunTime:0.000740s ]
INFO: [ view_filter ] --END-- [ RunTime:0.001917s ]
INFO: [ app_end ] --START--
INFO: Run Behavior\ShowPageTraceBehavior [ RunTime:0.000818s ]
INFO: [ app_end ] --END-- [ RunTime:0.000994s ]

[ 2017-12-18T01:10:44+08:00 ] 127.0.0.1 /
INFO: [ app_init ] --START--
INFO: Run Behavior\BuildLiteBehavior [ RunTime:0.000035s ]
INFO: [ app_init ] --END-- [ RunTime:0.000601s ]
INFO: [ app_begin ] --START--
INFO: Run Behavior\ReadHtmlCacheBehavior [ RunTime:0.000595s ]
INFO: [ app_begin ] --END-- [ RunTime:0.000758s ]
NOTIC: [2] Invalid argument supplied for foreach() D:\newsoft\wamp\www\s2d4op5jtn\meiye\Application\Common\Controller\BaseController.class.php 第 28 行.
INFO: [ view_parse ] --START--
INFO: [ template_filter ] --START--
INFO: Run Behavior\ContentReplaceBehavior [ RunTime:0.000186s ]
INFO: [ template_filter ] --END-- [ RunTime:0.000415s ]
INFO: Run Behavior\ParseTemplateBehavior [ RunTime:0.032379s ]
INFO: [ view_parse ] --END-- [ RunTime:0.032590s ]
INFO: [ view_filter ] --START--
INFO: Run Behavior\WriteHtmlCacheBehavior [ RunTime:0.001239s ]
INFO: Run Behavior\TokenBuildBehavior [ RunTime:0.001640s ]
INFO: [ view_filter ] --END-- [ RunTime:0.003262s ]
INFO: [ app_end ] --START--
INFO: Run Behavior\ShowPageTraceBehavior [ RunTime:0.000937s ]
INFO: [ app_end ] --END-- [ RunTime:0.001149s ]

[ 2017-12-18T01:10:50+08:00 ] 127.0.0.1 /
INFO: [ app_init ] --START--
INFO: Run Behavior\BuildLiteBehavior [ RunTime:0.000037s ]
INFO: [ app_init ] --END-- [ RunTime:0.000726s ]
INFO: [ app_begin ] --START--
INFO: Run Behavior\ReadHtmlCacheBehavior [ RunTime:0.001251s ]
INFO: [ app_begin ] --END-- [ RunTime:0.001425s ]
NOTIC: [2] Invalid argument supplied for foreach() D:\newsoft\wamp\www\s2d4op5jtn\meiye\Application\Common\Controller\BaseController.class.php 第 28 行.
INFO: [ view_parse ] --START--
INFO: [ template_filter ] --START--
INFO: Run Behavior\ContentReplaceBehavior [ RunTime:0.000147s ]
INFO: [ template_filter ] --END-- [ RunTime:0.000314s ]
INFO: Run Behavior\ParseTemplateBehavior [ RunTime:0.028885s ]
INFO: [ view_parse ] --END-- [ RunTime:0.029077s ]
INFO: [ view_filter ] --START--
INFO: Run Behavior\WriteHtmlCacheBehavior [ RunTime:0.001347s ]
INFO: Run Behavior\TokenBuildBehavior [ RunTime:0.000956s ]
INFO: [ view_filter ] --END-- [ RunTime:0.002663s ]
INFO: [ app_end ] --START--
INFO: Run Behavior\ShowPageTraceBehavior [ RunTime:0.000795s ]
INFO: [ app_end ] --END-- [ RunTime:0.000962s ]

[ 2017-12-18T01:10:52+08:00 ] 127.0.0.1 /index.php/Home/Info/index/id/4.html
INFO: [ app_init ] --START--
INFO: Run Behavior\BuildLiteBehavior [ RunTime:0.000041s ]
INFO: [ app_init ] --END-- [ RunTime:0.000695s ]
INFO: [ app_begin ] --START--
INFO: Run Behavior\ReadHtmlCacheBehavior [ RunTime:0.000805s ]
INFO: [ app_begin ] --END-- [ RunTime:0.000985s ]
NOTIC: [2] Invalid argument supplied for foreach() D:\newsoft\wamp\www\s2d4op5jtn\meiye\Application\Common\Controller\BaseController.class.php 第 28 行.
INFO: [ view_parse ] --START--
INFO: [ template_filter ] --START--
INFO: Run Behavior\ContentReplaceBehavior [ RunTime:0.000128s ]
INFO: [ template_filter ] --END-- [ RunTime:0.000309s ]
INFO: Run Behavior\ParseTemplateBehavior [ RunTime:0.023339s ]
INFO: [ view_parse ] --END-- [ RunTime:0.023520s ]
INFO: [ view_filter ] --START--
INFO: Run Behavior\WriteHtmlCacheBehavior [ RunTime:0.001047s ]
INFO: Run Behavior\TokenBuildBehavior [ RunTime:0.000922s ]
INFO: [ view_filter ] --END-- [ RunTime:0.002246s ]
INFO: [ app_end ] --START--
INFO: Run Behavior\ShowPageTraceBehavior [ RunTime:0.000765s ]
INFO: [ app_end ] --END-- [ RunTime:0.000933s ]

[ 2017-12-18T01:12:49+08:00 ] 127.0.0.1 /
INFO: [ app_init ] --START--
INFO: Run Behavior\BuildLiteBehavior [ RunTime:0.000036s ]
INFO: [ app_init ] --END-- [ RunTime:0.000683s ]
INFO: [ app_begin ] --START--
INFO: Run Behavior\ReadHtmlCacheBehavior [ RunTime:0.001032s ]
INFO: [ app_begin ] --END-- [ RunTime:0.001234s ]
NOTIC: [2] Invalid argument supplied for foreach() D:\newsoft\wamp\www\s2d4op5jtn\meiye\Application\Common\Controller\BaseController.class.php 第 28 行.
INFO: [ view_parse ] --START--
INFO: [ template_filter ] --START--
INFO: Run Behavior\ContentReplaceBehavior [ RunTime:0.000157s ]
INFO: [ template_filter ] --END-- [ RunTime:0.000327s ]
INFO: Run Behavior\ParseTemplateBehavior [ RunTime:0.034400s ]
INFO: [ view_parse ] --END-- [ RunTime:0.034627s ]
INFO: [ view_filter ] --START--
INFO: Run Behavior\WriteHtmlCacheBehavior [ RunTime:0.001059s ]
INFO: Run Behavior\TokenBuildBehavior [ RunTime:0.000774s ]
INFO: [ view_filter ] --END-- [ RunTime:0.002108s ]
INFO: [ app_end ] --START--
INFO: Run Behavior\ShowPageTraceBehavior [ RunTime:0.000809s ]
INFO: [ app_end ] --END-- [ RunTime:0.000976s ]

[ 2017-12-18T01:12:53+08:00 ] 127.0.0.1 /index.php/Home/Info/index/id/12.html
INFO: [ app_init ] --START--
INFO: Run Behavior\BuildLiteBehavior [ RunTime:0.000054s ]
INFO: [ app_init ] --END-- [ RunTime:0.000891s ]
INFO: [ app_begin ] --START--
INFO: Run Behavior\ReadHtmlCacheBehavior [ RunTime:0.001054s ]
INFO: [ app_begin ] --END-- [ RunTime:0.001263s ]
NOTIC: [2] Invalid argument supplied for foreach() D:\newsoft\wamp\www\s2d4op5jtn\meiye\Application\Common\Controller\BaseController.class.php 第 28 行.
INFO: [ view_parse ] --START--
INFO: [ template_filter ] --START--
INFO: Run Behavior\ContentReplaceBehavior [ RunTime:0.000108s ]
INFO: [ template_filter ] --END-- [ RunTime:0.000275s ]
INFO: Run Behavior\ParseTemplateBehavior [ RunTime:0.023115s ]
INFO: [ view_parse ] --END-- [ RunTime:0.023307s ]
INFO: [ view_filter ] --START--
INFO: Run Behavior\WriteHtmlCacheBehavior [ RunTime:0.000655s ]
INFO: Run Behavior\TokenBuildBehavior [ RunTime:0.000458s ]
INFO: [ view_filter ] --END-- [ RunTime:0.001349s ]
INFO: [ app_end ] --START--
INFO: Run Behavior\ShowPageTraceBehavior [ RunTime:0.000622s ]
INFO: [ app_end ] --END-- [ RunTime:0.000805s ]

[ 2017-12-18T01:12:56+08:00 ] 127.0.0.1 /index.php/Home/Info/index/id/10.html
INFO: [ app_init ] --START--
INFO: Run Behavior\BuildLiteBehavior [ RunTime:0.000046s ]
INFO: [ app_init ] --END-- [ RunTime:0.001030s ]
INFO: [ app_begin ] --START--
INFO: Run Behavior\ReadHtmlCacheBehavior [ RunTime:0.000619s ]
INFO: [ app_begin ] --END-- [ RunTime:0.000785s ]
NOTIC: [2] Invalid argument supplied for foreach() D:\newsoft\wamp\www\s2d4op5jtn\meiye\Application\Common\Controller\BaseController.class.php 第 28 行.
INFO: [ view_parse ] --START--
INFO: [ template_filter ] --START--
INFO: Run Behavior\ContentReplaceBehavior [ RunTime:0.000151s ]
INFO: [ template_filter ] --END-- [ RunTime:0.000381s ]
INFO: Run Behavior\ParseTemplateBehavior [ RunTime:0.023763s ]
INFO: [ view_parse ] --END-- [ RunTime:0.023941s ]
INFO: [ view_filter ] --START--
INFO: Run Behavior\WriteHtmlCacheBehavior [ RunTime:0.000448s ]
INFO: Run Behavior\TokenBuildBehavior [ RunTime:0.000436s ]
INFO: [ view_filter ] --END-- [ RunTime:0.001115s ]
INFO: [ app_end ] --START--
INFO: Run Behavior\ShowPageTraceBehavior [ RunTime:0.000571s ]
INFO: [ app_end ] --END-- [ RunTime:0.000725s ]

[ 2017-12-18T01:12:59+08:00 ] 127.0.0.1 /index.php/Home/Info/index/id/11.html
INFO: [ app_init ] --START--
INFO: Run Behavior\BuildLiteBehavior [ RunTime:0.000036s ]
INFO: [ app_init ] --END-- [ RunTime:0.000615s ]
INFO: [ app_begin ] --START--
INFO: Run Behavior\ReadHtmlCacheBehavior [ RunTime:0.001248s ]
INFO: [ app_begin ] --END-- [ RunTime:0.001500s ]
NOTIC: [2] Invalid argument supplied for foreach() D:\newsoft\wamp\www\s2d4op5jtn\meiye\Application\Common\Controller\BaseController.class.php 第 28 行.
INFO: [ view_parse ] --START--
INFO: [ template_filter ] --START--
INFO: Run Behavior\ContentReplaceBehavior [ RunTime:0.000133s ]
INFO: [ template_filter ] --END-- [ RunTime:0.000334s ]
INFO: Run Behavior\ParseTemplateBehavior [ RunTime:0.024154s ]
INFO: [ view_parse ] --END-- [ RunTime:0.024346s ]
INFO: [ view_filter ] --START--
INFO: Run Behavior\WriteHtmlCacheBehavior [ RunTime:0.000586s ]
INFO: Run Behavior\TokenBuildBehavior [ RunTime:0.000444s ]
INFO: [ view_filter ] --END-- [ RunTime:0.001268s ]
INFO: [ app_end ] --START--
INFO: Run Behavior\ShowPageTraceBehavior [ RunTime:0.000582s ]
INFO: [ app_end ] --END-- [ RunTime:0.000745s ]

[ 2017-12-18T01:13:03+08:00 ] 127.0.0.1 /index.php/Home/Info/index/id/12.html
INFO: [ app_init ] --START--
INFO: Run Behavior\BuildLiteBehavior [ RunTime:0.000034s ]
INFO: [ app_init ] --END-- [ RunTime:0.000620s ]
INFO: [ app_begin ] --START--
INFO: Run Behavior\ReadHtmlCacheBehavior [ RunTime:0.000619s ]
INFO: [ app_begin ] --END-- [ RunTime:0.000782s ]
NOTIC: [2] Invalid argument supplied for foreach() D:\newsoft\wamp\www\s2d4op5jtn\meiye\Application\Common\Controller\BaseController.class.php 第 28 行.
INFO: [ view_parse ] --START--
INFO: [ template_filter ] --START--
INFO: Run Behavior\ContentReplaceBehavior [ RunTime:0.000112s ]
INFO: [ template_filter ] --END-- [ RunTime:0.000284s ]
INFO: Run Behavior\ParseTemplateBehavior [ RunTime:0.024753s ]
INFO: [ view_parse ] --END-- [ RunTime:0.024931s ]
INFO: [ view_filter ] --START--
INFO: Run Behavior\WriteHtmlCacheBehavior [ RunTime:0.000641s ]
INFO: Run Behavior\TokenBuildBehavior [ RunTime:0.000498s ]
INFO: [ view_filter ] --END-- [ RunTime:0.001388s ]
INFO: [ app_end ] --START--
INFO: Run Behavior\ShowPageTraceBehavior [ RunTime:0.000591s ]
INFO: [ app_end ] --END-- [ RunTime:0.000752s ]

[ 2017-12-18T01:13:06+08:00 ] 127.0.0.1 /index.php/Home/Info/index/id/12.html
INFO: [ app_init ] --START--
INFO: Run Behavior\BuildLiteBehavior [ RunTime:0.000035s ]
INFO: [ app_init ] --END-- [ RunTime:0.000629s ]
INFO: [ app_begin ] --START--
INFO: Run Behavior\ReadHtmlCacheBehavior [ RunTime:0.000739s ]
INFO: [ app_begin ] --END-- [ RunTime:0.000904s ]
NOTIC: [2] Invalid argument supplied for foreach() D:\newsoft\wamp\www\s2d4op5jtn\meiye\Application\Common\Controller\BaseController.class.php 第 28 行.
INFO: [ view_parse ] --START--
INFO: [ template_filter ] --START--
INFO: Run Behavior\ContentReplaceBehavior [ RunTime:0.000116s ]
INFO: [ template_filter ] --END-- [ RunTime:0.000288s ]
INFO: Run Behavior\ParseTemplateBehavior [ RunTime:0.023630s ]
INFO: [ view_parse ] --END-- [ RunTime:0.023810s ]
INFO: [ view_filter ] --START--
INFO: Run Behavior\WriteHtmlCacheBehavior [ RunTime:0.000871s ]
INFO: Run Behavior\TokenBuildBehavior [ RunTime:0.000519s ]
INFO: [ view_filter ] --END-- [ RunTime:0.001646s ]
INFO: [ app_end ] --START--
INFO: Run Behavior\ShowPageTraceBehavior [ RunTime:0.000589s ]
INFO: [ app_end ] --END-- [ RunTime:0.000746s ]

